{"D:\\VibrantGoodsShop\\client\\src\\main.tsx": {"path":"D:\\VibrantGoodsShop\\client\\src\\main.tsx","statementMap":{"0":{"start":{"line":1,"column":0},"end":{"line":1,"column":26}},"1":{"start":{"line":2,"column":0},"end":{"line":2,"column":40}},"2":{"start":{"line":3,"column":0},"end":{"line":3,"column":39}},"3":{"start":{"line":4,"column":0},"end":{"line":4,"column":42}},"4":{"start":{"line":5,"column":0},"end":{"line":5,"column":28}},"5":{"start":{"line":6,"column":0},"end":{"line":6,"column":49}},"6":{"start":{"line":7,"column":0},"end":{"line":7,"column":68}},"7":{"start":{"line":9,"column":15},"end":{"line":9,"column":46}},"8":{"start":{"line":10,"column":0},"end":{"line":10,"column":63}},"9":{"start":{"line":10,"column":13},"end":{"line":10,"column":63}},"10":{"start":{"line":11,"column":13},"end":{"line":11,"column":55}},"11":{"start":{"line":13,"column":0},"end":{"line":23,"column":2}}},"fnMap":{},"branchMap":{"0":{"loc":{"start":{"line":10,"column":0},"end":{"line":10,"column":63}},"type":"if","locations":[{"start":{"line":10,"column":0},"end":{"line":10,"column":63}}]}},"s":{"0":0,"1":0,"2":0,"3":0,"4":0,"5":0,"6":0,"7":0,"8":0,"9":0,"10":0,"11":0},"f":{},"b":{"0":[0]}}
,"D:\\VibrantGoodsShop\\client\\src\\app\\App.tsx": {"path":"D:\\VibrantGoodsShop\\client\\src\\app\\App.tsx","statementMap":{"0":{"start":{"line":1,"column":0},"end":{"line":1,"column":52}},"1":{"start":{"line":2,"column":0},"end":{"line":2,"column":50}},"2":{"start":{"line":3,"column":0},"end":{"line":3,"column":66}},"3":{"start":{"line":4,"column":0},"end":{"line":4,"column":52}},"4":{"start":{"line":5,"column":0},"end":{"line":5,"column":51}},"5":{"start":{"line":6,"column":0},"end":{"line":6,"column":28}},"6":{"start":{"line":9,"column":16},"end":{"line":9,"column":59}},"7":{"start":{"line":9,"column":42},"end":{"line":9,"column":58}},"8":{"start":{"line":11,"column":2},"end":{"line":28,"column":4}},"9":{"start":{"line":31,"column":0},"end":{"line":31,"column":19}}},"fnMap":{"0":{"name":"App","decl":{"start":{"line":8,"column":9},"end":{"line":8,"column":12}},"loc":{"start":{"line":8,"column":12},"end":{"line":29,"column":1}}},"1":{"name":"(anonymous_2)","decl":{"start":{"line":9,"column":31},"end":{"line":9,"column":32}},"loc":{"start":{"line":9,"column":42},"end":{"line":9,"column":58}}}},"branchMap":{"0":{"loc":{"start":{"line":21,"column":7},"end":{"line":25,"column":null}},"type":"binary-expr","locations":[{"start":{"line":21,"column":7},"end":{"line":21,"column":12}},{"start":{"line":22,"column":8},"end":{"line":24,"column":null}}]}},"s":{"0":0,"1":0,"2":0,"3":0,"4":0,"5":0,"6":0,"7":0,"8":0,"9":0},"f":{"0":0,"1":0},"b":{"0":[0,0]}}
,"D:\\VibrantGoodsShop\\client\\src\\app\\providers\\store.ts": {"path":"D:\\VibrantGoodsShop\\client\\src\\app\\providers\\store.ts","statementMap":{"0":{"start":{"line":1,"column":0},"end":{"line":1,"column":50}},"1":{"start":{"line":2,"column":0},"end":{"line":2,"column":77}},"2":{"start":{"line":3,"column":0},"end":{"line":3,"column":54}},"3":{"start":{"line":4,"column":0},"end":{"line":4,"column":47}},"4":{"start":{"line":5,"column":0},"end":{"line":5,"column":43}},"5":{"start":{"line":6,"column":0},"end":{"line":6,"column":51}},"6":{"start":{"line":7,"column":0},"end":{"line":7,"column":49}},"7":{"start":{"line":8,"column":0},"end":{"line":8,"column":55}},"8":{"start":{"line":9,"column":0},"end":{"line":9,"column":53}},"9":{"start":{"line":10,"column":0},"end":{"line":10,"column":55}},"10":{"start":{"line":11,"column":0},"end":{"line":11,"column":52}},"11":{"start":{"line":12,"column":0},"end":{"line":12,"column":49}},"12":{"start":{"line":20,"column":30},"end":{"line":20,"column":62}},"13":{"start":{"line":20,"column":36},"end":{"line":20,"column":62}},"14":{"start":{"line":20,"column":13},"end":{"line":20,"column":30}},"15":{"start":{"line":21,"column":13},"end":{"line":21,"column":75}},"16":{"start":{"line":23,"column":14},"end":{"line":50,"column":2}},"17":{"start":{"line":37,"column":4},"end":{"line":48,"column":null}},"18":{"start":{"line":52,"column":0},"end":{"line":52,"column":21}}},"fnMap":{"0":{"name":"(anonymous_1)","decl":{"start":{"line":20,"column":30},"end":{"line":20,"column":33}},"loc":{"start":{"line":20,"column":36},"end":{"line":20,"column":62}}},"1":{"name":"(anonymous_2)","decl":{"start":{"line":36,"column":14},"end":{"line":36,"column":15}},"loc":{"start":{"line":37,"column":4},"end":{"line":48,"column":null}}}},"branchMap":{},"s":{"0":3,"1":3,"2":3,"3":3,"4":3,"5":3,"6":3,"7":3,"8":3,"9":3,"10":3,"11":3,"12":3,"13":3,"14":3,"15":3,"16":3,"17":3,"18":3},"f":{"0":3,"1":3},"b":{}}
,"D:\\VibrantGoodsShop\\client\\src\\app\\routeConfig\\MainRouter.tsx": {"path":"D:\\VibrantGoodsShop\\client\\src\\app\\routeConfig\\MainRouter.tsx","statementMap":{"0":{"start":{"line":1,"column":0},"end":{"line":1,"column":48}},"1":{"start":{"line":2,"column":0},"end":{"line":2,"column":32}},"2":{"start":{"line":3,"column":0},"end":{"line":3,"column":43}},"3":{"start":{"line":5,"column":19},"end":{"line":17,"column":1}},"4":{"start":{"line":6,"column":2},"end":{"line":16,"column":null}},"5":{"start":{"line":11,"column":12},"end":{"line":11,"column":30}},"6":{"start":{"line":19,"column":0},"end":{"line":19,"column":null}}},"fnMap":{"0":{"name":"(anonymous_0)","decl":{"start":{"line":5,"column":19},"end":{"line":5,"column":22}},"loc":{"start":{"line":5,"column":24},"end":{"line":17,"column":1}}},"1":{"name":"(anonymous_1)","decl":{"start":{"line":10,"column":42},"end":{"line":10,"column":43}},"loc":{"start":{"line":11,"column":12},"end":{"line":11,"column":30}}}},"branchMap":{},"s":{"0":0,"1":0,"2":0,"3":0,"4":0,"5":0,"6":0},"f":{"0":0,"1":0},"b":{}}
,"D:\\VibrantGoodsShop\\client\\src\\app\\routeConfig\\RouteConfig.tsx": {"path":"D:\\VibrantGoodsShop\\client\\src\\app\\routeConfig\\RouteConfig.tsx","statementMap":{"0":{"start":{"line":5,"column":0},"end":{"line":5,"column":72}},"1":{"start":{"line":6,"column":0},"end":{"line":6,"column":55}},"2":{"start":{"line":7,"column":0},"end":{"line":7,"column":48}},"3":{"start":{"line":8,"column":0},"end":{"line":8,"column":71}},"4":{"start":{"line":9,"column":0},"end":{"line":9,"column":62}},"5":{"start":{"line":10,"column":0},"end":{"line":10,"column":59}},"6":{"start":{"line":11,"column":0},"end":{"line":11,"column":67}},"7":{"start":{"line":12,"column":0},"end":{"line":12,"column":79}},"8":{"start":{"line":13,"column":0},"end":{"line":13,"column":65}},"9":{"start":{"line":14,"column":0},"end":{"line":14,"column":68}},"10":{"start":{"line":15,"column":0},"end":{"line":15,"column":65}},"11":{"start":{"line":19,"column":0},"end":{"line":19,"column":null}},"12":{"start":{"line":20,"column":2},"end":{"line":20,"column":null}},"13":{"start":{"line":21,"column":2},"end":{"line":21,"column":null}},"14":{"start":{"line":22,"column":2},"end":{"line":22,"column":null}},"15":{"start":{"line":23,"column":2},"end":{"line":23,"column":null}},"16":{"start":{"line":24,"column":2},"end":{"line":24,"column":null}},"17":{"start":{"line":25,"column":2},"end":{"line":25,"column":null}},"18":{"start":{"line":26,"column":2},"end":{"line":26,"column":null}},"19":{"start":{"line":27,"column":2},"end":{"line":27,"column":null}},"20":{"start":{"line":28,"column":2},"end":{"line":28,"column":null}},"21":{"start":{"line":29,"column":2},"end":{"line":29,"column":null}},"22":{"start":{"line":30,"column":2},"end":{"line":30,"column":null}},"23":{"start":{"line":31,"column":2},"end":{"line":31,"column":null}},"24":{"start":{"line":34,"column":13},"end":{"line":47,"column":null}},"25":{"start":{"line":49,"column":13},"end":{"line":98,"column":null}}},"fnMap":{"0":{"name":"(anonymous_1)","decl":{"start":{"line":19,"column":0},"end":{"line":19,"column":12}},"loc":{"start":{"line":19,"column":21},"end":{"line":32,"column":1}}}},"branchMap":{"0":{"loc":{"start":{"line":19,"column":12},"end":{"line":19,"column":null}},"type":"binary-expr","locations":[{"start":{"line":19,"column":12},"end":{"line":19,"column":21}},{"start":{"line":19,"column":21},"end":{"line":19,"column":null}}]}},"s":{"0":0,"1":0,"2":0,"3":0,"4":0,"5":0,"6":0,"7":0,"8":0,"9":0,"10":0,"11":0,"12":0,"13":0,"14":0,"15":0,"16":0,"17":0,"18":0,"19":0,"20":0,"21":0,"22":0,"23":0,"24":0,"25":0},"f":{"0":0},"b":{"0":[0,0]}}
,"D:\\VibrantGoodsShop\\client\\src\\entities\\cart\\api\\apiCart.ts": {"path":"D:\\VibrantGoodsShop\\client\\src\\entities\\cart\\api\\apiCart.ts","statementMap":{"0":{"start":{"line":1,"column":0},"end":{"line":1,"column":73}},"1":{"start":{"line":8,"column":13},"end":{"line":42,"column":3}},"2":{"start":{"line":14,"column":21},"end":{"line":14,"column":56}},"3":{"start":{"line":15,"column":6},"end":{"line":17,"column":null}},"4":{"start":{"line":16,"column":8},"end":{"line":16,"column":56}},"5":{"start":{"line":18,"column":6},"end":{"line":18,"column":21}},"6":{"start":{"line":21,"column":27},"end":{"line":41,"column":4}},"7":{"start":{"line":23,"column":28},"end":{"line":27,"column":8}},"8":{"start":{"line":31,"column":41},"end":{"line":34,"column":8}},"9":{"start":{"line":38,"column":25},"end":{"line":38,"column":42}},"10":{"start":{"line":45,"column":2},"end":{"line":48,"column":12}},"11":{"start":{"line":50,"column":0},"end":{"line":50,"column":23}}},"fnMap":{"0":{"name":"(anonymous_0)","decl":{"start":{"line":13,"column":20},"end":{"line":13,"column":21}},"loc":{"start":{"line":13,"column":46},"end":{"line":19,"column":5}}},"1":{"name":"(anonymous_1)","decl":{"start":{"line":21,"column":13},"end":{"line":21,"column":14}},"loc":{"start":{"line":21,"column":27},"end":{"line":41,"column":4}}},"2":{"name":"(anonymous_2)","decl":{"start":{"line":23,"column":13},"end":{"line":23,"column":14}},"loc":{"start":{"line":23,"column":28},"end":{"line":27,"column":8}}},"3":{"name":"(anonymous_3)","decl":{"start":{"line":31,"column":13},"end":{"line":31,"column":14}},"loc":{"start":{"line":31,"column":41},"end":{"line":34,"column":8}}},"4":{"name":"(anonymous_4)","decl":{"start":{"line":38,"column":13},"end":{"line":38,"column":14}},"loc":{"start":{"line":38,"column":25},"end":{"line":38,"column":42}}}},"branchMap":{"0":{"loc":{"start":{"line":15,"column":6},"end":{"line":17,"column":null}},"type":"if","locations":[{"start":{"line":15,"column":6},"end":{"line":17,"column":null}}]}},"s":{"0":0,"1":0,"2":0,"3":0,"4":0,"5":0,"6":0,"7":0,"8":0,"9":0,"10":0,"11":0},"f":{"0":0,"1":0,"2":0,"3":0,"4":0},"b":{"0":[0]}}
,"D:\\VibrantGoodsShop\\client\\src\\entities\\cart\\ui\\Basket\\AddToCartComponent.tsx": {"path":"D:\\VibrantGoodsShop\\client\\src\\entities\\cart\\ui\\Basket\\AddToCartComponent.tsx","statementMap":{"0":{"start":{"line":1,"column":0},"end":{"line":1,"column":51}},"1":{"start":{"line":2,"column":0},"end":{"line":2,"column":85}},"2":{"start":{"line":3,"column":0},"end":{"line":3,"column":55}},"3":{"start":{"line":4,"column":0},"end":{"line":4,"column":63}},"4":{"start":{"line":5,"column":0},"end":{"line":5,"column":39}},"5":{"start":{"line":7,"column":0},"end":{"line":7,"column":41}},"6":{"start":{"line":13,"column":62},"end":{"line":86,"column":1}},"7":{"start":{"line":14,"column":46},"end":{"line":14,"column":68}},"8":{"start":{"line":15,"column":17},"end":{"line":15,"column":61}},"9":{"start":{"line":15,"column":43},"end":{"line":15,"column":60}},"10":{"start":{"line":17,"column":29},"end":{"line":17,"column":85}},"11":{"start":{"line":19,"column":34},"end":{"line":19,"column":49}},"12":{"start":{"line":21,"column":2},"end":{"line":25,"column":26}},"13":{"start":{"line":22,"column":4},"end":{"line":24,"column":null}},"14":{"start":{"line":23,"column":6},"end":{"line":23,"column":79}},"15":{"start":{"line":23,"column":46},"end":{"line":23,"column":76}},"16":{"start":{"line":27,"column":26},"end":{"line":51,"column":3}},"17":{"start":{"line":28,"column":4},"end":{"line":31,"column":null}},"18":{"start":{"line":29,"column":6},"end":{"line":29,"column":49}},"19":{"start":{"line":30,"column":6},"end":{"line":30,"column":13}},"20":{"start":{"line":33,"column":21},"end":{"line":39,"column":6}},"21":{"start":{"line":41,"column":4},"end":{"line":50,"column":9}},"22":{"start":{"line":44,"column":8},"end":{"line":44,"column":26}},"23":{"start":{"line":45,"column":8},"end":{"line":45,"column":63}},"24":{"start":{"line":48,"column":8},"end":{"line":48,"column":65}},"25":{"start":{"line":49,"column":8},"end":{"line":49,"column":59}},"26":{"start":{"line":53,"column":2},"end":{"line":55,"column":null}},"27":{"start":{"line":54,"column":4},"end":{"line":54,"column":51}},"28":{"start":{"line":57,"column":2},"end":{"line":85,"column":4}},"29":{"start":{"line":88,"column":0},"end":{"line":88,"column":34}}},"fnMap":{"0":{"name":"(anonymous_7)","decl":{"start":{"line":13,"column":62},"end":{"line":13,"column":63}},"loc":{"start":{"line":13,"column":78},"end":{"line":86,"column":1}}},"1":{"name":"(anonymous_8)","decl":{"start":{"line":15,"column":32},"end":{"line":15,"column":33}},"loc":{"start":{"line":15,"column":43},"end":{"line":15,"column":60}}},"2":{"name":"(anonymous_9)","decl":{"start":{"line":21,"column":12},"end":{"line":21,"column":15}},"loc":{"start":{"line":21,"column":17},"end":{"line":25,"column":3}}},"3":{"name":"(anonymous_10)","decl":{"start":{"line":23,"column":38},"end":{"line":23,"column":42}},"loc":{"start":{"line":23,"column":46},"end":{"line":23,"column":76}}},"4":{"name":"(anonymous_11)","decl":{"start":{"line":27,"column":26},"end":{"line":27,"column":29}},"loc":{"start":{"line":27,"column":31},"end":{"line":51,"column":3}}},"5":{"name":"(anonymous_12)","decl":{"start":{"line":43,"column":12},"end":{"line":43,"column":15}},"loc":{"start":{"line":43,"column":17},"end":{"line":46,"column":7}}},"6":{"name":"(anonymous_13)","decl":{"start":{"line":47,"column":13},"end":{"line":47,"column":14}},"loc":{"start":{"line":47,"column":23},"end":{"line":50,"column":7}}}},"branchMap":{"0":{"loc":{"start":{"line":17,"column":53},"end":{"line":17,"column":65}},"type":"binary-expr","locations":[{"start":{"line":17,"column":53},"end":{"line":17,"column":59}},{"start":{"line":17,"column":63},"end":{"line":17,"column":65}}]},"1":{"loc":{"start":{"line":22,"column":4},"end":{"line":24,"column":null}},"type":"if","locations":[{"start":{"line":22,"column":4},"end":{"line":24,"column":null}}]},"2":{"loc":{"start":{"line":28,"column":4},"end":{"line":31,"column":null}},"type":"if","locations":[{"start":{"line":28,"column":4},"end":{"line":31,"column":null}}]},"3":{"loc":{"start":{"line":53,"column":2},"end":{"line":55,"column":null}},"type":"if","locations":[{"start":{"line":53,"column":2},"end":{"line":55,"column":null}}]},"4":{"loc":{"start":{"line":60,"column":16},"end":{"line":60,"column":37}},"type":"binary-expr","locations":[{"start":{"line":60,"column":16},"end":{"line":60,"column":25}},{"start":{"line":60,"column":29},"end":{"line":60,"column":37}}]},"5":{"loc":{"start":{"line":63,"column":10},"end":{"line":65,"column":null}},"type":"cond-expr","locations":[{"start":{"line":64,"column":8},"end":{"line":64,"column":52}},{"start":{"line":65,"column":8},"end":{"line":65,"column":null}}]},"6":{"loc":{"start":{"line":67,"column":10},"end":{"line":67,"column":58}},"type":"cond-expr","locations":[{"start":{"line":67,"column":22},"end":{"line":67,"column":53}},{"start":{"line":67,"column":56},"end":{"line":67,"column":58}}]},"7":{"loc":{"start":{"line":71,"column":7},"end":{"line":82,"column":null}},"type":"cond-expr","locations":[{"start":{"line":72,"column":8},"end":{"line":72,"column":61}},{"start":{"line":73,"column":10},"end":{"line":82,"column":null}}]},"8":{"loc":{"start":{"line":73,"column":10},"end":{"line":82,"column":null}},"type":"cond-expr","locations":[{"start":{"line":74,"column":8},"end":{"line":76,"column":null}},{"start":{"line":79,"column":8},"end":{"line":81,"column":null}}]}},"s":{"0":0,"1":0,"2":0,"3":0,"4":0,"5":0,"6":0,"7":0,"8":0,"9":0,"10":0,"11":0,"12":0,"13":0,"14":0,"15":0,"16":0,"17":0,"18":0,"19":0,"20":0,"21":0,"22":0,"23":0,"24":0,"25":0,"26":0,"27":0,"28":0,"29":0},"f":{"0":0,"1":0,"2":0,"3":0,"4":0,"5":0,"6":0},"b":{"0":[0,0],"1":[0],"2":[0],"3":[0],"4":[0,0],"5":[0,0],"6":[0,0],"7":[0,0],"8":[0,0]}}
,"D:\\VibrantGoodsShop\\client\\src\\entities\\cart\\ui\\Basket\\CartComponent.tsx": {"path":"D:\\VibrantGoodsShop\\client\\src\\entities\\cart\\ui\\Basket\\CartComponent.tsx","statementMap":{"0":{"start":{"line":1,"column":0},"end":{"line":1,"column":26}},"1":{"start":{"line":2,"column":0},"end":{"line":2,"column":63}},"2":{"start":{"line":3,"column":0},"end":{"line":3,"column":55}},"3":{"start":{"line":4,"column":0},"end":{"line":4,"column":44}},"4":{"start":{"line":5,"column":0},"end":{"line":5,"column":50}},"5":{"start":{"line":6,"column":0},"end":{"line":6,"column":41}},"6":{"start":{"line":8,"column":32},"end":{"line":45,"column":1}},"7":{"start":{"line":9,"column":17},"end":{"line":9,"column":61}},"8":{"start":{"line":9,"column":43},"end":{"line":9,"column":60}},"9":{"start":{"line":11,"column":45},"end":{"line":11,"column":101}},"10":{"start":{"line":13,"column":2},"end":{"line":19,"column":null}},"11":{"start":{"line":14,"column":4},"end":{"line":18,"column":6}},"12":{"start":{"line":21,"column":2},"end":{"line":27,"column":null}},"13":{"start":{"line":22,"column":4},"end":{"line":26,"column":6}},"14":{"start":{"line":29,"column":2},"end":{"line":35,"column":null}},"15":{"start":{"line":30,"column":4},"end":{"line":34,"column":6}},"16":{"start":{"line":37,"column":20},"end":{"line":37,"column":30}},"17":{"start":{"line":39,"column":2},"end":{"line":44,"column":4}},"18":{"start":{"line":47,"column":0},"end":{"line":47,"column":29}}},"fnMap":{"0":{"name":"(anonymous_1)","decl":{"start":{"line":8,"column":32},"end":{"line":8,"column":35}},"loc":{"start":{"line":8,"column":37},"end":{"line":45,"column":1}}},"1":{"name":"(anonymous_2)","decl":{"start":{"line":9,"column":32},"end":{"line":9,"column":33}},"loc":{"start":{"line":9,"column":43},"end":{"line":9,"column":60}}}},"branchMap":{"0":{"loc":{"start":{"line":11,"column":69},"end":{"line":11,"column":81}},"type":"binary-expr","locations":[{"start":{"line":11,"column":69},"end":{"line":11,"column":75}},{"start":{"line":11,"column":79},"end":{"line":11,"column":81}}]},"1":{"loc":{"start":{"line":13,"column":2},"end":{"line":19,"column":null}},"type":"if","locations":[{"start":{"line":13,"column":2},"end":{"line":19,"column":null}}]},"2":{"loc":{"start":{"line":21,"column":2},"end":{"line":27,"column":null}},"type":"if","locations":[{"start":{"line":21,"column":2},"end":{"line":27,"column":null}}]},"3":{"loc":{"start":{"line":21,"column":6},"end":{"line":21,"column":24}},"type":"binary-expr","locations":[{"start":{"line":21,"column":6},"end":{"line":21,"column":13}},{"start":{"line":21,"column":17},"end":{"line":21,"column":24}}]},"4":{"loc":{"start":{"line":29,"column":2},"end":{"line":35,"column":null}},"type":"if","locations":[{"start":{"line":29,"column":2},"end":{"line":35,"column":null}}]},"5":{"loc":{"start":{"line":29,"column":6},"end":{"line":29,"column":38}},"type":"binary-expr","locations":[{"start":{"line":29,"column":6},"end":{"line":29,"column":11}},{"start":{"line":29,"column":15},"end":{"line":29,"column":38}}]}},"s":{"0":0,"1":0,"2":0,"3":0,"4":0,"5":0,"6":0,"7":0,"8":0,"9":0,"10":0,"11":0,"12":0,"13":0,"14":0,"15":0,"16":0,"17":0,"18":0},"f":{"0":0,"1":0},"b":{"0":[0,0],"1":[0],"2":[0],"3":[0,0],"4":[0],"5":[0,0]}}
,"D:\\VibrantGoodsShop\\client\\src\\entities\\cart\\ui\\Basket\\CartItemsList.tsx": {"path":"D:\\VibrantGoodsShop\\client\\src\\entities\\cart\\ui\\Basket\\CartItemsList.tsx","statementMap":{"0":{"start":{"line":1,"column":0},"end":{"line":1,"column":39}},"1":{"start":{"line":2,"column":0},"end":{"line":2,"column":65}},"2":{"start":{"line":3,"column":0},"end":{"line":3,"column":55}},"3":{"start":{"line":4,"column":0},"end":{"line":4,"column":43}},"4":{"start":{"line":5,"column":0},"end":{"line":5,"column":85}},"5":{"start":{"line":7,"column":0},"end":{"line":7,"column":39}},"6":{"start":{"line":8,"column":0},"end":{"line":8,"column":106}},"7":{"start":{"line":14,"column":52},"end":{"line":171,"column":1}},"8":{"start":{"line":15,"column":54},"end":{"line":15,"column":81}},"9":{"start":{"line":16,"column":17},"end":{"line":16,"column":61}},"10":{"start":{"line":16,"column":43},"end":{"line":16,"column":60}},"11":{"start":{"line":18,"column":22},"end":{"line":19,"column":60}},"12":{"start":{"line":19,"column":4},"end":{"line":19,"column":60}},"13":{"start":{"line":21,"column":31},"end":{"line":34,"column":3}},"14":{"start":{"line":22,"column":4},"end":{"line":25,"column":null}},"15":{"start":{"line":23,"column":6},"end":{"line":23,"column":57}},"16":{"start":{"line":24,"column":6},"end":{"line":24,"column":13}},"17":{"start":{"line":27,"column":4},"end":{"line":33,"column":null}},"18":{"start":{"line":28,"column":6},"end":{"line":28,"column":59}},"19":{"start":{"line":29,"column":6},"end":{"line":29,"column":47}},"20":{"start":{"line":31,"column":6},"end":{"line":31,"column":27}},"21":{"start":{"line":32,"column":6},"end":{"line":32,"column":46}},"22":{"start":{"line":36,"column":16},"end":{"line":36,"column":96}},"23":{"start":{"line":36,"column":30},"end":{"line":36,"column":82}},"24":{"start":{"line":36,"column":62},"end":{"line":36,"column":78}},"25":{"start":{"line":38,"column":2},"end":{"line":60,"column":null}},"26":{"start":{"line":39,"column":4},"end":{"line":59,"column":6}},"27":{"start":{"line":51,"column":29},"end":{"line":51,"column":63}},"28":{"start":{"line":62,"column":2},"end":{"line":170,"column":4}},"29":{"start":{"line":76,"column":14},"end":{"line":77,"column":null}},"30":{"start":{"line":109,"column":39},"end":{"line":109,"column":75}},"31":{"start":{"line":154,"column":31},"end":{"line":154,"column":65}},"32":{"start":{"line":173,"column":0},"end":{"line":173,"column":29}}},"fnMap":{"0":{"name":"(anonymous_6)","decl":{"start":{"line":14,"column":52},"end":{"line":14,"column":53}},"loc":{"start":{"line":14,"column":70},"end":{"line":171,"column":1}}},"1":{"name":"(anonymous_7)","decl":{"start":{"line":16,"column":32},"end":{"line":16,"column":33}},"loc":{"start":{"line":16,"column":43},"end":{"line":16,"column":60}}},"2":{"name":"(anonymous_8)","decl":{"start":{"line":18,"column":22},"end":{"line":18,"column":23}},"loc":{"start":{"line":19,"column":4},"end":{"line":19,"column":60}}},"3":{"name":"(anonymous_9)","decl":{"start":{"line":21,"column":31},"end":{"line":21,"column":36}},"loc":{"start":{"line":21,"column":59},"end":{"line":34,"column":3}}},"4":{"name":"(anonymous_10)","decl":{"start":{"line":36,"column":24},"end":{"line":36,"column":27}},"loc":{"start":{"line":36,"column":30},"end":{"line":36,"column":82}}},"5":{"name":"(anonymous_11)","decl":{"start":{"line":36,"column":47},"end":{"line":36,"column":48}},"loc":{"start":{"line":36,"column":62},"end":{"line":36,"column":78}}},"6":{"name":"(anonymous_12)","decl":{"start":{"line":51,"column":23},"end":{"line":51,"column":26}},"loc":{"start":{"line":51,"column":29},"end":{"line":51,"column":63}}},"7":{"name":"(anonymous_13)","decl":{"start":{"line":75,"column":27},"end":{"line":75,"column":28}},"loc":{"start":{"line":76,"column":14},"end":{"line":77,"column":null}}},"8":{"name":"(anonymous_14)","decl":{"start":{"line":109,"column":33},"end":{"line":109,"column":36}},"loc":{"start":{"line":109,"column":39},"end":{"line":109,"column":75}}},"9":{"name":"(anonymous_15)","decl":{"start":{"line":154,"column":25},"end":{"line":154,"column":28}},"loc":{"start":{"line":154,"column":31},"end":{"line":154,"column":65}}}},"branchMap":{"0":{"loc":{"start":{"line":22,"column":4},"end":{"line":25,"column":null}},"type":"if","locations":[{"start":{"line":22,"column":4},"end":{"line":25,"column":null}}]},"1":{"loc":{"start":{"line":38,"column":2},"end":{"line":60,"column":null}},"type":"if","locations":[{"start":{"line":38,"column":2},"end":{"line":60,"column":null}}]}},"s":{"0":0,"1":0,"2":0,"3":0,"4":0,"5":0,"6":0,"7":0,"8":0,"9":0,"10":0,"11":0,"12":0,"13":0,"14":0,"15":0,"16":0,"17":0,"18":0,"19":0,"20":0,"21":0,"22":0,"23":0,"24":0,"25":0,"26":0,"27":0,"28":0,"29":0,"30":0,"31":0,"32":0},"f":{"0":0,"1":0,"2":0,"3":0,"4":0,"5":0,"6":0,"7":0,"8":0,"9":0},"b":{"0":[0],"1":[0]}}
,"D:\\VibrantGoodsShop\\client\\src\\entities\\cart\\ui\\Basket\\CheckoutPage.tsx": {"path":"D:\\VibrantGoodsShop\\client\\src\\entities\\cart\\ui\\Basket\\CheckoutPage.tsx","statementMap":{"0":{"start":{"line":1,"column":0},"end":{"line":1,"column":40}},"1":{"start":{"line":2,"column":0},"end":{"line":2,"column":59}},"2":{"start":{"line":3,"column":0},"end":{"line":3,"column":39}},"3":{"start":{"line":4,"column":0},"end":{"line":4,"column":null}},"4":{"start":{"line":10,"column":0},"end":{"line":10,"column":90}},"5":{"start":{"line":12,"column":21},"end":{"line":194,"column":1}},"6":{"start":{"line":13,"column":46},"end":{"line":13,"column":87}},"7":{"start":{"line":14,"column":44},"end":{"line":14,"column":87}},"8":{"start":{"line":16,"column":42},"end":{"line":16,"column":57}},"9":{"start":{"line":17,"column":20},"end":{"line":17,"column":25}},"10":{"start":{"line":18,"column":23},"end":{"line":18,"column":61}},"11":{"start":{"line":19,"column":21},"end":{"line":19,"column":45}},"12":{"start":{"line":21,"column":24},"end":{"line":29,"column":3}},"13":{"start":{"line":22,"column":4},"end":{"line":22,"column":23}},"14":{"start":{"line":23,"column":4},"end":{"line":23,"column":26}},"15":{"start":{"line":25,"column":4},"end":{"line":28,"column":13}},"16":{"start":{"line":26,"column":6},"end":{"line":26,"column":29}},"17":{"start":{"line":27,"column":6},"end":{"line":27,"column":46}},"18":{"start":{"line":31,"column":2},"end":{"line":193,"column":4}},"19":{"start":{"line":62,"column":33},"end":{"line":62,"column":61}},"20":{"start":{"line":70,"column":33},"end":{"line":70,"column":60}},"21":{"start":{"line":101,"column":33},"end":{"line":101,"column":57}},"22":{"start":{"line":121,"column":33},"end":{"line":121,"column":58}},"23":{"start":{"line":129,"column":33},"end":{"line":129,"column":57}},"24":{"start":{"line":139,"column":18},"end":{"line":139,"column":31}},"25":{"start":{"line":203,"column":46},"end":{"line":214,"column":null}},"26":{"start":{"line":204,"column":2},"end":{"line":213,"column":null}},"27":{"start":{"line":225,"column":52},"end":{"line":242,"column":null}},"28":{"start":{"line":226,"column":2},"end":{"line":241,"column":null}},"29":{"start":{"line":252,"column":52},"end":{"line":269,"column":null}},"30":{"start":{"line":253,"column":2},"end":{"line":268,"column":null}},"31":{"start":{"line":272,"column":0},"end":{"line":272,"column":28}}},"fnMap":{"0":{"name":"(anonymous_7)","decl":{"start":{"line":12,"column":21},"end":{"line":12,"column":24}},"loc":{"start":{"line":12,"column":26},"end":{"line":194,"column":1}}},"1":{"name":"(anonymous_8)","decl":{"start":{"line":21,"column":24},"end":{"line":21,"column":25}},"loc":{"start":{"line":21,"column":47},"end":{"line":29,"column":3}}},"2":{"name":"(anonymous_9)","decl":{"start":{"line":25,"column":15},"end":{"line":25,"column":18}},"loc":{"start":{"line":25,"column":20},"end":{"line":28,"column":5}}},"3":{"name":"(anonymous_10)","decl":{"start":{"line":62,"column":27},"end":{"line":62,"column":30}},"loc":{"start":{"line":62,"column":33},"end":{"line":62,"column":61}}},"4":{"name":"(anonymous_11)","decl":{"start":{"line":70,"column":27},"end":{"line":70,"column":30}},"loc":{"start":{"line":70,"column":33},"end":{"line":70,"column":60}}},"5":{"name":"(anonymous_12)","decl":{"start":{"line":101,"column":27},"end":{"line":101,"column":30}},"loc":{"start":{"line":101,"column":33},"end":{"line":101,"column":57}}},"6":{"name":"(anonymous_13)","decl":{"start":{"line":121,"column":27},"end":{"line":121,"column":30}},"loc":{"start":{"line":121,"column":33},"end":{"line":121,"column":58}}},"7":{"name":"(anonymous_14)","decl":{"start":{"line":129,"column":27},"end":{"line":129,"column":30}},"loc":{"start":{"line":129,"column":33},"end":{"line":129,"column":57}}},"8":{"name":"(anonymous_15)","decl":{"start":{"line":138,"column":28},"end":{"line":138,"column":29}},"loc":{"start":{"line":139,"column":18},"end":{"line":139,"column":31}}},"9":{"name":"(anonymous_16)","decl":{"start":{"line":203,"column":46},"end":{"line":203,"column":47}},"loc":{"start":{"line":204,"column":2},"end":{"line":213,"column":null}}},"10":{"name":"(anonymous_17)","decl":{"start":{"line":225,"column":52},"end":{"line":225,"column":53}},"loc":{"start":{"line":226,"column":2},"end":{"line":241,"column":null}}},"11":{"name":"(anonymous_18)","decl":{"start":{"line":252,"column":52},"end":{"line":252,"column":53}},"loc":{"start":{"line":253,"column":2},"end":{"line":268,"column":null}}}},"branchMap":{"0":{"loc":{"start":{"line":18,"column":23},"end":{"line":18,"column":61}},"type":"cond-expr","locations":[{"start":{"line":18,"column":54},"end":{"line":18,"column":57}},{"start":{"line":18,"column":60},"end":{"line":18,"column":61}}]},"1":{"loc":{"start":{"line":77,"column":15},"end":{"line":85,"column":null}},"type":"binary-expr","locations":[{"start":{"line":77,"column":15},"end":{"line":77,"column":43}},{"start":{"line":78,"column":16},"end":{"line":84,"column":null}}]},"2":{"loc":{"start":{"line":103,"column":17},"end":{"line":113,"column":null}},"type":"binary-expr","locations":[{"start":{"line":103,"column":17},"end":{"line":103,"column":41}},{"start":{"line":104,"column":18},"end":{"line":112,"column":null}}]},"3":{"loc":{"start":{"line":159,"column":35},"end":{"line":159,"column":77}},"type":"cond-expr","locations":[{"start":{"line":159,"column":56},"end":{"line":159,"column":72}},{"start":{"line":159,"column":75},"end":{"line":159,"column":77}}]},"4":{"loc":{"start":{"line":160,"column":21},"end":{"line":160,"column":75}},"type":"cond-expr","locations":[{"start":{"line":160,"column":42},"end":{"line":160,"column":53}},{"start":{"line":160,"column":56},"end":{"line":160,"column":75}}]},"5":{"loc":{"start":{"line":174,"column":17},"end":{"line":180,"column":null}},"type":"cond-expr","locations":[{"start":{"line":175,"column":18},"end":{"line":175,"column":114}},{"start":{"line":177,"column":18},"end":{"line":178,"column":null}}]},"6":{"loc":{"start":{"line":203,"column":69},"end":{"line":203,"column":82}},"type":"default-arg","locations":[{"start":{"line":203,"column":76},"end":{"line":203,"column":82}}]},"7":{"loc":{"start":{"line":212,"column":7},"end":{"line":212,"column":100}},"type":"binary-expr","locations":[{"start":{"line":212,"column":7},"end":{"line":212,"column":11}},{"start":{"line":212,"column":15},"end":{"line":212,"column":100}}]},"8":{"loc":{"start":{"line":229,"column":14},"end":{"line":231,"column":null}},"type":"cond-expr","locations":[{"start":{"line":230,"column":10},"end":{"line":230,"column":57}},{"start":{"line":231,"column":10},"end":{"line":231,"column":null}}]},"9":{"loc":{"start":{"line":234,"column":40},"end":{"line":234,"column":105}},"type":"cond-expr","locations":[{"start":{"line":234,"column":51},"end":{"line":234,"column":75}},{"start":{"line":234,"column":78},"end":{"line":234,"column":105}}]},"10":{"loc":{"start":{"line":239,"column":31},"end":{"line":239,"column":75}},"type":"cond-expr","locations":[{"start":{"line":239,"column":42},"end":{"line":239,"column":57}},{"start":{"line":239,"column":60},"end":{"line":239,"column":75}}]},"11":{"loc":{"start":{"line":241,"column":42},"end":{"line":241,"column":83}},"type":"cond-expr","locations":[{"start":{"line":241,"column":53},"end":{"line":241,"column":65}},{"start":{"line":241,"column":68},"end":{"line":241,"column":83}}]},"12":{"loc":{"start":{"line":257,"column":14},"end":{"line":259,"column":null}},"type":"cond-expr","locations":[{"start":{"line":258,"column":10},"end":{"line":258,"column":61}},{"start":{"line":259,"column":10},"end":{"line":259,"column":null}}]},"13":{"loc":{"start":{"line":263,"column":86},"end":{"line":263,"column":131}},"type":"cond-expr","locations":[{"start":{"line":263,"column":97},"end":{"line":263,"column":111}},{"start":{"line":263,"column":114},"end":{"line":263,"column":131}}]},"14":{"loc":{"start":{"line":264,"column":9},"end":{"line":264,"column":74}},"type":"binary-expr","locations":[{"start":{"line":264,"column":9},"end":{"line":264,"column":17}},{"start":{"line":264,"column":21},"end":{"line":264,"column":74}}]}},"s":{"0":0,"1":0,"2":0,"3":0,"4":0,"5":0,"6":0,"7":0,"8":0,"9":0,"10":0,"11":0,"12":0,"13":0,"14":0,"15":0,"16":0,"17":0,"18":0,"19":0,"20":0,"21":0,"22":0,"23":0,"24":0,"25":0,"26":0,"27":0,"28":0,"29":0,"30":0,"31":0},"f":{"0":0,"1":0,"2":0,"3":0,"4":0,"5":0,"6":0,"7":0,"8":0,"9":0,"10":0,"11":0},"b":{"0":[0,0],"1":[0,0],"2":[0,0],"3":[0,0],"4":[0,0],"5":[0,0],"6":[0],"7":[0,0],"8":[0,0],"9":[0,0],"10":[0,0],"11":[0,0],"12":[0,0],"13":[0,0],"14":[0,0]}}
,"D:\\VibrantGoodsShop\\client\\src\\entities\\category\\api\\apiCategory.ts": {"path":"D:\\VibrantGoodsShop\\client\\src\\entities\\category\\api\\apiCategory.ts","statementMap":{"0":{"start":{"line":1,"column":0},"end":{"line":1,"column":73}},"1":{"start":{"line":5,"column":13},"end":{"line":43,"column":3}},"2":{"start":{"line":10,"column":21},"end":{"line":10,"column":56}},"3":{"start":{"line":11,"column":6},"end":{"line":13,"column":null}},"4":{"start":{"line":12,"column":8},"end":{"line":12,"column":56}},"5":{"start":{"line":14,"column":6},"end":{"line":14,"column":37}},"6":{"start":{"line":15,"column":6},"end":{"line":15,"column":21}},"7":{"start":{"line":18,"column":27},"end":{"line":42,"column":4}},"8":{"start":{"line":20,"column":19},"end":{"line":20,"column":31}},"9":{"start":{"line":23,"column":35},"end":{"line":27,"column":8}},"10":{"start":{"line":30,"column":39},"end":{"line":34,"column":8}},"11":{"start":{"line":37,"column":30},"end":{"line":40,"column":8}},"12":{"start":{"line":46,"column":2},"end":{"line":50,"column":16}}},"fnMap":{"0":{"name":"(anonymous_0)","decl":{"start":{"line":9,"column":20},"end":{"line":9,"column":21}},"loc":{"start":{"line":9,"column":46},"end":{"line":16,"column":5}}},"1":{"name":"(anonymous_1)","decl":{"start":{"line":18,"column":13},"end":{"line":18,"column":14}},"loc":{"start":{"line":18,"column":27},"end":{"line":42,"column":4}}},"2":{"name":"(anonymous_2)","decl":{"start":{"line":20,"column":13},"end":{"line":20,"column":16}},"loc":{"start":{"line":20,"column":19},"end":{"line":20,"column":31}}},"3":{"name":"(anonymous_3)","decl":{"start":{"line":23,"column":13},"end":{"line":23,"column":14}},"loc":{"start":{"line":23,"column":35},"end":{"line":27,"column":8}}},"4":{"name":"(anonymous_4)","decl":{"start":{"line":30,"column":13},"end":{"line":30,"column":14}},"loc":{"start":{"line":30,"column":39},"end":{"line":34,"column":8}}},"5":{"name":"(anonymous_5)","decl":{"start":{"line":37,"column":13},"end":{"line":37,"column":14}},"loc":{"start":{"line":37,"column":30},"end":{"line":40,"column":8}}}},"branchMap":{"0":{"loc":{"start":{"line":11,"column":6},"end":{"line":13,"column":null}},"type":"if","locations":[{"start":{"line":11,"column":6},"end":{"line":13,"column":null}}]}},"s":{"0":0,"1":0,"2":0,"3":0,"4":0,"5":0,"6":0,"7":0,"8":0,"9":0,"10":0,"11":0,"12":0},"f":{"0":0,"1":0,"2":0,"3":0,"4":0,"5":0},"b":{"0":[0]}}
,"D:\\VibrantGoodsShop\\client\\src\\entities\\category\\ui\\category\\Category.tsx": {"path":"D:\\VibrantGoodsShop\\client\\src\\entities\\category\\ui\\category\\Category.tsx","statementMap":{"0":{"start":{"line":1,"column":0},"end":{"line":1,"column":68}},"1":{"start":{"line":2,"column":0},"end":{"line":2,"column":50}},"2":{"start":{"line":3,"column":0},"end":{"line":3,"column":44}},"3":{"start":{"line":4,"column":0},"end":{"line":4,"column":41}},"4":{"start":{"line":6,"column":17},"end":{"line":37,"column":1}},"5":{"start":{"line":7,"column":58},"end":{"line":7,"column":84}},"6":{"start":{"line":9,"column":2},"end":{"line":15,"column":null}},"7":{"start":{"line":10,"column":4},"end":{"line":14,"column":6}},"8":{"start":{"line":17,"column":2},"end":{"line":19,"column":null}},"9":{"start":{"line":18,"column":4},"end":{"line":18,"column":117}},"10":{"start":{"line":21,"column":2},"end":{"line":36,"column":4}},"11":{"start":{"line":27,"column":12},"end":{"line":29,"column":null}},"12":{"start":{"line":39,"column":0},"end":{"line":39,"column":24}}},"fnMap":{"0":{"name":"(anonymous_1)","decl":{"start":{"line":6,"column":17},"end":{"line":6,"column":20}},"loc":{"start":{"line":6,"column":22},"end":{"line":37,"column":1}}},"1":{"name":"(anonymous_2)","decl":{"start":{"line":26,"column":27},"end":{"line":26,"column":28}},"loc":{"start":{"line":27,"column":12},"end":{"line":29,"column":null}}}},"branchMap":{"0":{"loc":{"start":{"line":9,"column":2},"end":{"line":15,"column":null}},"type":"if","locations":[{"start":{"line":9,"column":2},"end":{"line":15,"column":null}}]},"1":{"loc":{"start":{"line":17,"column":2},"end":{"line":19,"column":null}},"type":"if","locations":[{"start":{"line":17,"column":2},"end":{"line":19,"column":null}}]},"2":{"loc":{"start":{"line":18,"column":68},"end":{"line":18,"column":109}},"type":"binary-expr","locations":[{"start":{"line":18,"column":68},"end":{"line":18,"column":85}},{"start":{"line":18,"column":89},"end":{"line":18,"column":109}}]}},"s":{"0":0,"1":0,"2":0,"3":0,"4":0,"5":0,"6":0,"7":0,"8":0,"9":0,"10":0,"11":0,"12":0},"f":{"0":0,"1":0},"b":{"0":[0],"1":[0],"2":[0,0]}}
,"D:\\VibrantGoodsShop\\client\\src\\entities\\category\\ui\\category\\CategoryLgBox.tsx": {"path":"D:\\VibrantGoodsShop\\client\\src\\entities\\category\\ui\\category\\CategoryLgBox.tsx","statementMap":{"0":{"start":{"line":1,"column":0},"end":{"line":1,"column":26}},"1":{"start":{"line":2,"column":0},"end":{"line":2,"column":40}},"2":{"start":{"line":3,"column":0},"end":{"line":3,"column":41}},"3":{"start":{"line":12,"column":39},"end":{"line":55,"column":2}},"4":{"start":{"line":13,"column":18},"end":{"line":13,"column":63}},"5":{"start":{"line":14,"column":20},"end":{"line":14,"column":57}},"6":{"start":{"line":16,"column":2},"end":{"line":54,"column":4}},"7":{"start":{"line":57,"column":0},"end":{"line":57,"column":29}}},"fnMap":{"0":{"name":"(anonymous_1)","decl":{"start":{"line":12,"column":50},"end":{"line":12,"column":51}},"loc":{"start":{"line":12,"column":76},"end":{"line":55,"column":1}}}},"branchMap":{"0":{"loc":{"start":{"line":13,"column":18},"end":{"line":13,"column":63}},"type":"binary-expr","locations":[{"start":{"line":13,"column":18},"end":{"line":13,"column":46}},{"start":{"line":13,"column":50},"end":{"line":13,"column":63}}]},"1":{"loc":{"start":{"line":14,"column":20},"end":{"line":14,"column":57}},"type":"binary-expr","locations":[{"start":{"line":14,"column":20},"end":{"line":14,"column":38}},{"start":{"line":14,"column":42},"end":{"line":14,"column":57}}]},"2":{"loc":{"start":{"line":21,"column":10},"end":{"line":21,"column":61}},"type":"cond-expr","locations":[{"start":{"line":21,"column":34},"end":{"line":21,"column":51}},{"start":{"line":21,"column":54},"end":{"line":21,"column":61}}]},"3":{"loc":{"start":{"line":31,"column":9},"end":{"line":42,"column":null}},"type":"binary-expr","locations":[{"start":{"line":31,"column":9},"end":{"line":31,"column":20}},{"start":{"line":32,"column":10},"end":{"line":41,"column":null}}]}},"s":{"0":0,"1":0,"2":0,"3":0,"4":0,"5":0,"6":0,"7":0},"f":{"0":0},"b":{"0":[0,0],"1":[0,0],"2":[0,0],"3":[0,0]}}
,"D:\\VibrantGoodsShop\\client\\src\\entities\\category\\ui\\category\\CategorySmBox.tsx": {"path":"D:\\VibrantGoodsShop\\client\\src\\entities\\category\\ui\\category\\CategorySmBox.tsx","statementMap":{"0":{"start":{"line":1,"column":0},"end":{"line":1,"column":26}},"1":{"start":{"line":2,"column":0},"end":{"line":2,"column":40}},"2":{"start":{"line":11,"column":39},"end":{"line":28,"column":1}},"3":{"start":{"line":12,"column":23},"end":{"line":12,"column":51}},"4":{"start":{"line":14,"column":2},"end":{"line":27,"column":4}},"5":{"start":{"line":30,"column":0},"end":{"line":30,"column":29}}},"fnMap":{"0":{"name":"(anonymous_1)","decl":{"start":{"line":11,"column":39},"end":{"line":11,"column":40}},"loc":{"start":{"line":11,"column":80},"end":{"line":28,"column":1}}}},"branchMap":{"0":{"loc":{"start":{"line":12,"column":23},"end":{"line":12,"column":51}},"type":"binary-expr","locations":[{"start":{"line":12,"column":23},"end":{"line":12,"column":34}},{"start":{"line":12,"column":38},"end":{"line":12,"column":51}}]}},"s":{"0":0,"1":0,"2":0,"3":0,"4":0,"5":0},"f":{"0":0},"b":{"0":[0,0]}}
,"D:\\VibrantGoodsShop\\client\\src\\entities\\product\\api\\userApi.ts": {"path":"D:\\VibrantGoodsShop\\client\\src\\entities\\product\\api\\userApi.ts","statementMap":{"0":{"start":{"line":1,"column":0},"end":{"line":1,"column":73}},"1":{"start":{"line":5,"column":13},"end":{"line":44,"column":3}},"2":{"start":{"line":10,"column":21},"end":{"line":10,"column":56}},"3":{"start":{"line":11,"column":6},"end":{"line":13,"column":null}},"4":{"start":{"line":12,"column":8},"end":{"line":12,"column":56}},"5":{"start":{"line":14,"column":6},"end":{"line":14,"column":21}},"6":{"start":{"line":18,"column":25},"end":{"line":43,"column":4}},"7":{"start":{"line":20,"column":20},"end":{"line":22,"column":8}},"8":{"start":{"line":26,"column":30},"end":{"line":28,"column":8}},"9":{"start":{"line":32,"column":20},"end":{"line":34,"column":8}},"10":{"start":{"line":38,"column":29},"end":{"line":40,"column":8}},"11":{"start":{"line":46,"column":2},"end":{"line":50,"column":12}}},"fnMap":{"0":{"name":"(anonymous_0)","decl":{"start":{"line":9,"column":20},"end":{"line":9,"column":21}},"loc":{"start":{"line":9,"column":46},"end":{"line":15,"column":5}}},"1":{"name":"(anonymous_1)","decl":{"start":{"line":18,"column":13},"end":{"line":18,"column":14}},"loc":{"start":{"line":18,"column":25},"end":{"line":43,"column":4}}},"2":{"name":"(anonymous_2)","decl":{"start":{"line":20,"column":13},"end":{"line":20,"column":16}},"loc":{"start":{"line":20,"column":20},"end":{"line":22,"column":8}}},"3":{"name":"(anonymous_3)","decl":{"start":{"line":26,"column":13},"end":{"line":26,"column":14}},"loc":{"start":{"line":26,"column":30},"end":{"line":28,"column":8}}},"4":{"name":"(anonymous_4)","decl":{"start":{"line":32,"column":13},"end":{"line":32,"column":16}},"loc":{"start":{"line":32,"column":20},"end":{"line":34,"column":8}}},"5":{"name":"(anonymous_5)","decl":{"start":{"line":38,"column":13},"end":{"line":38,"column":14}},"loc":{"start":{"line":38,"column":29},"end":{"line":40,"column":8}}}},"branchMap":{"0":{"loc":{"start":{"line":11,"column":6},"end":{"line":13,"column":null}},"type":"if","locations":[{"start":{"line":11,"column":6},"end":{"line":13,"column":null}}]}},"s":{"0":0,"1":0,"2":0,"3":0,"4":0,"5":0,"6":0,"7":0,"8":0,"9":0,"10":0,"11":0},"f":{"0":0,"1":0,"2":0,"3":0,"4":0,"5":0},"b":{"0":[0]}}
,"D:\\VibrantGoodsShop\\client\\src\\entities\\product\\model\\fields.ts": {"path":"D:\\VibrantGoodsShop\\client\\src\\entities\\product\\model\\fields.ts","statementMap":{"0":{"start":{"line":11,"column":13},"end":{"line":26,"column":2}},"1":{"start":{"line":28,"column":13},"end":{"line":52,"column":2}}},"fnMap":{},"branchMap":{},"s":{"0":0,"1":0},"f":{},"b":{}}
,"D:\\VibrantGoodsShop\\client\\src\\entities\\product\\ui\\GetAllProducts.tsx": {"path":"D:\\VibrantGoodsShop\\client\\src\\entities\\product\\ui\\GetAllProducts.tsx","statementMap":{"0":{"start":{"line":1,"column":0},"end":{"line":1,"column":36}},"1":{"start":{"line":2,"column":0},"end":{"line":2,"column":64}},"2":{"start":{"line":3,"column":0},"end":{"line":3,"column":66}},"3":{"start":{"line":4,"column":0},"end":{"line":4,"column":73}},"4":{"start":{"line":5,"column":0},"end":{"line":5,"column":67}},"5":{"start":{"line":6,"column":0},"end":{"line":6,"column":40}},"6":{"start":{"line":7,"column":0},"end":{"line":7,"column":50}},"7":{"start":{"line":8,"column":0},"end":{"line":8,"column":65}},"8":{"start":{"line":10,"column":33},"end":{"line":114,"column":2}},"9":{"start":{"line":11,"column":39},"end":{"line":11,"column":69}},"10":{"start":{"line":13,"column":87},"end":{"line":13,"column":113}},"11":{"start":{"line":15,"column":2},"end":{"line":21,"column":null}},"12":{"start":{"line":16,"column":4},"end":{"line":20,"column":6}},"13":{"start":{"line":23,"column":2},"end":{"line":36,"column":null}},"14":{"start":{"line":24,"column":4},"end":{"line":35,"column":6}},"15":{"start":{"line":38,"column":2},"end":{"line":113,"column":4}},"16":{"start":{"line":87,"column":14},"end":{"line":87,"column":34}},"17":{"start":{"line":104,"column":29},"end":{"line":104,"column":47}},"18":{"start":{"line":116,"column":0},"end":{"line":116,"column":30}}},"fnMap":{"0":{"name":"(anonymous_7)","decl":{"start":{"line":10,"column":38},"end":{"line":10,"column":41}},"loc":{"start":{"line":10,"column":43},"end":{"line":114,"column":1}}},"1":{"name":"(anonymous_8)","decl":{"start":{"line":86,"column":28},"end":{"line":86,"column":29}},"loc":{"start":{"line":87,"column":14},"end":{"line":87,"column":34}}},"2":{"name":"(anonymous_9)","decl":{"start":{"line":104,"column":23},"end":{"line":104,"column":26}},"loc":{"start":{"line":104,"column":29},"end":{"line":104,"column":47}}}},"branchMap":{"0":{"loc":{"start":{"line":13,"column":102},"end":{"line":13,"column":112}},"type":"binary-expr","locations":[{"start":{"line":13,"column":102},"end":{"line":13,"column":106}},{"start":{"line":13,"column":110},"end":{"line":13,"column":112}}]},"1":{"loc":{"start":{"line":15,"column":2},"end":{"line":21,"column":null}},"type":"if","locations":[{"start":{"line":15,"column":2},"end":{"line":21,"column":null}}]},"2":{"loc":{"start":{"line":23,"column":2},"end":{"line":36,"column":null}},"type":"if","locations":[{"start":{"line":23,"column":2},"end":{"line":36,"column":null}}]},"3":{"loc":{"start":{"line":84,"column":9},"end":{"line":109,"column":null}},"type":"cond-expr","locations":[{"start":{"line":85,"column":10},"end":{"line":90,"column":null}},{"start":{"line":93,"column":10},"end":{"line":108,"column":null}}]}},"s":{"0":0,"1":0,"2":0,"3":0,"4":0,"5":0,"6":0,"7":0,"8":0,"9":0,"10":0,"11":0,"12":0,"13":0,"14":0,"15":0,"16":0,"17":0,"18":0},"f":{"0":0,"1":0,"2":0},"b":{"0":[0,0],"1":[0],"2":[0],"3":[0,0]}}
,"D:\\VibrantGoodsShop\\client\\src\\entities\\product\\ui\\ProductDetailsId.tsx": {"path":"D:\\VibrantGoodsShop\\client\\src\\entities\\product\\ui\\ProductDetailsId.tsx","statementMap":{"0":{"start":{"line":1,"column":0},"end":{"line":1,"column":46}},"1":{"start":{"line":2,"column":0},"end":{"line":2,"column":64}},"2":{"start":{"line":3,"column":0},"end":{"line":3,"column":45}},"3":{"start":{"line":4,"column":0},"end":{"line":4,"column":75}},"4":{"start":{"line":5,"column":0},"end":{"line":5,"column":68}},"5":{"start":{"line":6,"column":0},"end":{"line":6,"column":59}},"6":{"start":{"line":7,"column":0},"end":{"line":7,"column":68}},"7":{"start":{"line":8,"column":0},"end":{"line":8,"column":50}},"8":{"start":{"line":9,"column":0},"end":{"line":9,"column":41}},"9":{"start":{"line":11,"column":37},"end":{"line":127,"column":2}},"10":{"start":{"line":12,"column":17},"end":{"line":12,"column":44}},"11":{"start":{"line":13,"column":39},"end":{"line":13,"column":67}},"12":{"start":{"line":14,"column":44},"end":{"line":14,"column":55}},"13":{"start":{"line":15,"column":40},"end":{"line":15,"column":55}},"14":{"start":{"line":17,"column":2},"end":{"line":23,"column":null}},"15":{"start":{"line":18,"column":4},"end":{"line":22,"column":6}},"16":{"start":{"line":25,"column":2},"end":{"line":27,"column":null}},"17":{"start":{"line":26,"column":4},"end":{"line":26,"column":93}},"18":{"start":{"line":29,"column":2},"end":{"line":31,"column":null}},"19":{"start":{"line":30,"column":4},"end":{"line":30,"column":68}},"20":{"start":{"line":33,"column":18},"end":{"line":33,"column":22}},"21":{"start":{"line":35,"column":28},"end":{"line":37,"column":3}},"22":{"start":{"line":36,"column":4},"end":{"line":36,"column":28}},"23":{"start":{"line":39,"column":26},"end":{"line":41,"column":3}},"24":{"start":{"line":40,"column":4},"end":{"line":40,"column":25}},"25":{"start":{"line":43,"column":27},"end":{"line":45,"column":3}},"26":{"start":{"line":44,"column":4},"end":{"line":44,"column":26}},"27":{"start":{"line":47,"column":16},"end":{"line":53,"column":4}},"28":{"start":{"line":55,"column":2},"end":{"line":126,"column":4}},"29":{"start":{"line":71,"column":18},"end":{"line":72,"column":null}},"30":{"start":{"line":75,"column":35},"end":{"line":75,"column":59}},"31":{"start":{"line":94,"column":16},"end":{"line":94,"column":29}},"32":{"start":{"line":129,"column":0},"end":{"line":129,"column":34}}},"fnMap":{"0":{"name":"(anonymous_7)","decl":{"start":{"line":11,"column":42},"end":{"line":11,"column":45}},"loc":{"start":{"line":11,"column":47},"end":{"line":127,"column":1}}},"1":{"name":"(anonymous_8)","decl":{"start":{"line":35,"column":28},"end":{"line":35,"column":29}},"loc":{"start":{"line":35,"column":46},"end":{"line":37,"column":3}}},"2":{"name":"(anonymous_9)","decl":{"start":{"line":39,"column":26},"end":{"line":39,"column":29}},"loc":{"start":{"line":39,"column":31},"end":{"line":41,"column":3}}},"3":{"name":"(anonymous_10)","decl":{"start":{"line":43,"column":27},"end":{"line":43,"column":30}},"loc":{"start":{"line":43,"column":32},"end":{"line":45,"column":3}}},"4":{"name":"(anonymous_11)","decl":{"start":{"line":70,"column":38},"end":{"line":70,"column":39}},"loc":{"start":{"line":71,"column":18},"end":{"line":72,"column":null}}},"5":{"name":"(anonymous_12)","decl":{"start":{"line":75,"column":29},"end":{"line":75,"column":32}},"loc":{"start":{"line":75,"column":35},"end":{"line":75,"column":59}}},"6":{"name":"(anonymous_13)","decl":{"start":{"line":93,"column":25},"end":{"line":93,"column":26}},"loc":{"start":{"line":94,"column":16},"end":{"line":94,"column":29}}}},"branchMap":{"0":{"loc":{"start":{"line":17,"column":2},"end":{"line":23,"column":null}},"type":"if","locations":[{"start":{"line":17,"column":2},"end":{"line":23,"column":null}}]},"1":{"loc":{"start":{"line":25,"column":2},"end":{"line":27,"column":null}},"type":"if","locations":[{"start":{"line":25,"column":2},"end":{"line":27,"column":null}}]},"2":{"loc":{"start":{"line":29,"column":2},"end":{"line":31,"column":null}},"type":"if","locations":[{"start":{"line":29,"column":2},"end":{"line":31,"column":null}}]},"3":{"loc":{"start":{"line":48,"column":30},"end":{"line":48,"column":76}},"type":"binary-expr","locations":[{"start":{"line":48,"column":30},"end":{"line":48,"column":60}},{"start":{"line":48,"column":64},"end":{"line":48,"column":76}}]},"4":{"loc":{"start":{"line":49,"column":30},"end":{"line":49,"column":76}},"type":"binary-expr","locations":[{"start":{"line":49,"column":30},"end":{"line":49,"column":60}},{"start":{"line":49,"column":64},"end":{"line":49,"column":76}}]},"5":{"loc":{"start":{"line":50,"column":33},"end":{"line":50,"column":82}},"type":"binary-expr","locations":[{"start":{"line":50,"column":33},"end":{"line":50,"column":66}},{"start":{"line":50,"column":70},"end":{"line":50,"column":82}}]},"6":{"loc":{"start":{"line":51,"column":29},"end":{"line":51,"column":75}},"type":"binary-expr","locations":[{"start":{"line":51,"column":29},"end":{"line":51,"column":59}},{"start":{"line":51,"column":63},"end":{"line":51,"column":75}}]},"7":{"loc":{"start":{"line":52,"column":33},"end":{"line":52,"column":80}},"type":"binary-expr","locations":[{"start":{"line":52,"column":33},"end":{"line":52,"column":64}},{"start":{"line":52,"column":68},"end":{"line":52,"column":80}}]},"8":{"loc":{"start":{"line":73,"column":108},"end":{"line":73,"column":null}},"type":"cond-expr","locations":[{"start":{"line":73,"column":134},"end":{"line":73,"column":161}},{"start":{"line":73,"column":164},"end":{"line":73,"column":null}}]}},"s":{"0":0,"1":0,"2":0,"3":0,"4":0,"5":0,"6":0,"7":0,"8":0,"9":0,"10":0,"11":0,"12":0,"13":0,"14":0,"15":0,"16":0,"17":0,"18":0,"19":0,"20":0,"21":0,"22":0,"23":0,"24":0,"25":0,"26":0,"27":0,"28":0,"29":0,"30":0,"31":0,"32":0},"f":{"0":0,"1":0,"2":0,"3":0,"4":0,"5":0,"6":0},"b":{"0":[0],"1":[0],"2":[0],"3":[0,0],"4":[0,0],"5":[0,0],"6":[0,0],"7":[0,0],"8":[0,0]}}
,"D:\\VibrantGoodsShop\\client\\src\\entities\\product\\ui\\ProductItem.tsx": {"path":"D:\\VibrantGoodsShop\\client\\src\\entities\\product\\ui\\ProductItem.tsx","statementMap":{"0":{"start":{"line":1,"column":0},"end":{"line":1,"column":36}},"1":{"start":{"line":2,"column":0},"end":{"line":2,"column":43}},"2":{"start":{"line":3,"column":0},"end":{"line":3,"column":75}},"3":{"start":{"line":5,"column":0},"end":{"line":5,"column":42}},"4":{"start":{"line":11,"column":48},"end":{"line":77,"column":2}},"5":{"start":{"line":12,"column":2},"end":{"line":12,"column":29}},"6":{"start":{"line":12,"column":17},"end":{"line":12,"column":29}},"7":{"start":{"line":14,"column":22},"end":{"line":15,"column":60}},"8":{"start":{"line":15,"column":4},"end":{"line":15,"column":60}},"9":{"start":{"line":17,"column":22},"end":{"line":17,"column":56}},"10":{"start":{"line":18,"column":21},"end":{"line":20,"column":16}},"11":{"start":{"line":22,"column":2},"end":{"line":76,"column":4}},"12":{"start":{"line":45,"column":30},"end":{"line":45,"column":48}},"13":{"start":{"line":79,"column":0},"end":{"line":79,"column":27}}},"fnMap":{"0":{"name":"(anonymous_7)","decl":{"start":{"line":11,"column":53},"end":{"line":11,"column":54}},"loc":{"start":{"line":11,"column":66},"end":{"line":77,"column":1}}},"1":{"name":"(anonymous_8)","decl":{"start":{"line":14,"column":22},"end":{"line":14,"column":23}},"loc":{"start":{"line":15,"column":4},"end":{"line":15,"column":60}}},"2":{"name":"(anonymous_9)","decl":{"start":{"line":45,"column":23},"end":{"line":45,"column":24}},"loc":{"start":{"line":45,"column":30},"end":{"line":45,"column":48}}}},"branchMap":{"0":{"loc":{"start":{"line":12,"column":2},"end":{"line":12,"column":29}},"type":"if","locations":[{"start":{"line":12,"column":2},"end":{"line":12,"column":29}}]},"1":{"loc":{"start":{"line":17,"column":22},"end":{"line":17,"column":56}},"type":"binary-expr","locations":[{"start":{"line":17,"column":22},"end":{"line":17,"column":35}},{"start":{"line":17,"column":39},"end":{"line":17,"column":56}}]},"2":{"loc":{"start":{"line":18,"column":21},"end":{"line":20,"column":16}},"type":"cond-expr","locations":[{"start":{"line":19,"column":6},"end":{"line":19,"column":44}},{"start":{"line":20,"column":6},"end":{"line":20,"column":16}}]},"3":{"loc":{"start":{"line":32,"column":17},"end":{"line":32,"column":55}},"type":"binary-expr","locations":[{"start":{"line":32,"column":17},"end":{"line":32,"column":33}},{"start":{"line":32,"column":37},"end":{"line":32,"column":55}}]},"4":{"loc":{"start":{"line":37,"column":11},"end":{"line":40,"column":null}},"type":"binary-expr","locations":[{"start":{"line":37,"column":11},"end":{"line":37,"column":22}},{"start":{"line":38,"column":12},"end":{"line":39,"column":null}}]},"5":{"loc":{"start":{"line":55,"column":13},"end":{"line":55,"column":41}},"type":"binary-expr","locations":[{"start":{"line":55,"column":13},"end":{"line":55,"column":26}},{"start":{"line":55,"column":30},"end":{"line":55,"column":41}}]},"6":{"loc":{"start":{"line":67,"column":13},"end":{"line":70,"column":null}},"type":"binary-expr","locations":[{"start":{"line":67,"column":13},"end":{"line":67,"column":24}},{"start":{"line":68,"column":14},"end":{"line":69,"column":null}}]}},"s":{"0":1,"1":1,"2":1,"3":1,"4":1,"5":1,"6":0,"7":1,"8":2,"9":1,"10":1,"11":1,"12":0,"13":1},"f":{"0":1,"1":2,"2":0},"b":{"0":[0],"1":[1,1],"2":[1,0],"3":[1,0],"4":[1,1],"5":[1,0],"6":[1,1]}}
,"D:\\VibrantGoodsShop\\client\\src\\entities\\product\\ui\\SimilarProducts.tsx": {"path":"D:\\VibrantGoodsShop\\client\\src\\entities\\product\\ui\\SimilarProducts.tsx","statementMap":{"0":{"start":{"line":1,"column":0},"end":{"line":1,"column":36}},"1":{"start":{"line":2,"column":0},"end":{"line":2,"column":68}},"2":{"start":{"line":3,"column":0},"end":{"line":3,"column":40}},"3":{"start":{"line":4,"column":0},"end":{"line":4,"column":41}},"4":{"start":{"line":5,"column":0},"end":{"line":5,"column":50}},"5":{"start":{"line":11,"column":56},"end":{"line":60,"column":2}},"6":{"start":{"line":17,"column":6},"end":{"line":19,"column":4}},"7":{"start":{"line":21,"column":2},"end":{"line":27,"column":null}},"8":{"start":{"line":22,"column":4},"end":{"line":26,"column":6}},"9":{"start":{"line":29,"column":2},"end":{"line":31,"column":null}},"10":{"start":{"line":30,"column":4},"end":{"line":30,"column":16}},"11":{"start":{"line":33,"column":26},"end":{"line":33,"column":53}},"12":{"start":{"line":35,"column":2},"end":{"line":59,"column":4}},"13":{"start":{"line":49,"column":12},"end":{"line":50,"column":null}},"14":{"start":{"line":62,"column":0},"end":{"line":62,"column":31}}},"fnMap":{"0":{"name":"(anonymous_7)","decl":{"start":{"line":11,"column":61},"end":{"line":11,"column":62}},"loc":{"start":{"line":11,"column":79},"end":{"line":60,"column":1}}},"1":{"name":"(anonymous_8)","decl":{"start":{"line":48,"column":31},"end":{"line":48,"column":32}},"loc":{"start":{"line":49,"column":12},"end":{"line":50,"column":null}}}},"branchMap":{"0":{"loc":{"start":{"line":21,"column":2},"end":{"line":27,"column":null}},"type":"if","locations":[{"start":{"line":21,"column":2},"end":{"line":27,"column":null}}]},"1":{"loc":{"start":{"line":21,"column":6},"end":{"line":21,"column":29}},"type":"binary-expr","locations":[{"start":{"line":21,"column":6},"end":{"line":21,"column":15}},{"start":{"line":21,"column":19},"end":{"line":21,"column":29}}]},"2":{"loc":{"start":{"line":29,"column":2},"end":{"line":31,"column":null}},"type":"if","locations":[{"start":{"line":29,"column":2},"end":{"line":31,"column":null}}]},"3":{"loc":{"start":{"line":29,"column":6},"end":{"line":29,"column":65}},"type":"binary-expr","locations":[{"start":{"line":29,"column":6},"end":{"line":29,"column":13}},{"start":{"line":29,"column":17},"end":{"line":29,"column":33}},{"start":{"line":29,"column":37},"end":{"line":29,"column":65}}]}},"s":{"0":0,"1":0,"2":0,"3":0,"4":0,"5":0,"6":0,"7":0,"8":0,"9":0,"10":0,"11":0,"12":0,"13":0,"14":0},"f":{"0":0,"1":0},"b":{"0":[0],"1":[0,0],"2":[0],"3":[0,0,0]}}
,"D:\\VibrantGoodsShop\\client\\src\\entities\\product\\ui\\ProductItemHome\\ProductItemHome.tsx": {"path":"D:\\VibrantGoodsShop\\client\\src\\entities\\product\\ui\\ProductItemHome\\ProductItemHome.tsx","statementMap":{"0":{"start":{"line":1,"column":0},"end":{"line":1,"column":26}},"1":{"start":{"line":3,"column":0},"end":{"line":3,"column":43}},"2":{"start":{"line":9,"column":52},"end":{"line":42,"column":1}},"3":{"start":{"line":10,"column":20},"end":{"line":10,"column":54}},"4":{"start":{"line":12,"column":2},"end":{"line":41,"column":4}},"5":{"start":{"line":44,"column":0},"end":{"line":44,"column":31}}},"fnMap":{"0":{"name":"(anonymous_1)","decl":{"start":{"line":9,"column":52},"end":{"line":9,"column":53}},"loc":{"start":{"line":9,"column":65},"end":{"line":42,"column":1}}}},"branchMap":{"0":{"loc":{"start":{"line":35,"column":33},"end":{"line":35,"column":57}},"type":"cond-expr","locations":[{"start":{"line":35,"column":49},"end":{"line":35,"column":52}},{"start":{"line":35,"column":55},"end":{"line":35,"column":57}}]}},"s":{"0":0,"1":0,"2":0,"3":0,"4":0,"5":0},"f":{"0":0},"b":{"0":[0,0]}}
,"D:\\VibrantGoodsShop\\client\\src\\entities\\review\\api\\reviewApi.ts": {"path":"D:\\VibrantGoodsShop\\client\\src\\entities\\review\\api\\reviewApi.ts","statementMap":{"0":{"start":{"line":1,"column":0},"end":{"line":1,"column":73}},"1":{"start":{"line":24,"column":13},"end":{"line":51,"column":3}},"2":{"start":{"line":29,"column":21},"end":{"line":29,"column":56}},"3":{"start":{"line":30,"column":6},"end":{"line":32,"column":null}},"4":{"start":{"line":31,"column":8},"end":{"line":31,"column":56}},"5":{"start":{"line":33,"column":6},"end":{"line":33,"column":21}},"6":{"start":{"line":37,"column":27},"end":{"line":50,"column":4}},"7":{"start":{"line":39,"column":41},"end":{"line":43,"column":8}},"8":{"start":{"line":47,"column":28},"end":{"line":47,"column":56}},"9":{"start":{"line":53,"column":15},"end":{"line":53,"column":73}}},"fnMap":{"0":{"name":"(anonymous_0)","decl":{"start":{"line":28,"column":20},"end":{"line":28,"column":21}},"loc":{"start":{"line":28,"column":46},"end":{"line":34,"column":5}}},"1":{"name":"(anonymous_1)","decl":{"start":{"line":37,"column":13},"end":{"line":37,"column":14}},"loc":{"start":{"line":37,"column":27},"end":{"line":50,"column":4}}},"2":{"name":"(anonymous_2)","decl":{"start":{"line":39,"column":13},"end":{"line":39,"column":14}},"loc":{"start":{"line":39,"column":41},"end":{"line":43,"column":8}}},"3":{"name":"(anonymous_3)","decl":{"start":{"line":47,"column":13},"end":{"line":47,"column":14}},"loc":{"start":{"line":47,"column":28},"end":{"line":47,"column":56}}}},"branchMap":{"0":{"loc":{"start":{"line":30,"column":6},"end":{"line":32,"column":null}},"type":"if","locations":[{"start":{"line":30,"column":6},"end":{"line":32,"column":null}}]}},"s":{"0":0,"1":0,"2":0,"3":0,"4":0,"5":0,"6":0,"7":0,"8":0,"9":0},"f":{"0":0,"1":0,"2":0,"3":0},"b":{"0":[0]}}
,"D:\\VibrantGoodsShop\\client\\src\\entities\\review\\ui\\Review\\AddReview.tsx": {"path":"D:\\VibrantGoodsShop\\client\\src\\entities\\review\\ui\\Review\\AddReview.tsx","statementMap":{"0":{"start":{"line":1,"column":0},"end":{"line":1,"column":46}},"1":{"start":{"line":2,"column":0},"end":{"line":2,"column":65}},"2":{"start":{"line":3,"column":0},"end":{"line":3,"column":45}},"3":{"start":{"line":4,"column":0},"end":{"line":4,"column":55}},"4":{"start":{"line":10,"column":44},"end":{"line":45,"column":2}},"5":{"start":{"line":11,"column":25},"end":{"line":11,"column":50}},"6":{"start":{"line":12,"column":30},"end":{"line":12,"column":41}},"7":{"start":{"line":13,"column":26},"end":{"line":13,"column":38}},"8":{"start":{"line":14,"column":27},"end":{"line":14,"column":64}},"9":{"start":{"line":14,"column":53},"end":{"line":14,"column":63}},"10":{"start":{"line":16,"column":23},"end":{"line":21,"column":3}},"11":{"start":{"line":17,"column":4},"end":{"line":17,"column":27}},"12":{"start":{"line":19,"column":4},"end":{"line":19,"column":82}},"13":{"start":{"line":20,"column":4},"end":{"line":20,"column":null}},"14":{"start":{"line":23,"column":2},"end":{"line":43,"column":4}},"15":{"start":{"line":28,"column":33},"end":{"line":28,"column":49}},"16":{"start":{"line":34,"column":29},"end":{"line":34,"column":56}},"17":{"start":{"line":47,"column":0},"end":{"line":47,"column":25}}},"fnMap":{"0":{"name":"(anonymous_7)","decl":{"start":{"line":10,"column":49},"end":{"line":10,"column":50}},"loc":{"start":{"line":10,"column":67},"end":{"line":45,"column":1}}},"1":{"name":"(anonymous_8)","decl":{"start":{"line":14,"column":42},"end":{"line":14,"column":43}},"loc":{"start":{"line":14,"column":53},"end":{"line":14,"column":63}}},"2":{"name":"(anonymous_9)","decl":{"start":{"line":16,"column":23},"end":{"line":16,"column":24}},"loc":{"start":{"line":16,"column":50},"end":{"line":21,"column":3}}},"3":{"name":"(anonymous_10)","decl":{"start":{"line":28,"column":22},"end":{"line":28,"column":23}},"loc":{"start":{"line":28,"column":33},"end":{"line":28,"column":49}}},"4":{"name":"(anonymous_11)","decl":{"start":{"line":34,"column":18},"end":{"line":34,"column":19}},"loc":{"start":{"line":34,"column":29},"end":{"line":34,"column":56}}}},"branchMap":{},"s":{"0":0,"1":0,"2":0,"3":0,"4":0,"5":0,"6":0,"7":0,"8":0,"9":0,"10":0,"11":0,"12":0,"13":0,"14":0,"15":0,"16":0,"17":0},"f":{"0":0,"1":0,"2":0,"3":0,"4":0},"b":{}}
,"D:\\VibrantGoodsShop\\client\\src\\entities\\review\\ui\\Review\\Reviews.tsx": {"path":"D:\\VibrantGoodsShop\\client\\src\\entities\\review\\ui\\Review\\Reviews.tsx","statementMap":{"0":{"start":{"line":1,"column":0},"end":{"line":1,"column":36}},"1":{"start":{"line":2,"column":0},"end":{"line":2,"column":60}},"2":{"start":{"line":3,"column":0},"end":{"line":3,"column":50}},"3":{"start":{"line":4,"column":0},"end":{"line":4,"column":41}},"4":{"start":{"line":18,"column":40},"end":{"line":67,"column":2}},"5":{"start":{"line":19,"column":48},"end":{"line":19,"column":77}},"6":{"start":{"line":21,"column":2},"end":{"line":27,"column":null}},"7":{"start":{"line":22,"column":4},"end":{"line":26,"column":6}},"8":{"start":{"line":29,"column":2},"end":{"line":35,"column":null}},"9":{"start":{"line":30,"column":4},"end":{"line":34,"column":6}},"10":{"start":{"line":37,"column":2},"end":{"line":43,"column":null}},"11":{"start":{"line":38,"column":4},"end":{"line":42,"column":6}},"12":{"start":{"line":45,"column":2},"end":{"line":66,"column":4}},"13":{"start":{"line":48,"column":8},"end":{"line":49,"column":null}},"14":{"start":{"line":69,"column":0},"end":{"line":69,"column":23}}},"fnMap":{"0":{"name":"(anonymous_7)","decl":{"start":{"line":18,"column":45},"end":{"line":18,"column":46}},"loc":{"start":{"line":18,"column":63},"end":{"line":67,"column":1}}},"1":{"name":"(anonymous_8)","decl":{"start":{"line":47,"column":19},"end":{"line":47,"column":20}},"loc":{"start":{"line":48,"column":8},"end":{"line":49,"column":null}}}},"branchMap":{"0":{"loc":{"start":{"line":21,"column":2},"end":{"line":27,"column":null}},"type":"if","locations":[{"start":{"line":21,"column":2},"end":{"line":27,"column":null}}]},"1":{"loc":{"start":{"line":29,"column":2},"end":{"line":35,"column":null}},"type":"if","locations":[{"start":{"line":29,"column":2},"end":{"line":35,"column":null}}]},"2":{"loc":{"start":{"line":29,"column":6},"end":{"line":29,"column":25}},"type":"binary-expr","locations":[{"start":{"line":29,"column":6},"end":{"line":29,"column":13}},{"start":{"line":29,"column":17},"end":{"line":29,"column":25}}]},"3":{"loc":{"start":{"line":37,"column":2},"end":{"line":43,"column":null}},"type":"if","locations":[{"start":{"line":37,"column":2},"end":{"line":43,"column":null}}]},"4":{"loc":{"start":{"line":57,"column":11},"end":{"line":60,"column":null}},"type":"binary-expr","locations":[{"start":{"line":57,"column":11},"end":{"line":57,"column":22}},{"start":{"line":58,"column":12},"end":{"line":59,"column":null}}]}},"s":{"0":0,"1":0,"2":0,"3":0,"4":0,"5":0,"6":0,"7":0,"8":0,"9":0,"10":0,"11":0,"12":0,"13":0,"14":0},"f":{"0":0,"1":0},"b":{"0":[0],"1":[0],"2":[0,0],"3":[0],"4":[0,0]}}
,"D:\\VibrantGoodsShop\\client\\src\\entities\\review\\ui\\Review\\ReviewsModal.tsx": {"path":"D:\\VibrantGoodsShop\\client\\src\\entities\\review\\ui\\Review\\ReviewsModal.tsx","statementMap":{"0":{"start":{"line":1,"column":0},"end":{"line":1,"column":36}},"1":{"start":{"line":2,"column":0},"end":{"line":2,"column":40}},"2":{"start":{"line":3,"column":0},"end":{"line":3,"column":36}},"3":{"start":{"line":11,"column":50},"end":{"line":54,"column":2}},"4":{"start":{"line":12,"column":2},"end":{"line":14,"column":null}},"5":{"start":{"line":13,"column":4},"end":{"line":13,"column":16}},"6":{"start":{"line":16,"column":30},"end":{"line":20,"column":3}},"7":{"start":{"line":17,"column":4},"end":{"line":19,"column":null}},"8":{"start":{"line":18,"column":6},"end":{"line":18,"column":16}},"9":{"start":{"line":22,"column":2},"end":{"line":53,"column":4}},"10":{"start":{"line":29,"column":24},"end":{"line":29,"column":43}},"11":{"start":{"line":56,"column":0},"end":{"line":56,"column":28}}},"fnMap":{"0":{"name":"(anonymous_7)","decl":{"start":{"line":11,"column":55},"end":{"line":11,"column":56}},"loc":{"start":{"line":11,"column":90},"end":{"line":54,"column":1}}},"1":{"name":"(anonymous_8)","decl":{"start":{"line":16,"column":30},"end":{"line":16,"column":31}},"loc":{"start":{"line":16,"column":74},"end":{"line":20,"column":3}}},"2":{"name":"(anonymous_9)","decl":{"start":{"line":29,"column":17},"end":{"line":29,"column":18}},"loc":{"start":{"line":29,"column":24},"end":{"line":29,"column":43}}}},"branchMap":{"0":{"loc":{"start":{"line":12,"column":2},"end":{"line":14,"column":null}},"type":"if","locations":[{"start":{"line":12,"column":2},"end":{"line":14,"column":null}}]},"1":{"loc":{"start":{"line":17,"column":4},"end":{"line":19,"column":null}},"type":"if","locations":[{"start":{"line":17,"column":4},"end":{"line":19,"column":null}}]}},"s":{"0":0,"1":0,"2":0,"3":0,"4":0,"5":0,"6":0,"7":0,"8":0,"9":0,"10":0,"11":0},"f":{"0":0,"1":0,"2":0},"b":{"0":[0],"1":[0]}}
,"D:\\VibrantGoodsShop\\client\\src\\entities\\user\\api\\userApi.ts": {"path":"D:\\VibrantGoodsShop\\client\\src\\entities\\user\\api\\userApi.ts","statementMap":{"0":{"start":{"line":1,"column":0},"end":{"line":1,"column":73}},"1":{"start":{"line":5,"column":13},"end":{"line":44,"column":3}},"2":{"start":{"line":10,"column":21},"end":{"line":10,"column":56}},"3":{"start":{"line":11,"column":6},"end":{"line":13,"column":null}},"4":{"start":{"line":12,"column":8},"end":{"line":12,"column":56}},"5":{"start":{"line":14,"column":6},"end":{"line":14,"column":21}},"6":{"start":{"line":18,"column":25},"end":{"line":43,"column":4}},"7":{"start":{"line":20,"column":20},"end":{"line":22,"column":8}},"8":{"start":{"line":26,"column":30},"end":{"line":28,"column":8}},"9":{"start":{"line":32,"column":20},"end":{"line":34,"column":8}},"10":{"start":{"line":38,"column":29},"end":{"line":40,"column":8}},"11":{"start":{"line":46,"column":2},"end":{"line":50,"column":12}}},"fnMap":{"0":{"name":"(anonymous_0)","decl":{"start":{"line":9,"column":20},"end":{"line":9,"column":21}},"loc":{"start":{"line":9,"column":46},"end":{"line":15,"column":5}}},"1":{"name":"(anonymous_1)","decl":{"start":{"line":18,"column":13},"end":{"line":18,"column":14}},"loc":{"start":{"line":18,"column":25},"end":{"line":43,"column":4}}},"2":{"name":"(anonymous_2)","decl":{"start":{"line":20,"column":13},"end":{"line":20,"column":16}},"loc":{"start":{"line":20,"column":20},"end":{"line":22,"column":8}}},"3":{"name":"(anonymous_3)","decl":{"start":{"line":26,"column":13},"end":{"line":26,"column":14}},"loc":{"start":{"line":26,"column":30},"end":{"line":28,"column":8}}},"4":{"name":"(anonymous_4)","decl":{"start":{"line":32,"column":13},"end":{"line":32,"column":16}},"loc":{"start":{"line":32,"column":20},"end":{"line":34,"column":8}}},"5":{"name":"(anonymous_5)","decl":{"start":{"line":38,"column":13},"end":{"line":38,"column":14}},"loc":{"start":{"line":38,"column":29},"end":{"line":40,"column":8}}}},"branchMap":{"0":{"loc":{"start":{"line":11,"column":6},"end":{"line":13,"column":null}},"type":"if","locations":[{"start":{"line":11,"column":6},"end":{"line":13,"column":null}}]}},"s":{"0":0,"1":0,"2":0,"3":0,"4":0,"5":0,"6":0,"7":0,"8":0,"9":0,"10":0,"11":0},"f":{"0":0,"1":0,"2":0,"3":0,"4":0,"5":0},"b":{"0":[0]}}
,"D:\\VibrantGoodsShop\\client\\src\\entities\\user\\ui\\UserGetData.tsx": {"path":"D:\\VibrantGoodsShop\\client\\src\\entities\\user\\ui\\UserGetData.tsx","statementMap":{"0":{"start":{"line":1,"column":0},"end":{"line":1,"column":46}},"1":{"start":{"line":2,"column":0},"end":{"line":2,"column":64}},"2":{"start":{"line":3,"column":0},"end":{"line":3,"column":46}},"3":{"start":{"line":4,"column":0},"end":{"line":4,"column":40}},"4":{"start":{"line":5,"column":0},"end":{"line":5,"column":47}},"5":{"start":{"line":6,"column":0},"end":{"line":6,"column":57}},"6":{"start":{"line":7,"column":0},"end":{"line":7,"column":52}},"7":{"start":{"line":8,"column":0},"end":{"line":8,"column":39}},"8":{"start":{"line":9,"column":0},"end":{"line":9,"column":51}},"9":{"start":{"line":10,"column":0},"end":{"line":10,"column":84}},"10":{"start":{"line":11,"column":24},"end":{"line":11,"column":89}},"11":{"start":{"line":11,"column":34},"end":{"line":11,"column":88}},"12":{"start":{"line":12,"column":16},"end":{"line":12,"column":69}},"13":{"start":{"line":12,"column":26},"end":{"line":12,"column":68}},"14":{"start":{"line":13,"column":17},"end":{"line":13,"column":79}},"15":{"start":{"line":13,"column":27},"end":{"line":13,"column":78}},"16":{"start":{"line":16,"column":30},"end":{"line":67,"column":1}},"17":{"start":{"line":17,"column":30},"end":{"line":17,"column":60}},"18":{"start":{"line":19,"column":2},"end":{"line":21,"column":null}},"19":{"start":{"line":20,"column":4},"end":{"line":20,"column":23}},"20":{"start":{"line":23,"column":2},"end":{"line":66,"column":4}},"21":{"start":{"line":42,"column":14},"end":{"line":42,"column":null}},"22":{"start":{"line":69,"column":0},"end":{"line":69,"column":27}}},"fnMap":{"0":{"name":"(anonymous_7)","decl":{"start":{"line":11,"column":29},"end":{"line":11,"column":32}},"loc":{"start":{"line":11,"column":34},"end":{"line":11,"column":88}}},"1":{"name":"(anonymous_8)","decl":{"start":{"line":11,"column":34},"end":{"line":11,"column":42}},"loc":{"start":{"line":11,"column":34},"end":{"line":11,"column":88}}},"2":{"name":"(anonymous_9)","decl":{"start":{"line":12,"column":21},"end":{"line":12,"column":24}},"loc":{"start":{"line":12,"column":26},"end":{"line":12,"column":68}}},"3":{"name":"(anonymous_10)","decl":{"start":{"line":12,"column":26},"end":{"line":12,"column":34}},"loc":{"start":{"line":12,"column":26},"end":{"line":12,"column":68}}},"4":{"name":"(anonymous_11)","decl":{"start":{"line":13,"column":22},"end":{"line":13,"column":25}},"loc":{"start":{"line":13,"column":27},"end":{"line":13,"column":78}}},"5":{"name":"(anonymous_12)","decl":{"start":{"line":13,"column":27},"end":{"line":13,"column":35}},"loc":{"start":{"line":13,"column":27},"end":{"line":13,"column":78}}},"6":{"name":"(anonymous_13)","decl":{"start":{"line":16,"column":30},"end":{"line":16,"column":33}},"loc":{"start":{"line":16,"column":35},"end":{"line":67,"column":1}}},"7":{"name":"(anonymous_14)","decl":{"start":{"line":41,"column":34},"end":{"line":41,"column":35}},"loc":{"start":{"line":42,"column":14},"end":{"line":42,"column":null}}}},"branchMap":{"0":{"loc":{"start":{"line":19,"column":2},"end":{"line":21,"column":null}},"type":"if","locations":[{"start":{"line":19,"column":2},"end":{"line":21,"column":null}}]},"1":{"loc":{"start":{"line":19,"column":6},"end":{"line":19,"column":24}},"type":"binary-expr","locations":[{"start":{"line":19,"column":6},"end":{"line":19,"column":15}},{"start":{"line":19,"column":19},"end":{"line":19,"column":24}}]}},"s":{"0":0,"1":0,"2":0,"3":0,"4":0,"5":0,"6":0,"7":0,"8":0,"9":0,"10":0,"11":0,"12":0,"13":0,"14":0,"15":0,"16":0,"17":0,"18":0,"19":0,"20":0,"21":0,"22":0},"f":{"0":0,"1":0,"2":0,"3":0,"4":0,"5":0,"6":0,"7":0},"b":{"0":[0],"1":[0,0]}}
,"D:\\VibrantGoodsShop\\client\\src\\entities\\user\\ui\\useProductData.tsx": {"path":"D:\\VibrantGoodsShop\\client\\src\\entities\\user\\ui\\useProductData.tsx","statementMap":{"0":{"start":{"line":1,"column":0},"end":{"line":1,"column":33}},"1":{"start":{"line":4,"column":30},"end":{"line":27,"column":1}},"2":{"start":{"line":5,"column":44},"end":{"line":5,"column":56}},"3":{"start":{"line":6,"column":40},"end":{"line":6,"column":52}},"4":{"start":{"line":8,"column":23},"end":{"line":10,"column":10}},"5":{"start":{"line":9,"column":47},"end":{"line":9,"column":78}},"6":{"start":{"line":12,"column":23},"end":{"line":16,"column":18}},"7":{"start":{"line":14,"column":6},"end":{"line":14,"column":67}},"8":{"start":{"line":18,"column":21},"end":{"line":18,"column":91}},"9":{"start":{"line":18,"column":54},"end":{"line":18,"column":90}},"10":{"start":{"line":20,"column":2},"end":{"line":26,"column":4}},"11":{"start":{"line":4,"column":13},"end":{"line":4,"column":30}}},"fnMap":{"0":{"name":"(anonymous_0)","decl":{"start":{"line":4,"column":30},"end":{"line":4,"column":31}},"loc":{"start":{"line":4,"column":60},"end":{"line":27,"column":1}}},"1":{"name":"(anonymous_1)","decl":{"start":{"line":9,"column":18},"end":{"line":9,"column":19}},"loc":{"start":{"line":9,"column":47},"end":{"line":9,"column":78}}},"2":{"name":"(anonymous_2)","decl":{"start":{"line":13,"column":26},"end":{"line":13,"column":27}},"loc":{"start":{"line":14,"column":6},"end":{"line":14,"column":67}}},"3":{"name":"(anonymous_3)","decl":{"start":{"line":18,"column":44},"end":{"line":18,"column":45}},"loc":{"start":{"line":18,"column":54},"end":{"line":18,"column":90}}}},"branchMap":{"0":{"loc":{"start":{"line":8,"column":23},"end":{"line":10,"column":10}},"type":"cond-expr","locations":[{"start":{"line":9,"column":6},"end":{"line":9,"column":79}},{"start":{"line":10,"column":6},"end":{"line":10,"column":10}}]},"1":{"loc":{"start":{"line":12,"column":23},"end":{"line":16,"column":18}},"type":"cond-expr","locations":[{"start":{"line":13,"column":6},"end":{"line":14,"column":null}},{"start":{"line":16,"column":6},"end":{"line":16,"column":18}}]}},"s":{"0":0,"1":0,"2":0,"3":0,"4":0,"5":0,"6":0,"7":0,"8":0,"9":0,"10":0,"11":0},"f":{"0":0,"1":0,"2":0,"3":0},"b":{"0":[0,0],"1":[0,0]}}
,"D:\\VibrantGoodsShop\\client\\src\\entities\\user\\ui\\UserProfile\\UserProfile.tsx": {"path":"D:\\VibrantGoodsShop\\client\\src\\entities\\user\\ui\\UserProfile\\UserProfile.tsx","statementMap":{"0":{"start":{"line":2,"column":0},"end":{"line":2,"column":44}},"1":{"start":{"line":3,"column":0},"end":{"line":3,"column":42}},"2":{"start":{"line":4,"column":0},"end":{"line":4,"column":48}},"3":{"start":{"line":5,"column":0},"end":{"line":5,"column":47}},"4":{"start":{"line":6,"column":0},"end":{"line":6,"column":39}},"5":{"start":{"line":7,"column":0},"end":{"line":7,"column":68}},"6":{"start":{"line":8,"column":0},"end":{"line":8,"column":59}},"7":{"start":{"line":9,"column":0},"end":{"line":9,"column":81}},"8":{"start":{"line":17,"column":20},"end":{"line":314,"column":1}},"9":{"start":{"line":18,"column":19},"end":{"line":18,"column":45}},"10":{"start":{"line":19,"column":26},"end":{"line":19,"column":63}},"11":{"start":{"line":19,"column":52},"end":{"line":19,"column":62}},"12":{"start":{"line":20,"column":34},"end":{"line":20,"column":91}},"13":{"start":{"line":21,"column":32},"end":{"line":21,"column":46}},"14":{"start":{"line":22,"column":19},"end":{"line":22,"column":32}},"15":{"start":{"line":24,"column":17},"end":{"line":24,"column":47}},"16":{"start":{"line":26,"column":2},"end":{"line":42,"column":35}},"17":{"start":{"line":27,"column":4},"end":{"line":41,"column":null}},"18":{"start":{"line":28,"column":6},"end":{"line":37,"column":42}},"19":{"start":{"line":31,"column":10},"end":{"line":31,"column":100}},"20":{"start":{"line":34,"column":10},"end":{"line":34,"column":62}},"21":{"start":{"line":35,"column":10},"end":{"line":35,"column":81}},"22":{"start":{"line":37,"column":23},"end":{"line":37,"column":40}},"23":{"start":{"line":39,"column":6},"end":{"line":39,"column":49}},"24":{"start":{"line":40,"column":6},"end":{"line":40,"column":25}},"25":{"start":{"line":44,"column":28},"end":{"line":50,"column":3}},"26":{"start":{"line":45,"column":28},"end":{"line":45,"column":36}},"27":{"start":{"line":46,"column":4},"end":{"line":49,"column":8}},"28":{"start":{"line":46,"column":25},"end":{"line":49,"column":6}},"29":{"start":{"line":52,"column":27},"end":{"line":74,"column":3}},"30":{"start":{"line":53,"column":4},"end":{"line":56,"column":null}},"31":{"start":{"line":54,"column":6},"end":{"line":54,"column":49}},"32":{"start":{"line":55,"column":6},"end":{"line":55,"column":13}},"33":{"start":{"line":58,"column":28},"end":{"line":58,"column":36}},"34":{"start":{"line":59,"column":26},"end":{"line":59,"column":41}},"35":{"start":{"line":62,"column":4},"end":{"line":73,"column":9}},"36":{"start":{"line":65,"column":8},"end":{"line":65,"column":51}},"37":{"start":{"line":66,"column":8},"end":{"line":68,"column":null}},"38":{"start":{"line":67,"column":10},"end":{"line":67,"column":37}},"39":{"start":{"line":71,"column":8},"end":{"line":71,"column":62}},"40":{"start":{"line":72,"column":8},"end":{"line":72,"column":66}},"41":{"start":{"line":76,"column":27},"end":{"line":97,"column":3}},"42":{"start":{"line":77,"column":4},"end":{"line":80,"column":null}},"43":{"start":{"line":78,"column":6},"end":{"line":78,"column":49}},"44":{"start":{"line":79,"column":6},"end":{"line":79,"column":13}},"45":{"start":{"line":82,"column":4},"end":{"line":84,"column":null}},"46":{"start":{"line":83,"column":6},"end":{"line":83,"column":13}},"47":{"start":{"line":86,"column":4},"end":{"li
[...]
":{"line":20,"column":23}},"17":{"start":{"line":19,"column":6},"end":{"line":19,"column":76}},"18":{"start":{"line":19,"column":33},"end":{"line":19,"column":73}},"19":{"start":{"line":21,"column":4},"end":{"line":23,"column":6}},"20":{"start":{"line":22,"column":6},"end":{"line":22,"column":60}},"21":{"start":{"line":22,"column":28},"end":{"line":22,"column":60}},"22":{"start":{"line":26,"column":21},"end":{"line":31,"column":3}},"23":{"start":{"line":27,"column":4},"end":{"line":27,"column":28}},"24":{"start":{"line":27,"column":21},"end":{"line":27,"column":28}},"25":{"start":{"line":28,"column":4},"end":{"line":28,"column":25}},"26":{"start":{"line":29,"column":4},"end":{"line":29,"column":74}},"27":{"start":{"line":29,"column":31},"end":{"line":29,"column":71}},"28":{"start":{"line":30,"column":4},"end":{"line":30,"column":49}},"29":{"start":{"line":30,"column":21},"end":{"line":30,"column":42}},"30":{"start":{"line":33,"column":21},"end":{"line":38,"column":3}},"31":{"start":{"line":34,"column":4},"end":{"line":34,"column":28}},"32":{"start":{"line":34,"column":21},"end":{"line":34,"column":28}},"33":{"start":{"line":35,"column":4},"end":{"line":35,"column":25}},"34":{"start":{"line":36,"column":4},"end":{"line":36,"column":74}},"35":{"start":{"line":36,"column":31},"end":{"line":36,"column":71}},"36":{"start":{"line":37,"column":4},"end":{"line":37,"column":49}},"37":{"start":{"line":37,"column":21},"end":{"line":37,"column":42}},"38":{"start":{"line":41,"column":2},"end":{"line":41,"column":99}},"39":{"start":{"line":41,"column":17},"end":{"line":41,"column":99}},"40":{"start":{"line":42,"column":2},"end":{"line":42,"column":49}},"41":{"start":{"line":42,"column":37},"end":{"line":42,"column":49}},"42":{"start":{"line":44,"column":21},"end":{"line":44,"column":40}},"43":{"start":{"line":46,"column":2},"end":{"line":133,"column":4}},"44":{"start":{"line":53,"column":10},"end":{"line":54,"column":null}},"45":{"start":{"line":136,"column":0},"end":{"line":136,"column":22}}},"fnMap":{"0":{"name":"(anonymous_6)","decl":{"start":{"line":7,"column":25},"end":{"line":7,"column":28}},"loc":{"start":{"line":7,"column":30},"end":{"line":134,"column":1}}},"1":{"name":"(anonymous_7)","decl":{"start":{"line":15,"column":12},"end":{"line":15,"column":15}},"loc":{"start":{"line":15,"column":17},"end":{"line":24,"column":3}}},"2":{"name":"(anonymous_8)","decl":{"start":{"line":18,"column":35},"end":{"line":18,"column":38}},"loc":{"start":{"line":18,"column":40},"end":{"line":20,"column":5}}},"3":{"name":"(anonymous_9)","decl":{"start":{"line":19,"column":22},"end":{"line":19,"column":23}},"loc":{"start":{"line":19,"column":33},"end":{"line":19,"column":73}}},"4":{"name":"(anonymous_10)","decl":{"start":{"line":21,"column":11},"end":{"line":21,"column":14}},"loc":{"start":{"line":21,"column":16},"end":{"line":23,"column":5}}},"5":{"name":"(anonymous_11)","decl":{"start":{"line":26,"column":21},"end":{"line":26,"column":24}},"loc":{"start":{"line":26,"column":26},"end":{"line":31,"column":3}}},"6":{"name":"(anonymous_12)","decl":{"start":{"line":29,"column":20},"end":{"line":29,"column":21}},"loc":{"start":{"line":29,"column":31},"end":{"line":29,"column":71}}},"7":{"name":"(anonymous_13)","decl":{"start":{"line":30,"column":15},"end":{"line":30,"column":18}},"loc":{"start":{"line":30,"column":21},"end":{"line":30,"column":42}}},"8":{"name":"(anonymous_14)","decl":{"start":{"line":33,"column":21},"end":{"line":33,"column":24}},"loc":{"start":{"line":33,"column":26},"end":{"line":38,"column":3}}},"9":{"name":"(anonymous_15)","decl":{"start":{"line":36,"column":20},"end":{"line":36,"column":21}},"loc":{"start":{"line":36,"column":31},"end":{"line":36,"column":71}}},"10":{"name":"(anonymous_16)","decl":{"start":{"line":37,"column":15},"end":{"line":37,"column":18}},"loc":{"start":{"line":37,"column":21},"end":{"line":37,"column":42}}},"11":{"name":"(anonymous_17)","decl":{"start":{"line":52,"column":19},"end":{"line":52,"column":20}},"loc":{"start":{"line":53,"column":10},"end":{"line":54,"column":null}}}},"branchMap":{"0":{"loc":{"start":{"line":8,"column":16},"end":{"line":8,"column":26}},"type":"default-arg","locations":[{"start":{"line":8,"column":24},"end":{"line":8,"column":26}}]},"1":{"loc":{"start":{"line":16,"column":4},"end":{"line":16,"column":35}},"type":"if","locations":[{"start":{"line":16,"column":4},"end":{"line":16,"column":35}}]},"2":{"loc":{"start":{"line":17,"column":4},"end":{"line":17,"column":58}},"type":"if","locations":[{"start":{"line":17,"column":4},"end":{"line":17,"column":58}}]},"3":{"loc":{"start":{"line":19,"column":33},"end":{"line":19,"column":73}},"type":"cond-expr","locations":[{"start":{"line":19,"column":61},"end":{"line":19,"column":62}},{"start":{"line":19,"column":65},"end":{"line":19,"column":73}}]},"4":{"loc":{"start":{"line":22,"column":6},"end":{"line":22,"column":60}},"type":"if","locations":[{"start":{"line":22,"column":6},"end":{"line":22,"column":60}}]},"5":{"loc":{"start":{"line":27,"column":4},"end":{"line":27,"column":28}},"type":"if","locations":[{"start":{"line":27,"column":4},"end":{"line":27,"column":28}}]},"6":{"loc":{"start":{"line":29,"column":31},"end":{"line":29,"column":71}},"type":"cond-expr","locations":[{"start":{"line":29,"column":59},"end":{"line":29,"column":60}},{"start":{"line":29,"column":63},"end":{"line":29,"column":71}}]},"7":{"loc":{"start":{"line":34,"column":4},"end":{"line":34,"column":28}},"type":"if","locations":[{"start":{"line":34,"column":4},"end":{"line":34,"column":28}}]},"8":{"loc":{"start":{"line":36,"column":31},"end":{"line":36,"column":71}},"type":"cond-expr","locations":[{"start":{"line":36,"column":44},"end":{"line":36,"column":60}},{"start":{"line":36,"column":63},"end":{"line":36,"column":71}}]},"9":{"loc":{"start":{"line":41,"column":2},"end":{"line":41,"column":99}},"type":"if","locations":[{"start":{"line":41,"column":2},"end":{"line":41,"column":99}}]},"10":{"loc":{"start":{"line":42,"column":2},"end":{"line":42,"column":49}},"type":"if","locations":[{"start":{"line":42,"column":2},"end":{"line":42,"column":49}}]},"11":{"loc":{"start":{"line":42,"column":6},"end":{"line":42,"column":35}},"type":"binary-expr","locations":[{"start":{"line":42,"column":6},"end":{"line":42,"column":13}},{"start":{"line":42,"column":17},"end":{"line":42,"column":35}}]},"12":{"loc":{"start":{"line":56,"column":16},"end":{"line":56,"column":77}},"type":"cond-expr","locations":[{"start":{"line":56,"column":41},"end":{"line":56,"column":59}},{"start":{"line":56,"column":62},"end":{"line":56,"column":77}}]},"13":{"loc":{"start":{"line":64,"column":18},"end":{"line":64,"column":68}},"type":"cond-expr","locations":[{"start":{"line":64,"column":43},"end":{"line":64,"column":54}},{"start":{"line":64,"column":57},"end":{"line":64,"column":68}}]},"14":{"loc":{"start":{"line":54,"column":17},"end":{"line":54,"column":34}},"type":"binary-expr","locations":[{"start":{"line":54,"column":17},"end":{"line":54,"column":25}},{"start":{"line":54,"column":29},"end":{"line":54,"column":34}}]},"15":{"loc":{"start":{"line":93,"column":24},"end":{"line":93,"column":45}},"type":"binary-expr","locations":[{"start":{"line":93,"column":24},"end":{"line":93,"column":38}},{"start":{"line":93,"column":42},"end":{"line":93,"column":45}}]}},"s":{"0":0,"1":0,"2":0,"3":0,"4":0,"5":0,"6":0,"7":0,"8":0,"9":0,"10":0,"11":0,"12":0,"13":0,"14":0,"15":0,"16":0,"17":0,"18":0,"19":0,"20":0,"21":0,"22":0,"23":0,"24":0,"25":0,"26":0,"27":0,"28":0,"29":0,"30":0,"31":0,"32":0,"33":0,"34":0,"35":0,"36":0,"37":0,"38":0,"39":0,"40":0,"41":0,"42":0,"43":0,"44":0,"45":0},"f":{"0":0,"1":0,"2":0,"3":0,"4":0,"5":0,"6":0,"7":0,"8":0,"9":0,"10":0,"11":0},"b":{"0":[0],"1":[0],"2":[0],"3":[0,0],"4":[0],"5":[0],"6":[0,0],"7":[0],"8":[0,0],"9":[0],"10":[0],"11":[0,0],"12":[0,0],"13":[0,0],"14":[0,0],"15":[0,0]}}
,"D:\\VibrantGoodsShop\\client\\src\\widgets\\footer\\Footer\\Footer.tsx": {"path":"D:\\VibrantGoodsShop\\client\\src\\widgets\\footer\\Footer\\Footer.tsx","statementMap":{"0":{"start":{"line":1,"column":0},"end":{"line":1,"column":58}},"1":{"start":{"line":2,"column":0},"end":{"line":2,"column":52}},"2":{"start":{"line":4,"column":15},"end":{"line":18,"column":1}},"3":{"start":{"line":5,"column":2},"end":{"line":17,"column":4}},"4":{"start":{"line":20,"column":0},"end":{"line":20,"column":22}}},"fnMap":{"0":{"name":"(anonymous_1)","decl":{"start":{"line":4,"column":15},"end":{"line":4,"column":18}},"loc":{"start":{"line":4,"column":20},"end":{"line":18,"column":1}}}},"branchMap":{},"s":{"0":0,"1":0,"2":0,"3":0,"4":0},"f":{"0":0},"b":{}}
,"D:\\VibrantGoodsShop\\client\\src\\widgets\\footer\\Footer\\footerContent\\FooterColumns.tsx": {"path":"D:\\VibrantGoodsShop\\client\\src\\widgets\\footer\\Footer\\footerContent\\FooterColumns.tsx","statementMap":{"0":{"start":{"line":1,"column":0},"end":{"line":1,"column":57}},"1":{"start":{"line":2,"column":0},"end":{"line":2,"column":40}},"2":{"start":{"line":4,"column":22},"end":{"line":29,"column":1}},"3":{"start":{"line":5,"column":2},"end":{"line":28,"column":4}},"4":{"start":{"line":8,"column":8},"end":{"line":25,"column":10}},"5":{"start":{"line":15,"column":16},"end":{"line":21,"column":18}},"6":{"start":{"line":31,"column":0},"end":{"line":31,"column":29}}},"fnMap":{"0":{"name":"(anonymous_0)","decl":{"start":{"line":4,"column":22},"end":{"line":4,"column":25}},"loc":{"start":{"line":4,"column":27},"end":{"line":29,"column":1}}},"1":{"name":"(anonymous_1)","decl":{"start":{"line":7,"column":25},"end":{"line":7,"column":26}},"loc":{"start":{"line":7,"column":34},"end":{"line":26,"column":7}}},"2":{"name":"(anonymous_2)","decl":{"start":{"line":14,"column":34},"end":{"line":14,"column":35}},"loc":{"start":{"line":14,"column":46},"end":{"line":22,"column":15}}}},"branchMap":{},"s":{"0":0,"1":0,"2":0,"3":0,"4":0,"5":0,"6":0},"f":{"0":0,"1":0,"2":0},"b":{}}
,"D:\\VibrantGoodsShop\\client\\src\\widgets\\footer\\Footer\\footerContent\\SocialPart.tsx": {"path":"D:\\VibrantGoodsShop\\client\\src\\widgets\\footer\\Footer\\footerContent\\SocialPart.tsx","statementMap":{"0":{"start":{"line":1,"column":0},"end":{"line":1,"column":40}},"1":{"start":{"line":2,"column":0},"end":{"line":2,"column":55}},"2":{"start":{"line":4,"column":19},"end":{"line":49,"column":1}},"3":{"start":{"line":5,"column":2},"end":{"line":48,"column":4}},"4":{"start":{"line":11,"column":12},"end":{"line":20,"column":14}},"5":{"start":{"line":31,"column":12},"end":{"line":31,"column":31}},"6":{"start":{"line":51,"column":0},"end":{"line":51,"column":26}}},"fnMap":{"0":{"name":"(anonymous_0)","decl":{"start":{"line":4,"column":19},"end":{"line":4,"column":22}},"loc":{"start":{"line":4,"column":24},"end":{"line":49,"column":1}}},"1":{"name":"(anonymous_1)","decl":{"start":{"line":10,"column":27},"end":{"line":10,"column":28}},"loc":{"start":{"line":10,"column":42},"end":{"line":21,"column":11}}},"2":{"name":"(anonymous_2)","decl":{"start":{"line":30,"column":20},"end":{"line":30,"column":21}},"loc":{"start":{"line":30,"column":26},"end":{"line":32,"column":11}}}},"branchMap":{},"s":{"0":0,"1":0,"2":0,"3":0,"4":0,"5":0,"6":0},"f":{"0":0,"1":0,"2":0},"b":{}}
,"D:\\VibrantGoodsShop\\client\\src\\widgets\\header\\Header\\Header.tsx": {"path":"D:\\VibrantGoodsShop\\client\\src\\widgets\\header\\Header\\Header.tsx","statementMap":{"0":{"start":{"line":1,"column":0},"end":{"line":1,"column":47}},"1":{"start":{"line":2,"column":0},"end":{"line":2,"column":42}},"2":{"start":{"line":3,"column":0},"end":{"line":3,"column":66}},"3":{"start":{"line":4,"column":0},"end":{"line":4,"column":68}},"4":{"start":{"line":5,"column":0},"end":{"line":5,"column":55}},"5":{"start":{"line":6,"column":0},"end":{"line":6,"column":55}},"6":{"start":{"line":7,"column":0},"end":{"line":7,"column":56}},"7":{"start":{"line":8,"column":0},"end":{"line":8,"column":45}},"8":{"start":{"line":9,"column":0},"end":{"line":9,"column":47}},"9":{"start":{"line":10,"column":0},"end":{"line":10,"column":41}},"10":{"start":{"line":11,"column":0},"end":{"line":11,"column":71}},"11":{"start":{"line":14,"column":25},"end":{"line":92,"column":2}},"12":{"start":{"line":15,"column":19},"end":{"line":15,"column":45}},"13":{"start":{"line":16,"column":26},"end":{"line":16,"column":63}},"14":{"start":{"line":16,"column":52},"end":{"line":16,"column":62}},"15":{"start":{"line":17,"column":19},"end":{"line":17,"column":32}},"16":{"start":{"line":18,"column":19},"end":{"line":18,"column":32}},"17":{"start":{"line":20,"column":23},"end":{"line":29,"column":3}},"18":{"start":{"line":21,"column":4},"end":{"line":28,"column":null}},"19":{"start":{"line":22,"column":6},"end":{"line":22,"column":39}},"20":{"start":{"line":23,"column":6},"end":{"line":23,"column":40}},"21":{"start":{"line":24,"column":6},"end":{"line":24,"column":53}},"22":{"start":{"line":25,"column":6},"end":{"line":25,"column":44}},"23":{"start":{"line":27,"column":6},"end":{"line":27,"column":48}},"24":{"start":{"line":31,"column":2},"end":{"line":40,"column":46}},"25":{"start":{"line":32,"column":24},"end":{"line":32,"column":53}},"26":{"start":{"line":33,"column":4},"end":{"line":39,"column":null}},"27":{"start":{"line":34,"column":6},"end":{"line":34,"column":59}},"28":{"start":{"line":35,"column":6},"end":{"line":35,"column":44}},"29":{"start":{"line":36,"column":11},"end":{"line":39,"column":null}},"30":{"start":{"line":37,"column":6},"end":{"line":37,"column":52}},"31":{"start":{"line":38,"column":6},"end":{"line":38,"column":38}},"32":{"start":{"line":43,"column":2},"end":{"line":45,"column":null}},"33":{"start":{"line":44,"column":4},"end":{"line":44,"column":16}},"34":{"start":{"line":47,"column":2},"end":{"line":91,"column":4}},"35":{"start":{"line":94,"column":0},"end":{"line":94,"column":22}}},"fnMap":{"0":{"name":"(anonymous_7)","decl":{"start":{"line":14,"column":30},"end":{"line":14,"column":33}},"loc":{"start":{"line":14,"column":35},"end":{"line":92,"column":1}}},"1":{"name":"(anonymous_8)","decl":{"start":{"line":16,"column":41},"end":{"line":16,"column":42}},"loc":{"start":{"line":16,"column":52},"end":{"line":16,"column":62}}},"2":{"name":"(anonymous_9)","decl":{"start":{"line":20,"column":23},"end":{"line":20,"column":28}},"loc":{"start":{"line":20,"column":34},"end":{"line":29,"column":3}}},"3":{"name":"(anonymous_10)","decl":{"start":{"line":31,"column":12},"end":{"line":31,"column":15}},"loc":{"start":{"line":31,"column":17},"end":{"line":40,"column":3}}}},"branchMap":{"0":{"loc":{"start":{"line":33,"column":4},"end":{"line":39,"column":null}},"type":"if","locations":[{"start":{"line":33,"column":4},"end":{"line":39,"column":null}},{"start":{"line":36,"column":11},"end":{"line":39,"column":null}}]},"1":{"loc":{"start":{"line":33,"column":8},"end":{"line":33,"column":61}},"type":"binary-expr","locations":[{"start":{"line":33,"column":8},"end":{"line":33,"column":20}},{"start":{"line":33,"column":24},"end":{"line":33,"column":61}}]},"2":{"loc":{"start":{"line":36,"column":11},"end":{"line":39,"column":null}},"type":"if","locations":[{"start":{"line":36,"column":11},"end":{"line":39,"column":null}}]},"3":{"loc":{"start":{"line":43,"column":2},"end":{"line":45,"column":null}},"type":"if","locations":[{"start":{"line":43,"column":2},"end":{"line":45,"column":null}}]},"4":{"loc":{"start":{"line":62,"column":11},"end":{"line":62,"column":36}},"type":"binary-expr","locations":[{"start":{"line":62,"column":11},"end":{"line":62,"column":16}},{"start":{"line":62,"column":20},"end":{"line":62,"column":36}}]},"5":{"loc":{"start":{"line":67,"column":11},"end":{"line":86,"column":null}},"type":"cond-expr","locations":[{"start":{"line":68,"column":12},"end":{"line":77,"column":null}},{"start":{"line":80,"column":12},"end":{"line":85,"column":null}}]},"6":{"loc":{"start":{"line":70,"column":57},"end":{"line":70,"column":85}},"type":"binary-expr","locations":[{"start":{"line":70,"column":57},"end":{"line":70,"column":67}},{"start":{"line":70,"column":71},"end":{"line":70,"column":85}}]}},"s":{"0":1,"1":1,"2":1,"3":1,"4":1,"5":1,"6":1,"7":1,"8":1,"9":1,"10":1,"11":1,"12":1,"13":1,"14":2,"15":1,"16":1,"17":1,"18":0,"19":0,"20":0,"21":0,"22":0,"23":0,"24":1,"25":1,"26":1,"27":1,"28":1,"29":0,"30":0,"31":0,"32":1,"33":0,"34":1,"35":1},"f":{"0":1,"1":2,"2":0,"3":1},"b":{"0":[1,0],"1":[1,1],"2":[0],"3":[0],"4":[1,0],"5":[0,1],"6":[0,0]}}
,"D:\\VibrantGoodsShop\\client\\src\\widgets\\navigation\\Navigation\\Navigation.tsx": {"path":"D:\\VibrantGoodsShop\\client\\src\\widgets\\navigation\\Navigation\\Navigation.tsx","statementMap":{"0":{"start":{"line":1,"column":0},"end":{"line":1,"column":29}},"1":{"start":{"line":2,"column":0},"end":{"line":2,"column":40}},"2":{"start":{"line":3,"column":0},"end":{"line":3,"column":68}},"3":{"start":{"line":4,"column":0},"end":{"line":4,"column":63}},"4":{"start":{"line":5,"column":0},"end":{"line":5,"column":55}},"5":{"start":{"line":6,"column":0},"end":{"line":6,"column":45}},"6":{"start":{"line":7,"column":0},"end":{"line":7,"column":47}},"7":{"start":{"line":8,"column":0},"end":{"line":8,"column":43}},"8":{"start":{"line":9,"column":0},"end":{"line":9,"column":49}},"9":{"start":{"line":10,"column":0},"end":{"line":10,"column":62}},"10":{"start":{"line":12,"column":19},"end":{"line":56,"column":2}},"11":{"start":{"line":13,"column":17},"end":{"line":13,"column":61}},"12":{"start":{"line":13,"column":43},"end":{"line":13,"column":60}},"13":{"start":{"line":14,"column":29},"end":{"line":14,"column":85}},"14":{"start":{"line":15,"column":33},"end":{"line":15,"column":54}},"15":{"start":{"line":17,"column":25},"end":{"line":17,"column":61}},"16":{"start":{"line":18,"column":24},"end":{"line":18,"column":62}},"17":{"start":{"line":20,"column":2},"end":{"line":20,"column":76}},"18":{"start":{"line":22,"column":2},"end":{"line":55,"column":4}},"19":{"start":{"line":58,"column":0},"end":{"line":58,"column":38}},"20":{"start":{"line":60,"column":0},"end":{"line":60,"column":26}}},"fnMap":{"0":{"name":"(anonymous_1)","decl":{"start":{"line":12,"column":24},"end":{"line":12,"column":27}},"loc":{"start":{"line":12,"column":29},"end":{"line":56,"column":1}}},"1":{"name":"(anonymous_2)","decl":{"start":{"line":13,"column":32},"end":{"line":13,"column":33}},"loc":{"start":{"line":13,"column":43},"end":{"line":13,"column":60}}}},"branchMap":{"0":{"loc":{"start":{"line":14,"column":53},"end":{"line":14,"column":65}},"type":"binary-expr","locations":[{"start":{"line":14,"column":53},"end":{"line":14,"column":59}},{"start":{"line":14,"column":63},"end":{"line":14,"column":65}}]},"1":{"loc":{"start":{"line":17,"column":25},"end":{"line":17,"column":61}},"type":"cond-expr","locations":[{"start":{"line":17,"column":36},"end":{"line":17,"column":57}},{"start":{"line":17,"column":60},"end":{"line":17,"column":61}}]},"2":{"loc":{"start":{"line":18,"column":24},"end":{"line":18,"column":62}},"type":"cond-expr","locations":[{"start":{"line":18,"column":39},"end":{"line":18,"column":58}},{"start":{"line":18,"column":61},"end":{"line":18,"column":62}}]},"3":{"loc":{"start":{"line":35,"column":9},"end":{"line":37,"column":null}},"type":"binary-expr","locations":[{"start":{"line":35,"column":9},"end":{"line":35,"column":27}},{"start":{"line":36,"column":10},"end":{"line":37,"column":null}}]},"4":{"loc":{"start":{"line":41,"column":16},"end":{"line":41,"column":54}},"type":"cond-expr","locations":[{"start":{"line":41,"column":25},"end":{"line":41,"column":43}},{"start":{"line":41,"column":46},"end":{"line":41,"column":54}}]},"5":{"loc":{"start":{"line":48,"column":9},"end":{"line":50,"column":null}},"type":"binary-expr","locations":[{"start":{"line":48,"column":9},"end":{"line":48,"column":26}},{"start":{"line":49,"column":10},"end":{"line":50,"column":null}}]}},"s":{"0":1,"1":1,"2":1,"3":1,"4":1,"5":1,"6":1,"7":1,"8":1,"9":1,"10":1,"11":1,"12":1,"13":1,"14":1,"15":1,"16":1,"17":1,"18":1,"19":1,"20":1},"f":{"0":1,"1":1},"b":{"0":[1,0],"1":[1,0],"2":[1,0],"3":[1,1],"4":[1,0],"5":[1,1]}}
}
