TN:
SF:src\main.tsx
FNF:0
FNH:0
DA:1,0
DA:2,0
DA:3,0
DA:4,0
DA:5,0
DA:6,0
DA:7,0
DA:9,0
DA:10,0
DA:11,0
DA:13,0
LF:11
LH:0
BRDA:10,0,0,0
BRF:1
BRH:0
end_of_record
TN:
SF:src\app\App.tsx
FN:8,App
FN:9,(anonymous_2)
FNF:2
FNH:0
FNDA:0,App
FNDA:0,(anonymous_2)
DA:1,0
DA:2,0
DA:3,0
DA:4,0
DA:5,0
DA:6,0
DA:9,0
DA:11,0
DA:31,0
LF:9
LH:0
BRDA:21,0,0,0
BRDA:21,0,1,0
BRF:2
BRH:0
end_of_record
TN:
SF:src\app\providers\store.ts
FN:20,(anonymous_1)
FN:36,(anonymous_2)
FNF:2
FNH:2
FNDA:3,(anonymous_1)
FNDA:3,(anonymous_2)
DA:1,3
DA:2,3
DA:3,3
DA:4,3
DA:5,3
DA:6,3
DA:7,3
DA:8,3
DA:9,3
DA:10,3
DA:11,3
DA:12,3
DA:20,3
DA:21,3
DA:23,3
DA:37,3
DA:52,3
LF:17
LH:17
BRF:0
BRH:0
end_of_record
TN:
SF:src\app\routeConfig\MainRouter.tsx
FN:5,(anonymous_0)
FN:10,(anonymous_1)
FNF:2
FNH:0
FNDA:0,(anonymous_0)
FNDA:0,(anonymous_1)
DA:1,0
DA:2,0
DA:3,0
DA:5,0
DA:6,0
DA:11,0
DA:19,0
LF:7
LH:0
BRF:0
BRH:0
end_of_record
TN:
SF:src\app\routeConfig\RouteConfig.tsx
FN:19,(anonymous_1)
FNF:1
FNH:0
FNDA:0,(anonymous_1)
DA:5,0
DA:6,0
DA:7,0
DA:8,0
DA:9,0
DA:10,0
DA:11,0
DA:12,0
DA:13,0
DA:14,0
DA:15,0
DA:19,0
DA:20,0
DA:21,0
DA:22,0
DA:23,0
DA:24,0
DA:25,0
DA:26,0
DA:27,0
DA:28,0
DA:29,0
DA:30,0
DA:31,0
DA:34,0
DA:49,0
LF:26
LH:0
BRDA:19,0,0,0
BRDA:19,0,1,0
BRF:2
BRH:0
end_of_record
TN:
SF:src\entities\cart\api\apiCart.ts
FN:13,(anonymous_0)
FN:21,(anonymous_1)
FN:23,(anonymous_2)
FN:31,(anonymous_3)
FN:38,(anonymous_4)
FNF:5
FNH:0
FNDA:0,(anonymous_0)
FNDA:0,(anonymous_1)
FNDA:0,(anonymous_2)
FNDA:0,(anonymous_3)
FNDA:0,(anonymous_4)
DA:1,0
DA:8,0
DA:14,0
DA:15,0
DA:16,0
DA:18,0
DA:21,0
DA:23,0
DA:31,0
DA:38,0
DA:45,0
DA:50,0
LF:12
LH:0
BRDA:15,0,0,0
BRF:1
BRH:0
end_of_record
TN:
SF:src\entities\cart\ui\Basket\AddToCartComponent.tsx
FN:13,(anonymous_7)
FN:15,(anonymous_8)
FN:21,(anonymous_9)
FN:23,(anonymous_10)
FN:27,(anonymous_11)
FN:43,(anonymous_12)
FN:47,(anonymous_13)
FNF:7
FNH:0
FNDA:0,(anonymous_7)
FNDA:0,(anonymous_8)
FNDA:0,(anonymous_9)
FNDA:0,(anonymous_10)
FNDA:0,(anonymous_11)
FNDA:0,(anonymous_12)
FNDA:0,(anonymous_13)
DA:1,0
DA:2,0
DA:3,0
DA:4,0
DA:5,0
DA:7,0
DA:13,0
DA:14,0
DA:15,0
DA:17,0
DA:19,0
DA:21,0
DA:22,0
DA:23,0
DA:27,0
DA:28,0
DA:29,0
DA:30,0
DA:33,0
DA:41,0
DA:44,0
DA:45,0
DA:48,0
DA:49,0
DA:53,0
DA:54,0
DA:57,0
DA:88,0
LF:28
LH:0
BRDA:17,0,0,0
BRDA:17,0,1,0
BRDA:22,1,0,0
BRDA:28,2,0,0
BRDA:53,3,0,0
BRDA:60,4,0,0
BRDA:60,4,1,0
BRDA:63,5,0,0
BRDA:63,5,1,0
BRDA:67,6,0,0
BRDA:67,6,1,0
BRDA:71,7,0,0
BRDA:71,7,1,0
BRDA:73,8,0,0
BRDA:73,8,1,0
BRF:15
BRH:0
end_of_record
TN:
SF:src\entities\cart\ui\Basket\CartComponent.tsx
FN:8,(anonymous_1)
FN:9,(anonymous_2)
FNF:2
FNH:0
FNDA:0,(anonymous_1)
FNDA:0,(anonymous_2)
DA:1,0
DA:2,0
DA:3,0
DA:4,0
DA:5,0
DA:6,0
DA:8,0
DA:9,0
DA:11,0
DA:13,0
DA:14,0
DA:21,0
DA:22,0
DA:29,0
DA:30,0
DA:37,0
DA:39,0
DA:47,0
LF:18
LH:0
BRDA:11,0,0,0
BRDA:11,0,1,0
BRDA:13,1,0,0
BRDA:21,2,0,0
BRDA:21,3,0,0
BRDA:21,3,1,0
BRDA:29,4,0,0
BRDA:29,5,0,0
BRDA:29,5,1,0
BRF:9
BRH:0
end_of_record
TN:
SF:src\entities\cart\ui\Basket\CartItemsList.tsx
FN:14,(anonymous_6)
FN:16,(anonymous_7)
FN:18,(anonymous_8)
FN:21,(anonymous_9)
FN:36,(anonymous_10)
FN:36,(anonymous_11)
FN:51,(anonymous_12)
FN:75,(anonymous_13)
FN:109,(anonymous_14)
FN:154,(anonymous_15)
FNF:10
FNH:0
FNDA:0,(anonymous_6)
FNDA:0,(anonymous_7)
FNDA:0,(anonymous_8)
FNDA:0,(anonymous_9)
FNDA:0,(anonymous_10)
FNDA:0,(anonymous_11)
FNDA:0,(anonymous_12)
FNDA:0,(anonymous_13)
FNDA:0,(anonymous_14)
FNDA:0,(anonymous_15)
DA:1,0
DA:2,0
DA:3,0
DA:4,0
DA:5,0
DA:7,0
DA:8,0
DA:14,0
DA:15,0
DA:16,0
DA:18,0
DA:19,0
DA:21,0
DA:22,0
DA:23,0
DA:24,0
DA:27,0
DA:28,0
DA:29,0
DA:31,0
DA:32,0
DA:36,0
DA:38,0
DA:39,0
DA:51,0
DA:62,0
DA:76,0
DA:109,0
DA:154,0
DA:173,0
LF:30
LH:0
BRDA:22,0,0,0
BRDA:38,1,0,0
BRF:2
BRH:0
end_of_record
TN:
SF:src\entities\cart\ui\Basket\CheckoutPage.tsx
FN:12,(anonymous_7)
FN:21,(anonymous_8)
FN:25,(anonymous_9)
FN:62,(anonymous_10)
FN:70,(anonymous_11)
FN:101,(anonymous_12)
FN:121,(anonymous_13)
FN:129,(anonymous_14)
FN:138,(anonymous_15)
FN:203,(anonymous_16)
FN:225,(anonymous_17)
FN:252,(anonymous_18)
FNF:12
FNH:0
FNDA:0,(anonymous_7)
FNDA:0,(anonymous_8)
FNDA:0,(anonymous_9)
FNDA:0,(anonymous_10)
FNDA:0,(anonymous_11)
FNDA:0,(anonymous_12)
FNDA:0,(anonymous_13)
FNDA:0,(anonymous_14)
FNDA:0,(anonymous_15)
FNDA:0,(anonymous_16)
FNDA:0,(anonymous_17)
FNDA:0,(anonymous_18)
DA:1,0
DA:2,0
DA:3,0
DA:4,0
DA:10,0
DA:12,0
DA:13,0
DA:14,0
DA:16,0
DA:17,0
DA:18,0
DA:19,0
DA:21,0
DA:22,0
DA:23,0
DA:25,0
DA:26,0
DA:27,0
DA:31,0
DA:62,0
DA:70,0
DA:101,0
DA:121,0
DA:129,0
DA:139,0
DA:203,0
DA:204,0
DA:225,0
DA:226,0
DA:252,0
DA:253,0
DA:272,0
LF:32
LH:0
BRDA:18,0,0,0
BRDA:18,0,1,0
BRDA:77,1,0,0
BRDA:77,1,1,0
BRDA:103,2,0,0
BRDA:103,2,1,0
BRDA:159,3,0,0
BRDA:159,3,1,0
BRDA:160,4,0,0
BRDA:160,4,1,0
BRDA:174,5,0,0
BRDA:174,5,1,0
BRDA:203,6,0,0
BRDA:212,7,0,0
BRDA:212,7,1,0
BRDA:229,8,0,0
BRDA:229,8,1,0
BRDA:234,9,0,0
BRDA:234,9,1,0
BRDA:239,10,0,0
BRDA:239,10,1,0
BRDA:241,11,0,0
BRDA:241,11,1,0
BRDA:257,12,0,0
BRDA:257,12,1,0
BRDA:263,13,0,0
BRDA:263,13,1,0
BRDA:264,14,0,0
BRDA:264,14,1,0
BRF:29
BRH:0
end_of_record
TN:
SF:src\entities\category\api\apiCategory.ts
FN:9,(anonymous_0)
FN:18,(anonymous_1)
FN:20,(anonymous_2)
FN:23,(anonymous_3)
FN:30,(anonymous_4)
FN:37,(anonymous_5)
FNF:6
FNH:0
FNDA:0,(anonymous_0)
FNDA:0,(anonymous_1)
FNDA:0,(anonymous_2)
FNDA:0,(anonymous_3)
FNDA:0,(anonymous_4)
FNDA:0,(anonymous_5)
DA:1,0
DA:5,0
DA:10,0
DA:11,0
DA:12,0
DA:14,0
DA:15,0
DA:18,0
DA:20,0
DA:23,0
DA:30,0
DA:37,0
DA:46,0
LF:13
LH:0
BRDA:11,0,0,0
BRF:1
BRH:0
end_of_record
TN:
SF:src\entities\category\ui\category\Category.tsx
FN:6,(anonymous_1)
FN:26,(anonymous_2)
FNF:2
FNH:0
FNDA:0,(anonymous_1)
FNDA:0,(anonymous_2)
DA:1,0
DA:2,0
DA:3,0
DA:4,0
DA:6,0
DA:7,0
DA:9,0
DA:10,0
DA:17,0
DA:18,0
DA:21,0
DA:27,0
DA:39,0
LF:13
LH:0
BRDA:9,0,0,0
BRDA:17,1,0,0
BRDA:18,2,0,0
BRDA:18,2,1,0
BRF:4
BRH:0
end_of_record
TN:
SF:src\entities\category\ui\category\CategoryLgBox.tsx
FN:12,(anonymous_1)
FNF:1
FNH:0
FNDA:0,(anonymous_1)
DA:1,0
DA:2,0
DA:3,0
DA:12,0
DA:13,0
DA:14,0
DA:16,0
DA:57,0
LF:8
LH:0
BRDA:13,0,0,0
BRDA:13,0,1,0
BRDA:14,1,0,0
BRDA:14,1,1,0
BRDA:21,2,0,0
BRDA:21,2,1,0
BRDA:31,3,0,0
BRDA:31,3,1,0
BRF:8
BRH:0
end_of_record
TN:
SF:src\entities\category\ui\category\CategorySmBox.tsx
FN:11,(anonymous_1)
FNF:1
FNH:0
FNDA:0,(anonymous_1)
DA:1,0
DA:2,0
DA:11,0
DA:12,0
DA:14,0
DA:30,0
LF:6
LH:0
BRDA:12,0,0,0
BRDA:12,0,1,0
BRF:2
BRH:0
end_of_record
TN:
SF:src\entities\product\api\userApi.ts
FN:9,(anonymous_0)
FN:18,(anonymous_1)
FN:20,(anonymous_2)
FN:26,(anonymous_3)
FN:32,(anonymous_4)
FN:38,(anonymous_5)
FNF:6
FNH:0
FNDA:0,(anonymous_0)
FNDA:0,(anonymous_1)
FNDA:0,(anonymous_2)
FNDA:0,(anonymous_3)
FNDA:0,(anonymous_4)
FNDA:0,(anonymous_5)
DA:1,0
DA:5,0
DA:10,0
DA:11,0
DA:12,0
DA:14,0
DA:18,0
DA:20,0
DA:26,0
DA:32,0
DA:38,0
DA:46,0
LF:12
LH:0
BRDA:11,0,0,0
BRF:1
BRH:0
end_of_record
TN:
SF:src\entities\product\model\fields.ts
FNF:0
FNH:0
DA:11,0
DA:28,0
LF:2
LH:0
BRF:0
BRH:0
end_of_record
TN:
SF:src\entities\product\ui\GetAllProducts.tsx
FN:10,(anonymous_7)
FN:86,(anonymous_8)
FN:104,(anonymous_9)
FNF:3
FNH:0
FNDA:0,(anonymous_7)
FNDA:0,(anonymous_8)
FNDA:0,(anonymous_9)
DA:1,0
DA:2,0
DA:3,0
DA:4,0
DA:5,0
DA:6,0
DA:7,0
DA:8,0
DA:10,0
DA:11,0
DA:13,0
DA:15,0
DA:16,0
DA:23,0
DA:24,0
DA:38,0
DA:87,0
DA:104,0
DA:116,0
LF:19
LH:0
BRDA:13,0,0,0
BRDA:13,0,1,0
BRDA:15,1,0,0
BRDA:23,2,0,0
BRDA:84,3,0,0
BRDA:84,3,1,0
BRF:6
BRH:0
end_of_record
TN:
SF:src\entities\product\ui\ProductDetailsId.tsx
FN:11,(anonymous_7)
FN:35,(anonymous_8)
FN:39,(anonymous_9)
FN:43,(anonymous_10)
FN:70,(anonymous_11)
FN:75,(anonymous_12)
FN:93,(anonymous_13)
FNF:7
FNH:0
FNDA:0,(anonymous_7)
FNDA:0,(anonymous_8)
FNDA:0,(anonymous_9)
FNDA:0,(anonymous_10)
FNDA:0,(anonymous_11)
FNDA:0,(anonymous_12)
FNDA:0,(anonymous_13)
DA:1,0
DA:2,0
DA:3,0
DA:4,0
DA:5,0
DA:6,0
DA:7,0
DA:8,0
DA:9,0
DA:11,0
DA:12,0
DA:13,0
DA:14,0
DA:15,0
DA:17,0
DA:18,0
DA:25,0
DA:26,0
DA:29,0
DA:30,0
DA:33,0
DA:35,0
DA:36,0
DA:39,0
DA:40,0
DA:43,0
DA:44,0
DA:47,0
DA:55,0
DA:71,0
DA:75,0
DA:94,0
DA:129,0
LF:33
LH:0
BRDA:17,0,0,0
BRDA:25,1,0,0
BRDA:29,2,0,0
BRDA:48,3,0,0
BRDA:48,3,1,0
BRDA:49,4,0,0
BRDA:49,4,1,0
BRDA:50,5,0,0
BRDA:50,5,1,0
BRDA:51,6,0,0
BRDA:51,6,1,0
BRDA:52,7,0,0
BRDA:52,7,1,0
BRDA:73,8,0,0
BRDA:73,8,1,0
BRF:15
BRH:0
end_of_record
TN:
SF:src\entities\product\ui\ProductItem.tsx
FN:11,(anonymous_7)
FN:14,(anonymous_8)
FN:45,(anonymous_9)
FNF:3
FNH:2
FNDA:1,(anonymous_7)
FNDA:2,(anonymous_8)
FNDA:0,(anonymous_9)
DA:1,1
DA:2,1
DA:3,1
DA:5,1
DA:11,1
DA:12,1
DA:14,1
DA:15,2
DA:17,1
DA:18,1
DA:22,1
DA:45,0
DA:79,1
LF:13
LH:12
BRDA:12,0,0,0
BRDA:17,1,0,1
BRDA:17,1,1,1
BRDA:18,2,0,1
BRDA:18,2,1,0
BRDA:32,3,0,1
BRDA:32,3,1,0
BRDA:37,4,0,1
BRDA:37,4,1,1
BRDA:55,5,0,1
BRDA:55,5,1,0
BRDA:67,6,0,1
BRDA:67,6,1,1
BRF:13
BRH:9
end_of_record
TN:
SF:src\entities\product\ui\SimilarProducts.tsx
FN:11,(anonymous_7)
FN:48,(anonymous_8)
FNF:2
FNH:0
FNDA:0,(anonymous_7)
FNDA:0,(anonymous_8)
DA:1,0
DA:2,0
DA:3,0
DA:4,0
DA:5,0
DA:11,0
DA:17,0
DA:21,0
DA:22,0
DA:29,0
DA:30,0
DA:33,0
DA:35,0
DA:49,0
DA:62,0
LF:15
LH:0
BRDA:21,0,0,0
BRDA:21,1,0,0
BRDA:21,1,1,0
BRDA:29,2,0,0
BRDA:29,3,0,0
BRDA:29,3,1,0
BRDA:29,3,2,0
BRF:7
BRH:0
end_of_record
TN:
SF:src\entities\product\ui\ProductItemHome\ProductItemHome.tsx
FN:9,(anonymous_1)
FNF:1
FNH:0
FNDA:0,(anonymous_1)
DA:1,0
DA:3,0
DA:9,0
DA:10,0
DA:12,0
DA:44,0
LF:6
LH:0
BRDA:35,0,0,0
BRDA:35,0,1,0
BRF:2
BRH:0
end_of_record
TN:
SF:src\entities\review\api\reviewApi.ts
FN:28,(anonymous_0)
FN:37,(anonymous_1)
FN:39,(anonymous_2)
FN:47,(anonymous_3)
FNF:4
FNH:0
FNDA:0,(anonymous_0)
FNDA:0,(anonymous_1)
FNDA:0,(anonymous_2)
FNDA:0,(anonymous_3)
DA:1,0
DA:24,0
DA:29,0
DA:30,0
DA:31,0
DA:33,0
DA:37,0
DA:39,0
DA:47,0
DA:53,0
LF:10
LH:0
BRDA:30,0,0,0
BRF:1
BRH:0
end_of_record
TN:
SF:src\entities\review\ui\Review\AddReview.tsx
FN:10,(anonymous_7)
FN:14,(anonymous_8)
FN:16,(anonymous_9)
FN:28,(anonymous_10)
FN:34,(anonymous_11)
FNF:5
FNH:0
FNDA:0,(anonymous_7)
FNDA:0,(anonymous_8)
FNDA:0,(anonymous_9)
FNDA:0,(anonymous_10)
FNDA:0,(anonymous_11)
DA:1,0
DA:2,0
DA:3,0
DA:4,0
DA:10,0
DA:11,0
DA:12,0
DA:13,0
DA:14,0
DA:16,0
DA:17,0
DA:19,0
DA:20,0
DA:23,0
DA:28,0
DA:34,0
DA:47,0
LF:17
LH:0
BRF:0
BRH:0
end_of_record
TN:
SF:src\entities\review\ui\Review\Reviews.tsx
FN:18,(anonymous_7)
FN:47,(anonymous_8)
FNF:2
FNH:0
FNDA:0,(anonymous_7)
FNDA:0,(anonymous_8)
DA:1,0
DA:2,0
DA:3,0
DA:4,0
DA:18,0
DA:19,0
DA:21,0
DA:22,0
DA:29,0
DA:30,0
DA:37,0
DA:38,0
DA:45,0
DA:48,0
DA:69,0
LF:15
LH:0
BRDA:21,0,0,0
BRDA:29,1,0,0
BRDA:29,2,0,0
BRDA:29,2,1,0
BRDA:37,3,0,0
BRDA:57,4,0,0
BRDA:57,4,1,0
BRF:7
BRH:0
end_of_record
TN:
SF:src\entities\review\ui\Review\ReviewsModal.tsx
FN:11,(anonymous_7)
FN:16,(anonymous_8)
FN:29,(anonymous_9)
FNF:3
FNH:0
FNDA:0,(anonymous_7)
FNDA:0,(anonymous_8)
FNDA:0,(anonymous_9)
DA:1,0
DA:2,0
DA:3,0
DA:11,0
DA:12,0
DA:13,0
DA:16,0
DA:17,0
DA:18,0
DA:22,0
DA:29,0
DA:56,0
LF:12
LH:0
BRDA:12,0,0,0
BRDA:17,1,0,0
BRF:2
BRH:0
end_of_record
TN:
SF:src\entities\user\api\userApi.ts
FN:9,(anonymous_0)
FN:18,(anonymous_1)
FN:20,(anonymous_2)
FN:26,(anonymous_3)
FN:32,(anonymous_4)
FN:38,(anonymous_5)
FNF:6
FNH:0
FNDA:0,(anonymous_0)
FNDA:0,(anonymous_1)
FNDA:0,(anonymous_2)
FNDA:0,(anonymous_3)
FNDA:0,(anonymous_4)
FNDA:0,(anonymous_5)
DA:1,0
DA:5,0
DA:10,0
DA:11,0
DA:12,0
DA:14,0
DA:18,0
DA:20,0
DA:26,0
DA:32,0
DA:38,0
DA:46,0
LF:12
LH:0
BRDA:11,0,0,0
BRF:1
BRH:0
end_of_record
TN:
SF:src\entities\user\ui\UserGetData.tsx
FN:11,(anonymous_7)
FN:11,(anonymous_8)
FN:12,(anonymous_9)
FN:12,(anonymous_10)
FN:13,(anonymous_11)
FN:13,(anonymous_12)
FN:16,(anonymous_13)
FN:41,(anonymous_14)
FNF:8
FNH:0
FNDA:0,(anonymous_7)
FNDA:0,(anonymous_8)
FNDA:0,(anonymous_9)
FNDA:0,(anonymous_10)
FNDA:0,(anonymous_11)
FNDA:0,(anonymous_12)
FNDA:0,(anonymous_13)
FNDA:0,(anonymous_14)
DA:1,0
DA:2,0
DA:3,0
DA:4,0
DA:5,0
DA:6,0
DA:7,0
DA:8,0
DA:9,0
DA:10,0
DA:11,0
DA:12,0
DA:13,0
DA:16,0
DA:17,0
DA:19,0
DA:20,0
DA:23,0
DA:42,0
DA:69,0
LF:20
LH:0
BRDA:19,0,0,0
BRDA:19,1,0,0
BRDA:19,1,1,0
BRF:3
BRH:0
end_of_record
TN:
SF:src\entities\user\ui\useProductData.tsx
FN:4,(anonymous_0)
FN:9,(anonymous_1)
FN:13,(anonymous_2)
FN:18,(anonymous_3)
FNF:4
FNH:0
FNDA:0,(anonymous_0)
FNDA:0,(anonymous_1)
FNDA:0,(anonymous_2)
FNDA:0,(anonymous_3)
DA:1,0
DA:4,0
DA:5,0
DA:6,0
DA:8,0
DA:9,0
DA:12,0
DA:14,0
DA:18,0
DA:20,0
LF:10
LH:0
BRDA:8,0,0,0
BRDA:8,0,1,0
BRDA:12,1,0,0
BRDA:12,1,1,0
BRF:4
BRH:0
end_of_record
TN:
SF:src\entities\user\ui\UserProfile\UserProfile.tsx
FN:17,(anonymous_1)
FN:19,(anonymous_2)
FN:26,(anonymous_3)
FN:30,(anonymous_4)
FN:33,(anonymous_5)
FN:37,(anonymous_6)
FN:44,(anonymous_7)
FN:46,(anonymous_8)
FN:52,(anonymous_9)
FN:64,(anonymous_10)
FN:70,(anonymous_11)
FN:76,(anonymous_12)
FN:88,(anonymous_13)
FN:93,(anonymous_14)
FNF:14
FNH:0
FNDA:0,(anonymous_1)
FNDA:0,(anonymous_2)
FNDA:0,(anonymous_3)
FNDA:0,(anonymous_4)
FNDA:0,(anonymous_5)
FNDA:0,(anonymous_6)
FNDA:0,(anonymous_7)
FNDA:0,(anonymous_8)
FNDA:0,(anonymous_9)
FNDA:0,(anonymous_10)
FNDA:0,(anonymous_11)
FNDA:0,(anonymous_12)
FNDA:0,(anonymous_13)
FNDA:0,(anonymous_14)
DA:2,0
DA:3,0
DA:4,0
DA:5,0
DA:6,0
DA:7,0
DA:8,0
DA:9,0
DA:17,0
DA:18,0
DA:19,0
DA:20,0
DA:21,0
DA:22,0
DA:24,0
DA:26,0
DA:27,0
DA:28,0
DA:31,0
DA:34,0
DA:35,0
DA:37,0
DA:39,0
DA:40,0
DA:44,0
DA:45,0
DA:46,0
DA:52,0
DA:53,0
DA:54,0
DA:55,0
DA:58,0
DA:59,0
DA:62,0
DA:65,0
DA:66,0
DA:67,0
DA:71,0
DA:72,0
DA:76,0
DA:77,0
DA:78,0
DA:79,0
DA:82,0
DA:83,0
DA:86,0
DA:89,0
DA:90,0
DA:91,0
DA:94,0
DA:95,0
DA:99,0
DA:100,0
DA:112,0
DA:113,0
DA:130,0
DA:131,0
DA:148,0
DA:316,0
LF:59
LH:0
BRDA:27,0,0,0
BRDA:27,0,1,0
BRDA:31,1,0,0
BRDA:31,1,1,0
BRDA:31,2,0,0
BRDA:31,2,1,0
BRDA:35,3,0,0
BRDA:35,3,1,0
BRDA:53,4,0,0
BRDA:66,5,0,0
BRDA:72,6,0,0
BRDA:72,6,1,0
BRDA:77,7,0,0
BRDA:82,8,0,0
BRDA:95,9,0,0
BRDA:95,9,1,0
BRDA:99,10,0,0
BRDA:112,11,0,0
BRDA:130,12,0,0
BRF:19
BRH:0
end_of_record
TN:
SF:src\entities\user\ui\UserProfile\UserProfileData.tsx
FN:12,(anonymous_0)
FNF:1
FNH:0
FNDA:0,(anonymous_0)
DA:12,0
DA:13,0
DA:27,0
LF:3
LH:0
BRF:0
BRH:0
end_of_record
TN:
SF:src\entities\user\ui\UserProfile\UserProfileForm.tsx
FN:17,(anonymous_0)
FNF:1
FNH:0
FNDA:0,(anonymous_0)
DA:17,0
DA:23,0
DA:69,0
LF:3
LH:0
BRF:0
BRH:0
end_of_record
TN:
SF:src\features\add-to-cart\AddToCartComponent.tsx
FN:13,(anonymous_6)
FN:15,(anonymous_7)
FN:21,(anonymous_8)
FN:23,(anonymous_9)
FN:27,(anonymous_10)
FN:43,(anonymous_11)
FN:47,(anonymous_12)
FNF:7
FNH:3
FNDA:1,(anonymous_6)
FNDA:2,(anonymous_7)
FNDA:1,(anonymous_8)
FNDA:0,(anonymous_9)
FNDA:0,(anonymous_10)
FNDA:0,(anonymous_11)
FNDA:0,(anonymous_12)
DA:1,1
DA:2,1
DA:3,1
DA:4,1
DA:5,1
DA:7,1
DA:13,1
DA:14,1
DA:15,2
DA:17,1
DA:19,1
DA:21,1
DA:22,1
DA:23,0
DA:27,1
DA:28,0
DA:29,0
DA:30,0
DA:33,0
DA:41,0
DA:44,0
DA:45,0
DA:48,0
DA:49,0
DA:53,1
DA:54,0
DA:57,1
DA:72,1
LF:28
LH:17
BRDA:17,0,0,1
BRDA:17,0,1,1
BRDA:22,1,0,0
BRDA:28,2,0,0
BRDA:53,3,0,0
BRDA:60,4,0,1
BRDA:60,4,1,1
BRDA:61,5,0,0
BRDA:61,5,1,1
BRDA:64,6,0,0
BRDA:64,6,1,1
BRDA:67,7,0,0
BRDA:67,7,1,1
BRF:13
BRH:7
end_of_record
TN:
SF:src\features\admin-product-management\AdminHome\AdminHome.tsx
FN:8,(anonymous_7)
FN:9,(anonymous_8)
FN:16,(anonymous_9)
FN:20,(anonymous_10)
FN:24,(anonymous_11)
FN:29,(anonymous_12)
FN:30,(anonymous_13)
FN:112,(anonymous_14)
FN:129,(anonymous_15)
FNF:9
FNH:0
FNDA:0,(anonymous_7)
FNDA:0,(anonymous_8)
FNDA:0,(anonymous_9)
FNDA:0,(anonymous_10)
FNDA:0,(anonymous_11)
FNDA:0,(anonymous_12)
FNDA:0,(anonymous_13)
FNDA:0,(anonymous_14)
FNDA:0,(anonymous_15)
DA:1,0
DA:2,0
DA:3,0
DA:4,0
DA:5,0
DA:6,0
DA:8,0
DA:9,0
DA:10,0
DA:11,0
DA:12,0
DA:14,0
DA:16,0
DA:17,0
DA:20,0
DA:21,0
DA:24,0
DA:25,0
DA:26,0
DA:29,0
DA:30,0
DA:33,0
DA:112,0
DA:129,0
DA:165,0
LF:25
LH:0
BRDA:9,0,0,0
BRDA:9,0,1,0
BRDA:107,1,0,0
BRDA:107,1,1,0
BRDA:124,2,0,0
BRDA:124,2,1,0
BRDA:140,3,0,0
BRDA:140,3,1,0
BRF:8
BRH:0
end_of_record
TN:
SF:src\features\admin-product-management\product\AddProductForm.tsx
FN:13,(anonymous_7)
FN:17,(anonymous_8)
FN:27,(anonymous_9)
FN:38,(anonymous_10)
FNF:4
FNH:0
FNDA:0,(anonymous_7)
FNDA:0,(anonymous_8)
FNDA:0,(anonymous_9)
FNDA:0,(anonymous_10)
DA:1,0
DA:2,0
DA:5,0
DA:6,0
DA:7,0
DA:13,0
DA:14,0
DA:15,0
DA:17,0
DA:18,0
DA:19,0
DA:20,0
DA:21,0
DA:23,0
DA:27,0
DA:28,0
DA:31,0
DA:39,0
DA:67,0
LF:19
LH:0
BRDA:28,0,0,0
BRF:1
BRH:0
end_of_record
TN:
SF:src\features\admin-product-management\product\FieldRenderer.tsx
FN:13,(anonymous_1)
FN:16,(anonymous_2)
FN:37,(anonymous_3)
FNF:3
FNH:0
FNDA:0,(anonymous_1)
FNDA:0,(anonymous_2)
FNDA:0,(anonymous_3)
DA:3,0
DA:5,0
DA:13,0
DA:14,0
DA:16,0
DA:19,0
DA:20,0
DA:23,0
DA:30,0
DA:32,0
DA:34,0
DA:38,0
DA:43,0
LF:13
LH:0
BRDA:19,0,0,0
BRDA:19,0,1,0
BRDA:24,1,0,0
BRDA:24,1,1,0
BRDA:30,2,0,0
BRDA:30,2,1,0
BRDA:30,2,2,0
BRF:7
BRH:0
end_of_record
TN:
SF:src\features\admin-product-management\product\GetProductsAdmin.tsx
FN:8,(anonymous_7)
FN:16,(anonymous_8)
FN:21,(anonymous_9)
FN:26,(anonymous_10)
FN:37,(anonymous_11)
FNF:5
FNH:0
FNDA:0,(anonymous_7)
FNDA:0,(anonymous_8)
FNDA:0,(anonymous_9)
FNDA:0,(anonymous_10)
FNDA:0,(anonymous_11)
DA:1,0
DA:2,0
DA:3,0
DA:4,0
DA:5,0
DA:8,0
DA:9,0
DA:10,0
DA:11,0
DA:13,0
DA:14,0
DA:16,0
DA:17,0
DA:18,0
DA:21,0
DA:22,0
DA:23,0
DA:26,0
DA:27,0
DA:28,0
DA:29,0
DA:31,0
DA:34,0
DA:38,0
DA:58,0
LF:25
LH:0
BRDA:9,0,0,0
BRDA:27,1,0,0
BRDA:28,2,0,0
BRDA:28,2,1,0
BRF:4
BRH:0
end_of_record
TN:
SF:src\features\admin-product-management\product\ProductCard.tsx
FN:9,(anonymous_1)
FN:24,(anonymous_2)
FN:29,(anonymous_3)
FNF:3
FNH:0
FNDA:0,(anonymous_1)
FNDA:0,(anonymous_2)
FNDA:0,(anonymous_3)
DA:2,0
DA:3,0
DA:4,0
DA:5,0
DA:9,0
DA:10,0
DA:24,0
DA:29,0
LF:8
LH:0
BRDA:24,0,0,0
BRDA:24,0,1,0
BRF:2
BRH:0
end_of_record
TN:
SF:src\features\admin-product-management\product\ProductEditModal.tsx
FN:16,(anonymous_1)
FN:26,(anonymous_2)
FN:31,(anonymous_3)
FN:42,(anonymous_4)
FN:49,(anonymous_5)
FN:57,(anonymous_6)
FN:68,(anonymous_7)
FN:76,(anonymous_8)
FNF:8
FNH:0
FNDA:0,(anonymous_1)
FNDA:0,(anonymous_2)
FNDA:0,(anonymous_3)
FNDA:0,(anonymous_4)
FNDA:0,(anonymous_5)
FNDA:0,(anonymous_6)
FNDA:0,(anonymous_7)
FNDA:0,(anonymous_8)
DA:2,0
DA:3,0
DA:4,0
DA:6,0
DA:16,0
DA:24,0
DA:26,0
DA:27,0
DA:28,0
DA:31,0
DA:32,0
DA:35,0
DA:42,0
DA:50,0
DA:58,0
DA:68,0
DA:76,0
DA:89,0
LF:18
LH:0
BRDA:24,0,0,0
BRDA:32,1,0,0
BRDA:38,2,0,0
BRDA:38,2,1,0
BRF:4
BRH:0
end_of_record
TN:
SF:src\features\admin-product-management\product\model\fields.ts
FNF:0
FNH:0
DA:11,0
DA:28,0
LF:2
LH:0
BRF:0
BRH:0
end_of_record
TN:
SF:src\features\admin-product-management\product\utils\path.ts
FN:2,get
FN:9,(anonymous_1)
FN:16,set
FN:21,(anonymous_3)
FNF:4
FNH:0
FNDA:0,get
FNDA:0,(anonymous_1)
FNDA:0,set
FNDA:0,(anonymous_3)
DA:2,0
DA:3,0
DA:5,0
DA:9,0
DA:10,0
DA:11,0
DA:16,0
DA:17,0
DA:18,0
DA:19,0
DA:21,0
DA:22,0
DA:23,0
DA:24,0
DA:27,0
DA:28,0
DA:30,0
DA:33,0
LF:18
LH:0
BRDA:3,0,0,0
BRDA:3,1,0,0
BRDA:3,1,1,0
BRDA:10,2,0,0
BRDA:10,3,0,0
BRDA:10,3,1,0
BRDA:22,4,0,0
BRDA:27,5,0,0
BRDA:27,6,0,0
BRDA:27,6,1,0
BRDA:28,7,0,0
BRDA:28,7,1,0
BRF:12
BRH:0
end_of_record
TN:
SF:src\features\auth\login\LoginForm.tsx
FN:12,(anonymous_6)
FN:19,(anonymous_7)
FN:53,(anonymous_8)
FN:68,(anonymous_9)
FN:80,(anonymous_10)
FN:92,(anonymous_11)
FNF:6
FNH:4
FNDA:3,(anonymous_6)
FNDA:1,(anonymous_7)
FNDA:0,(anonymous_8)
FNDA:0,(anonymous_9)
FNDA:1,(anonymous_10)
FNDA:1,(anonymous_11)
DA:1,1
DA:2,1
DA:3,1
DA:4,1
DA:5,1
DA:6,1
DA:7,1
DA:10,1
DA:12,1
DA:13,3
DA:14,3
DA:15,3
DA:16,3
DA:17,3
DA:19,3
DA:20,1
DA:22,1
DA:23,0
DA:24,0
DA:27,1
DA:28,1
DA:37,0
DA:39,0
DA:41,0
DA:42,0
DA:43,0
DA:45,0
DA:47,0
DA:49,0
DA:53,3
DA:54,0
DA:58,3
DA:68,0
DA:80,1
DA:92,1
DA:122,1
LF:36
LH:24
BRDA:22,0,0,0
BRDA:22,1,0,1
BRDA:22,1,1,1
BRDA:67,2,0,3
BRDA:67,2,1,0
BRF:5
BRH:3
end_of_record
TN:
SF:src\features\auth\model\model.ts
FN:4,(anonymous_0)
FNF:1
FNH:1
FNDA:1,(anonymous_0)
DA:4,1
DA:5,1
DA:6,1
LF:3
LH:3
BRDA:4,0,0,1
BRDA:4,0,1,1
BRF:2
BRH:2
end_of_record
TN:
SF:src\features\auth\register\RegistrationForm.tsx
FN:11,(anonymous_6)
FN:19,(anonymous_7)
FN:20,(anonymous_8)
FN:22,(anonymous_9)
FN:56,(anonymous_10)
FN:68,(anonymous_11)
FN:80,(anonymous_12)
FNF:7
FNH:0
FNDA:0,(anonymous_6)
FNDA:0,(anonymous_7)
FNDA:0,(anonymous_8)
FNDA:0,(anonymous_9)
FNDA:0,(anonymous_10)
FNDA:0,(anonymous_11)
FNDA:0,(anonymous_12)
DA:1,0
DA:2,0
DA:3,0
DA:4,0
DA:5,0
DA:6,0
DA:9,0
DA:11,0
DA:12,0
DA:13,0
DA:14,0
DA:15,0
DA:17,0
DA:18,0
DA:19,0
DA:20,0
DA:22,0
DA:23,0
DA:25,0
DA:26,0
DA:27,0
DA:29,0
DA:34,0
DA:56,0
DA:68,0
DA:80,0
DA:106,0
LF:27
LH:0
BRDA:43,0,0,0
BRDA:43,0,1,0
BRF:2
BRH:0
end_of_record
TN:
SF:src\features\broadcast-message\Message\BroadcastMessageSender.tsx
FN:4,(anonymous_6)
FN:10,(anonymous_7)
FN:24,(anonymous_8)
FN:28,(anonymous_9)
FNF:4
FNH:0
FNDA:0,(anonymous_6)
FNDA:0,(anonymous_7)
FNDA:0,(anonymous_8)
FNDA:0,(anonymous_9)
DA:1,0
DA:2,0
DA:4,0
DA:5,0
DA:7,0
DA:8,0
DA:10,0
DA:11,0
DA:13,0
DA:14,0
DA:15,0
DA:16,0
DA:19,0
DA:20,0
DA:21,0
DA:24,0
DA:25,0
DA:28,0
DA:29,0
DA:30,0
DA:34,0
DA:62,0
LF:22
LH:0
BRDA:15,0,0,0
BRDA:29,1,0,0
BRF:2
BRH:0
end_of_record
TN:
SF:src\features\broadcast-message\Message\SomeComponent.tsx
FN:6,(anonymous_7)
FN:9,(anonymous_8)
FN:11,(anonymous_9)
FN:23,(anonymous_10)
FNF:4
FNH:0
FNDA:0,(anonymous_7)
FNDA:0,(anonymous_8)
FNDA:0,(anonymous_9)
FNDA:0,(anonymous_10)
DA:1,0
DA:2,0
DA:3,0
DA:4,0
DA:6,0
DA:7,0
DA:9,0
DA:10,0
DA:11,0
DA:15,0
DA:24,0
DA:38,0
LF:12
LH:0
BRF:0
BRH:0
end_of_record
TN:
SF:src\features\discount-countdown\discountCountdown\DateTimeDisplay.tsx
FN:8,(anonymous_1)
FNF:1
FNH:0
FNDA:0,(anonymous_1)
DA:1,0
DA:8,0
DA:9,0
DA:11,0
DA:22,0
LF:5
LH:0
BRDA:13,0,0,0
BRDA:13,0,1,0
BRF:2
BRH:0
end_of_record
TN:
SF:src\features\discount-countdown\discountCountdown\DiscountCountdown.tsx
FN:10,(anonymous_1)
FNF:1
FNH:0
FNDA:0,(anonymous_1)
DA:1,0
DA:3,0
DA:4,0
DA:5,0
DA:10,0
DA:11,0
DA:12,0
DA:13,0
DA:15,0
DA:19,0
LF:10
LH:0
BRDA:12,0,0,0
BRDA:12,0,1,0
BRF:2
BRH:0
end_of_record
TN:
SF:src\features\discount-countdown\discountCountdown\ExpiredNotice.tsx
FN:1,(anonymous_0)
FNF:1
FNH:0
FNDA:0,(anonymous_0)
DA:1,0
DA:2,0
DA:9,0
LF:3
LH:0
BRF:0
BRH:0
end_of_record
TN:
SF:src\features\discount-countdown\discountCountdown\ShowCounter.tsx
FN:10,(anonymous_1)
FNF:1
FNH:0
FNDA:0,(anonymous_1)
DA:1,0
DA:2,0
DA:10,0
DA:11,0
DA:24,0
LF:5
LH:0
BRF:0
BRH:0
end_of_record
TN:
SF:src\features\product-pagination\Pagination.tsx
FN:11,(anonymous_1)
FN:13,(anonymous_2)
FN:43,(anonymous_3)
FN:49,(anonymous_4)
FNF:4
FNH:0
FNDA:0,(anonymous_1)
FNDA:0,(anonymous_2)
FNDA:0,(anonymous_3)
FNDA:0,(anonymous_4)
DA:2,0
DA:11,0
DA:13,0
DA:14,0
DA:15,0
DA:16,0
DA:18,0
DA:19,0
DA:21,0
DA:22,0
DA:23,0
DA:26,0
DA:27,0
DA:30,0
DA:31,0
DA:32,0
DA:35,0
DA:38,0
DA:40,0
DA:44,0
DA:49,0
DA:69,0
LF:22
LH:0
BRDA:21,0,0,0
BRDA:23,1,0,0
BRDA:30,2,0,0
BRDA:31,3,0,0
BRDA:35,4,0,0
BRDA:35,4,1,0
BRDA:45,5,0,0
BRDA:45,5,1,0
BRDA:52,6,0,0
BRDA:52,6,1,0
BRF:10
BRH:0
end_of_record
TN:
SF:src\features\product-review\AddReview.tsx
FN:10,(anonymous_7)
FN:14,(anonymous_8)
FN:16,(anonymous_9)
FN:28,(anonymous_10)
FN:34,(anonymous_11)
FNF:5
FNH:0
FNDA:0,(anonymous_7)
FNDA:0,(anonymous_8)
FNDA:0,(anonymous_9)
FNDA:0,(anonymous_10)
FNDA:0,(anonymous_11)
DA:1,0
DA:2,0
DA:3,0
DA:4,0
DA:10,0
DA:11,0
DA:12,0
DA:13,0
DA:14,0
DA:16,0
DA:17,0
DA:19,0
DA:20,0
DA:23,0
DA:28,0
DA:34,0
DA:47,0
LF:17
LH:0
BRF:0
BRH:0
end_of_record
TN:
SF:src\features\product-search\DataControls\Pagination.tsx
FN:10,(anonymous_1)
FN:11,(anonymous_2)
FN:41,(anonymous_3)
FN:47,(anonymous_4)
FNF:4
FNH:0
FNDA:0,(anonymous_1)
FNDA:0,(anonymous_2)
FNDA:0,(anonymous_3)
FNDA:0,(anonymous_4)
DA:2,0
DA:10,0
DA:11,0
DA:12,0
DA:13,0
DA:14,0
DA:16,0
DA:17,0
DA:19,0
DA:20,0
DA:21,0
DA:24,0
DA:25,0
DA:28,0
DA:29,0
DA:30,0
DA:33,0
DA:36,0
DA:38,0
DA:42,0
DA:47,0
DA:67,0
LF:22
LH:0
BRDA:19,0,0,0
BRDA:21,1,0,0
BRDA:28,2,0,0
BRDA:29,3,0,0
BRDA:33,4,0,0
BRDA:33,4,1,0
BRDA:43,5,0,0
BRDA:43,5,1,0
BRDA:50,6,0,0
BRDA:50,6,1,0
BRF:10
BRH:0
end_of_record
TN:
SF:src\features\product-search\DataControls\SearchBar.tsx
FN:11,(anonymous_6)
FN:14,(anonymous_7)
FN:18,(anonymous_8)
FN:19,(anonymous_9)
FN:22,(anonymous_10)
FN:25,(anonymous_11)
FN:29,(anonymous_12)
FNF:7
FNH:0
FNDA:0,(anonymous_6)
FNDA:0,(anonymous_7)
FNDA:0,(anonymous_8)
FNDA:0,(anonymous_9)
FNDA:0,(anonymous_10)
FNDA:0,(anonymous_11)
FNDA:0,(anonymous_12)
DA:2,0
DA:3,0
DA:11,0
DA:12,0
DA:14,0
DA:15,0
DA:18,0
DA:19,0
DA:20,0
DA:22,0
DA:25,0
DA:26,0
DA:29,0
DA:30,0
DA:31,0
DA:34,0
DA:58,0
LF:17
LH:0
BRDA:11,0,0,0
BRDA:46,1,0,0
BRDA:46,1,1,0
BRF:3
BRH:0
end_of_record
TN:
SF:src\features\product-search\DataControls\SortingFields.tsx
FN:19,(anonymous_1)
FN:23,(anonymous_2)
FN:27,(anonymous_3)
FNF:3
FNH:0
FNDA:0,(anonymous_1)
FNDA:0,(anonymous_2)
FNDA:0,(anonymous_3)
DA:1,0
DA:9,0
DA:19,0
DA:20,0
DA:24,0
DA:27,0
DA:45,0
LF:7
LH:0
BRDA:30,0,0,0
BRDA:30,0,1,0
BRF:2
BRH:0
end_of_record
TN:
SF:src\features\product-sort\SortingFields.tsx
FN:19,(anonymous_1)
FN:23,(anonymous_2)
FN:27,(anonymous_3)
FNF:3
FNH:0
FNDA:0,(anonymous_1)
FNDA:0,(anonymous_2)
FNDA:0,(anonymous_3)
DA:2,0
DA:9,0
DA:19,0
DA:20,0
DA:24,0
DA:27,0
DA:45,0
LF:7
LH:0
BRDA:30,0,0,0
BRDA:30,0,1,0
BRF:2
BRH:0
end_of_record
TN:
SF:src\pages\MessagePage\Message.async.tsx
FN:3,(anonymous_6)
FN:3,(anonymous_7)
FNF:2
FNH:0
FNDA:0,(anonymous_6)
FNDA:0,(anonymous_7)
DA:1,0
DA:3,0
LF:2
LH:0
BRF:0
BRH:0
end_of_record
TN:
SF:src\pages\MessagePage\MessagePage.tsx
FN:4,(anonymous_1)
FNF:1
FNH:0
FNDA:0,(anonymous_1)
DA:1,0
DA:4,0
DA:5,0
DA:12,0
LF:4
LH:0
BRF:0
BRH:0
end_of_record
TN:
SF:src\pages\adminPage\Admin.async.tsx
FN:3,(anonymous_6)
FN:3,(anonymous_7)
FNF:2
FNH:0
FNDA:0,(anonymous_6)
FNDA:0,(anonymous_7)
DA:1,0
DA:3,0
LF:2
LH:0
BRF:0
BRH:0
end_of_record
TN:
SF:src\pages\adminPage\Admin.tsx
FN:3,(anonymous_1)
FNF:1
FNH:0
FNDA:0,(anonymous_1)
DA:1,0
DA:3,0
DA:4,0
DA:11,0
LF:4
LH:0
BRF:0
BRH:0
end_of_record
TN:
SF:src\pages\discount\Discounted\DiscountedItems.tsx
FN:8,(anonymous_1)
FN:19,(anonymous_2)
FN:30,(anonymous_3)
FN:46,(anonymous_4)
FN:51,(anonymous_5)
FN:52,(anonymous_6)
FN:71,(anonymous_7)
FN:80,(anonymous_8)
FN:88,(anonymous_9)
FN:130,(anonymous_10)
FNF:10
FNH:0
FNDA:0,(anonymous_1)
FNDA:0,(anonymous_2)
FNDA:0,(anonymous_3)
FNDA:0,(anonymous_4)
FNDA:0,(anonymous_5)
FNDA:0,(anonymous_6)
FNDA:0,(anonymous_7)
FNDA:0,(anonymous_8)
FNDA:0,(anonymous_9)
FNDA:0,(anonymous_10)
DA:1,0
DA:2,0
DA:3,0
DA:4,0
DA:5,0
DA:6,0
DA:8,0
DA:9,0
DA:10,0
DA:11,0
DA:12,0
DA:19,0
DA:20,0
DA:21,0
DA:23,0
DA:25,0
DA:26,0
DA:30,0
DA:31,0
DA:32,0
DA:33,0
DA:35,0
DA:36,0
DA:37,0
DA:39,0
DA:46,0
DA:47,0
DA:48,0
DA:51,0
DA:52,0
DA:53,0
DA:55,0
DA:56,0
DA:58,0
DA:60,0
DA:61,0
DA:62,0
DA:64,0
DA:71,0
DA:72,0
DA:75,0
DA:76,0
DA:77,0
DA:80,0
DA:81,0
DA:82,0
DA:88,0
DA:89,0
DA:91,0
DA:92,0
DA:93,0
DA:96,0
DA:131,0
DA:132,0
DA:205,0
LF:55
LH:0
BRDA:21,0,0,0
BRDA:36,1,0,0
BRDA:53,2,0,0
BRDA:56,3,0,0
BRDA:61,4,0,0
BRDA:62,5,0,0
BRDA:75,6,0,0
BRDA:91,7,0,0
BRDA:91,8,0,0
BRDA:91,8,1,0
BRDA:92,9,0,0
BRDA:149,10,0,0
BRDA:149,10,1,0
BRDA:190,11,0,0
BRDA:190,11,1,0
BRDA:194,12,0,0
BRDA:194,12,1,0
BRF:17
BRH:0
end_of_record
TN:
SF:src\pages\discount\Discounted\DiscountedProducts.tsx
FN:11,(anonymous_7)
FN:34,(anonymous_8)
FN:35,(anonymous_9)
FN:38,(anonymous_10)
FN:39,(anonymous_11)
FN:59,(anonymous_12)
FN:124,(anonymous_13)
FN:127,(anonymous_14)
FNF:8
FNH:0
FNDA:0,(anonymous_7)
FNDA:0,(anonymous_8)
FNDA:0,(anonymous_9)
FNDA:0,(anonymous_10)
FNDA:0,(anonymous_11)
FNDA:0,(anonymous_12)
FNDA:0,(anonymous_13)
FNDA:0,(anonymous_14)
DA:1,0
DA:2,0
DA:3,0
DA:4,0
DA:5,0
DA:6,0
DA:8,0
DA:11,0
DA:12,0
DA:13,0
DA:15,0
DA:16,0
DA:17,0
DA:20,0
DA:21,0
DA:31,0
DA:32,0
DA:34,0
DA:35,0
DA:38,0
DA:39,0
DA:42,0
DA:43,0
DA:45,0
DA:60,0
DA:125,0
DA:127,0
DA:140,0
LF:28
LH:0
BRDA:15,0,0,0
BRDA:15,1,0,0
BRDA:15,1,1,0
BRDA:16,2,0,0
BRDA:20,3,0,0
BRDA:130,4,0,0
BRDA:130,4,1,0
BRF:7
BRH:0
end_of_record
TN:
SF:src\pages\mainPage\MainPage.tsx
FN:9,(anonymous_1)
FN:10,(anonymous_2)
FN:11,(anonymous_3)
FN:14,(anonymous_4)
FNF:4
FNH:0
FNDA:0,(anonymous_1)
FNDA:0,(anonymous_2)
FNDA:0,(anonymous_3)
FNDA:0,(anonymous_4)
DA:1,0
DA:2,0
DA:3,0
DA:4,0
DA:5,0
DA:9,0
DA:10,0
DA:11,0
DA:14,0
DA:15,0
DA:18,0
DA:23,0
DA:24,0
DA:25,0
DA:26,0
DA:29,0
DA:32,0
LF:17
LH:0
BRDA:10,0,0,0
BRDA:10,0,1,0
BRDA:11,1,0,0
BRDA:11,1,1,0
BRDA:15,2,0,0
BRDA:15,3,0,0
BRDA:15,3,1,0
BRDA:23,4,0,0
BRDA:23,4,1,0
BRDA:25,5,0,0
BRF:10
BRH:0
end_of_record
TN:
SF:src\pages\userPage\User.async.tsx
FN:3,(anonymous_6)
FN:3,(anonymous_7)
FNF:2
FNH:0
FNDA:0,(anonymous_6)
FNDA:0,(anonymous_7)
DA:1,0
DA:3,0
LF:2
LH:0
BRF:0
BRH:0
end_of_record
TN:
SF:src\pages\userPage\User.tsx
FN:3,(anonymous_1)
FNF:1
FNH:0
FNDA:0,(anonymous_1)
DA:1,0
DA:3,0
DA:4,0
DA:11,0
LF:4
LH:0
BRF:0
BRH:0
end_of_record
TN:
SF:src\shared\api\adminApi.ts
FN:11,(anonymous_0)
FN:19,(anonymous_1)
FN:21,(anonymous_2)
FN:24,(anonymous_3)
FN:31,(anonymous_4)
FN:37,(anonymous_5)
FNF:6
FNH:1
FNDA:0,(anonymous_0)
FNDA:3,(anonymous_1)
FNDA:0,(anonymous_2)
FNDA:0,(anonymous_3)
FNDA:0,(anonymous_4)
FNDA:0,(anonymous_5)
DA:1,3
DA:7,3
DA:12,0
DA:13,0
DA:14,0
DA:16,0
DA:19,3
DA:21,0
DA:24,0
DA:31,0
DA:37,0
DA:46,3
LF:12
LH:4
BRDA:13,0,0,0
BRF:1
BRH:0
end_of_record
TN:
SF:src\shared\api\apiBrand.ts
FN:11,(anonymous_0)
FN:20,(anonymous_1)
FN:22,(anonymous_2)
FN:25,(anonymous_3)
FNF:4
FNH:1
FNDA:0,(anonymous_0)
FNDA:3,(anonymous_1)
FNDA:0,(anonymous_2)
FNDA:0,(anonymous_3)
DA:3,3
DA:7,3
DA:12,0
DA:13,0
DA:14,0
DA:16,0
DA:17,0
DA:20,3
DA:22,0
DA:25,0
DA:35,3
LF:11
LH:4
BRDA:13,0,0,0
BRF:1
BRH:0
end_of_record
TN:
SF:src\shared\api\apiCart.ts
FN:13,(anonymous_0)
FN:21,(anonymous_1)
FN:23,(anonymous_2)
FN:31,(anonymous_3)
FN:38,(anonymous_4)
FNF:5
FNH:1
FNDA:0,(anonymous_0)
FNDA:3,(anonymous_1)
FNDA:0,(anonymous_2)
FNDA:0,(anonymous_3)
FNDA:0,(anonymous_4)
DA:1,3
DA:8,3
DA:14,0
DA:15,0
DA:16,0
DA:18,0
DA:21,3
DA:23,0
DA:31,0
DA:38,0
DA:45,3
DA:50,3
LF:12
LH:5
BRDA:15,0,0,0
BRF:1
BRH:0
end_of_record
TN:
SF:src\shared\api\apiCategory.ts
FN:9,(anonymous_0)
FN:18,(anonymous_1)
FN:20,(anonymous_2)
FN:23,(anonymous_3)
FN:30,(anonymous_4)
FN:37,(anonymous_5)
FNF:6
FNH:1
FNDA:0,(anonymous_0)
FNDA:3,(anonymous_1)
FNDA:0,(anonymous_2)
FNDA:0,(anonymous_3)
FNDA:0,(anonymous_4)
FNDA:0,(anonymous_5)
DA:1,3
DA:5,3
DA:10,0
DA:11,0
DA:12,0
DA:14,0
DA:15,0
DA:18,3
DA:20,0
DA:23,0
DA:30,0
DA:37,0
DA:46,3
LF:13
LH:4
BRDA:11,0,0,0
BRF:1
BRH:0
end_of_record
TN:
SF:src\shared\api\apiMessage.ts
FN:10,(anonymous_0)
FN:19,(anonymous_1)
FN:21,(anonymous_2)
FN:28,(anonymous_3)
FNF:4
FNH:1
FNDA:0,(anonymous_0)
FNDA:3,(anonymous_1)
FNDA:0,(anonymous_2)
FNDA:0,(anonymous_3)
DA:1,3
DA:6,3
DA:11,0
DA:12,0
DA:13,0
DA:15,0
DA:16,0
DA:19,3
DA:21,0
DA:28,0
DA:33,3
LF:11
LH:4
BRDA:12,0,0,0
BRF:1
BRH:0
end_of_record
TN:
SF:src\shared\api\apiSlider.ts
FN:11,(anonymous_0)
FN:20,(anonymous_1)
FN:22,(anonymous_2)
FN:25,(anonymous_3)
FNF:4
FNH:1
FNDA:0,(anonymous_0)
FNDA:3,(anonymous_1)
FNDA:0,(anonymous_2)
FNDA:0,(anonymous_3)
DA:3,3
DA:7,3
DA:12,0
DA:13,0
DA:14,0
DA:16,0
DA:17,0
DA:20,3
DA:22,0
DA:25,0
DA:35,3
LF:11
LH:4
BRDA:13,0,0,0
BRF:1
BRH:0
end_of_record
TN:
SF:src\shared\api\paymentsApi.ts
FN:15,(anonymous_0)
FN:17,(anonymous_1)
FN:20,(anonymous_2)
FNF:3
FNH:1
FNDA:3,(anonymous_0)
FNDA:0,(anonymous_1)
FNDA:0,(anonymous_2)
DA:1,3
DA:11,3
DA:15,3
DA:17,0
DA:20,0
DA:29,3
LF:6
LH:4
BRF:0
BRH:0
end_of_record
TN:
SF:src\shared\api\reviewApi.ts
FN:28,(anonymous_0)
FN:37,(anonymous_1)
FN:39,(anonymous_2)
FN:47,(anonymous_3)
FNF:4
FNH:1
FNDA:0,(anonymous_0)
FNDA:3,(anonymous_1)
FNDA:0,(anonymous_2)
FNDA:0,(anonymous_3)
DA:1,3
DA:24,3
DA:29,0
DA:30,0
DA:31,0
DA:33,0
DA:37,3
DA:39,0
DA:47,0
DA:53,3
LF:10
LH:4
BRDA:30,0,0,0
BRF:1
BRH:0
end_of_record
TN:
SF:src\shared\api\userApi.ts
FN:9,(anonymous_0)
FN:18,(anonymous_1)
FN:20,(anonymous_2)
FN:26,(anonymous_3)
FN:32,(anonymous_4)
FN:38,(anonymous_5)
FNF:6
FNH:1
FNDA:0,(anonymous_0)
FNDA:3,(anonymous_1)
FNDA:0,(anonymous_2)
FNDA:0,(anonymous_3)
FNDA:0,(anonymous_4)
FNDA:0,(anonymous_5)
DA:1,3
DA:5,3
DA:10,0
DA:11,0
DA:12,0
DA:14,0
DA:18,3
DA:20,0
DA:26,0
DA:32,0
DA:38,0
DA:46,3
LF:12
LH:4
BRDA:11,0,0,0
BRF:1
BRH:0
end_of_record
TN:
SF:src\shared\api\auth\authActions.ts
FN:11,(anonymous_1)
FN:20,(anonymous_2)
FN:33,(anonymous_3)
FN:48,(anonymous_4)
FN:61,(anonymous_5)
FN:76,(anonymous_6)
FNF:6
FNH:1
FNDA:0,(anonymous_1)
FNDA:1,(anonymous_2)
FNDA:0,(anonymous_3)
FNDA:0,(anonymous_4)
FNDA:0,(anonymous_5)
FNDA:0,(anonymous_6)
DA:1,3
DA:2,3
DA:3,3
DA:9,3
DA:12,0
DA:13,0
DA:18,3
DA:21,1
DA:22,1
DA:27,0
DA:31,3
DA:34,0
DA:35,0
DA:36,0
DA:37,0
DA:39,0
DA:46,3
DA:49,0
DA:50,0
DA:55,0
DA:59,3
DA:62,0
DA:63,0
DA:68,0
DA:74,3
DA:77,0
DA:78,0
DA:83,0
LF:28
LH:11
BRF:0
BRH:0
end_of_record
TN:
SF:src\shared\api\auth\authSlice.ts
FN:26,(anonymous_0)
FN:29,(anonymous_1)
FN:32,(anonymous_2)
FN:35,(anonymous_3)
FN:38,(anonymous_4)
FN:41,(anonymous_5)
FN:43,(anonymous_6)
FN:50,(anonymous_7)
FN:52,(anonymous_8)
FN:56,(anonymous_9)
FN:61,(anonymous_10)
FN:64,(anonymous_11)
FN:68,(anonymous_12)
FN:79,(anonymous_13)
FN:82,(anonymous_14)
FN:86,(anonymous_15)
FN:95,(anonymous_16)
FN:99,(anonymous_17)
FN:103,(anonymous_18)
FN:110,(anonymous_19)
FN:114,(anonymous_20)
FN:118,(anonymous_21)
FN:125,(anonymous_22)
FN:129,(anonymous_23)
FN:133,(anonymous_24)
FN:147,(anonymous_25)
FNF:26
FNH:2
FNDA:0,(anonymous_0)
FNDA:0,(anonymous_1)
FNDA:0,(anonymous_2)
FNDA:0,(anonymous_3)
FNDA:0,(anonymous_4)
FNDA:0,(anonymous_5)
FNDA:0,(anonymous_6)
FNDA:3,(anonymous_7)
FNDA:0,(anonymous_8)
FNDA:0,(anonymous_9)
FNDA:0,(anonymous_10)
FNDA:1,(anonymous_11)
FNDA:0,(anonymous_12)
FNDA:0,(anonymous_13)
FNDA:0,(anonymous_14)
FNDA:0,(anonymous_15)
FNDA:0,(anonymous_16)
FNDA:0,(anonymous_17)
FNDA:0,(anonymous_18)
FNDA:0,(anonymous_19)
FNDA:0,(anonymous_20)
FNDA:0,(anonymous_21)
FNDA:0,(anonymous_22)
FNDA:0,(anonymous_23)
FNDA:0,(anonymous_24)
FNDA:0,(anonymous_25)
DA:1,3
DA:2,3
DA:8,3
DA:9,3
DA:10,3
DA:13,3
DA:27,0
DA:30,0
DA:33,0
DA:36,0
DA:39,0
DA:42,0
DA:43,0
DA:44,0
DA:45,0
DA:51,3
DA:53,0
DA:54,0
DA:57,0
DA:58,0
DA:62,0
DA:65,1
DA:66,1
DA:69,0
DA:70,0
DA:71,0
DA:72,0
DA:73,0
DA:74,0
DA:75,0
DA:76,0
DA:80,0
DA:83,0
DA:84,0
DA:87,0
DA:88,0
DA:89,0
DA:90,0
DA:91,0
DA:92,0
DA:93,0
DA:96,0
DA:100,0
DA:101,0
DA:104,0
DA:105,0
DA:106,0
DA:107,0
DA:111,0
DA:112,0
DA:115,0
DA:116,0
DA:119,0
DA:120,0
DA:121,0
DA:122,0
DA:126,0
DA:127,0
DA:130,0
DA:131,0
DA:134,0
DA:135,0
DA:136,0
DA:137,0
DA:138,0
DA:140,0
DA:141,0
DA:142,0
DA:143,0
DA:144,0
DA:148,0
DA:149,0
DA:155,3
DA:156,3
LF:74
LH:11
BRDA:10,0,0,3
BRDA:10,0,1,3
BRDA:19,1,0,3
BRDA:19,1,1,3
BRDA:22,2,0,3
BRDA:22,2,1,3
BRDA:44,3,0,0
BRF:7
BRH:6
end_of_record
TN:
SF:src\shared\hooks\useCountdown.tsx
FN:3,(anonymous_0)
FN:11,(anonymous_1)
FN:20,(anonymous_2)
FN:26,(anonymous_3)
FN:27,(anonymous_4)
FN:31,(anonymous_5)
FNF:6
FNH:0
FNDA:0,(anonymous_0)
FNDA:0,(anonymous_1)
FNDA:0,(anonymous_2)
FNDA:0,(anonymous_3)
FNDA:0,(anonymous_4)
FNDA:0,(anonymous_5)
DA:1,0
DA:3,0
DA:4,0
DA:5,0
DA:6,0
DA:9,0
DA:11,0
DA:12,0
DA:13,0
DA:14,0
DA:15,0
DA:17,0
DA:20,0
DA:21,0
DA:22,0
DA:24,0
DA:26,0
DA:27,0
DA:28,0
DA:31,0
DA:34,0
DA:37,0
LF:22
LH:0
BRF:0
BRH:0
end_of_record
TN:
SF:src\shared\hooks\useLocalStorage.ts
FN:9,useLocalStorage
FN:10,(anonymous_1)
FN:28,(anonymous_2)
FN:47,(anonymous_3)
FNF:4
FNH:0
FNDA:0,useLocalStorage
FNDA:0,(anonymous_1)
FNDA:0,(anonymous_2)
FNDA:0,(anonymous_3)
DA:6,0
DA:7,0
DA:9,0
DA:10,0
DA:11,0
DA:12,0
DA:13,0
DA:16,0
DA:17,0
DA:18,0
DA:20,0
DA:22,0
DA:23,0
DA:27,0
DA:29,0
DA:30,0
DA:31,0
DA:33,0
DA:34,0
DA:35,0
DA:37,0
DA:41,0
DA:47,0
DA:48,0
DA:49,0
DA:50,0
DA:51,0
DA:54,0
DA:58,0
LF:29
LH:0
BRDA:12,0,0,0
BRDA:17,1,0,0
BRDA:30,2,0,0
BRDA:30,2,1,0
BRDA:33,3,0,0
BRDA:34,4,0,0
BRDA:34,4,1,0
BRDA:50,5,0,0
BRF:8
BRH:0
end_of_record
TN:
SF:src\shared\hooks\useWindowDimensions.tsx
FN:3,useWindowDimensions
FN:18,(anonymous_1)
FN:19,getWindowDimensions
FN:26,handleResize
FN:31,(anonymous_4)
FNF:5
FNH:0
FNDA:0,useWindowDimensions
FNDA:0,(anonymous_1)
FNDA:0,getWindowDimensions
FNDA:0,handleResize
FNDA:0,(anonymous_4)
DA:1,0
DA:3,0
DA:5,0
DA:6,0
DA:7,0
DA:9,0
DA:10,0
DA:13,0
DA:18,0
DA:20,0
DA:21,0
DA:27,0
DA:30,0
DA:31,0
DA:34,0
LF:15
LH:0
BRDA:5,0,0,0
BRDA:5,0,1,0
BRF:2
BRH:0
end_of_record
TN:
SF:src\shared\lib\errorHandler.ts
FN:8,(anonymous_0)
FN:21,(anonymous_1)
FN:51,(anonymous_2)
FN:67,(anonymous_3)
FNF:4
FNH:0
FNDA:0,(anonymous_0)
FNDA:0,(anonymous_1)
FNDA:0,(anonymous_2)
FNDA:0,(anonymous_3)
DA:5,1
DA:7,1
DA:9,0
DA:10,0
DA:11,0
DA:13,0
DA:14,0
DA:21,1
DA:24,0
DA:25,0
DA:26,0
DA:27,0
DA:28,0
DA:29,0
DA:31,0
DA:35,0
DA:41,0
DA:45,0
DA:51,1
DA:55,0
DA:56,0
DA:57,0
DA:59,0
DA:60,0
DA:67,1
DA:71,0
DA:72,0
DA:73,0
DA:75,0
DA:76,0
LF:30
LH:5
BRDA:10,0,0,0
BRDA:24,1,0,0
BRDA:24,1,1,0
BRDA:26,2,0,0
BRDA:26,2,1,0
BRDA:28,3,0,0
BRDA:28,3,1,0
BRDA:36,4,0,0
BRDA:36,4,1,0
BRDA:37,5,0,0
BRDA:37,5,1,0
BRDA:41,6,0,0
BRF:12
BRH:0
end_of_record
TN:
SF:src\shared\lib\logger.ts
FN:15,(anonymous_0)
FN:19,(anonymous_1)
FN:23,(anonymous_2)
FN:34,(anonymous_3)
FN:47,(anonymous_4)
FN:53,(anonymous_5)
FN:59,(anonymous_6)
FN:65,(anonymous_7)
FN:73,(anonymous_8)
FN:79,(anonymous_9)
FN:83,(anonymous_10)
FNF:11
FNH:2
FNDA:2,(anonymous_0)
FNDA:0,(anonymous_1)
FNDA:0,(anonymous_2)
FNDA:0,(anonymous_3)
FNDA:0,(anonymous_4)
FNDA:0,(anonymous_5)
FNDA:0,(anonymous_6)
FNDA:2,(anonymous_7)
FNDA:0,(anonymous_8)
FNDA:0,(anonymous_9)
FNDA:0,(anonymous_10)
DA:16,2
DA:17,2
DA:20,0
DA:24,0
DA:31,0
DA:35,0
DA:42,0
DA:43,0
DA:48,0
DA:49,0
DA:50,0
DA:54,0
DA:55,0
DA:56,0
DA:60,0
DA:61,0
DA:62,0
DA:66,2
DA:67,0
DA:68,0
DA:69,0
DA:74,0
DA:75,0
DA:76,0
DA:80,0
DA:84,0
DA:88,2
LF:27
LH:4
BRDA:42,0,0,0
BRDA:49,1,0,0
BRDA:49,2,0,0
BRDA:49,2,1,0
BRDA:55,3,0,0
BRDA:55,3,1,0
BRDA:61,4,0,0
BRDA:61,4,1,0
BRDA:66,5,0,0
BRDA:68,6,0,0
BRDA:68,6,1,0
BRDA:75,7,0,0
BRDA:75,8,0,0
BRDA:75,8,1,0
BRF:14
BRH:0
end_of_record
TN:
SF:src\shared\lib\utils.ts
FN:1,cn
FNF:1
FNH:1
FNDA:30,cn
DA:1,4
DA:2,30
LF:2
LH:2
BRF:0
BRH:0
end_of_record
TN:
SF:src\shared\ui\index.ts
FN:1,(anonymous_1)
FN:4,(anonymous_2)
FN:7,(anonymous_3)
FN:10,(anonymous_4)
FN:13,(anonymous_5)
FN:16,(anonymous_6)
FN:19,(anonymous_7)
FN:22,(anonymous_8)
FN:25,(anonymous_9)
FN:28,(anonymous_10)
FN:29,(anonymous_11)
FN:30,(anonymous_12)
FNF:12
FNH:5
FNDA:4,(anonymous_1)
FNDA:6,(anonymous_2)
FNDA:4,(anonymous_3)
FNDA:1,(anonymous_4)
FNDA:3,(anonymous_5)
FNDA:0,(anonymous_6)
FNDA:0,(anonymous_7)
FNDA:0,(anonymous_8)
FNDA:0,(anonymous_9)
FNDA:0,(anonymous_10)
FNDA:0,(anonymous_11)
FNDA:0,(anonymous_12)
DA:1,6
DA:4,8
DA:7,6
DA:10,3
DA:13,5
DA:16,2
DA:19,2
DA:22,2
DA:25,2
DA:28,2
DA:29,2
DA:30,2
LF:12
LH:12
BRF:0
BRH:0
end_of_record
TN:
SF:src\shared\ui\Alert\Alert.tsx
FN:12,(anonymous_1)
FNF:1
FNH:0
FNDA:0,(anonymous_1)
DA:1,2
DA:2,2
DA:3,2
DA:12,2
DA:20,0
DA:39,0
DA:41,0
DA:71,2
LF:8
LH:5
BRDA:13,0,0,0
BRDA:53,1,0,0
BRDA:53,1,1,0
BRDA:58,2,0,0
BRDA:58,2,1,0
BRF:5
BRH:0
end_of_record
TN:
SF:src\shared\ui\BackButton\BackButton.tsx
FN:4,(anonymous_0)
FN:9,(anonymous_1)
FNF:2
FNH:0
FNDA:0,(anonymous_0)
FNDA:0,(anonymous_1)
DA:1,2
DA:2,2
DA:4,2
DA:5,0
DA:7,0
DA:9,0
DA:18,2
LF:7
LH:4
BRF:0
BRH:0
end_of_record
TN:
SF:src\shared\ui\Badge\Badge.tsx
FN:10,(anonymous_1)
FNF:1
FNH:1
FNDA:1,(anonymous_1)
DA:1,2
DA:2,2
DA:10,2
DA:17,1
DA:26,1
DA:32,1
DA:47,2
LF:7
LH:7
BRDA:11,0,0,0
BRDA:12,1,0,0
BRF:2
BRH:0
end_of_record
TN:
SF:src\shared\ui\Button\Button.tsx
FN:14,(anonymous_1)
FNF:1
FNH:1
FNDA:10,(anonymous_1)
DA:1,4
DA:2,4
DA:14,4
DA:26,10
DA:28,10
DA:37,10
DA:43,10
DA:90,4
LF:8
LH:8
BRDA:15,0,0,6
BRDA:16,1,0,6
BRDA:17,2,0,9
BRDA:20,3,0,7
BRDA:49,4,0,10
BRDA:49,4,1,3
BRDA:52,5,0,10
BRDA:52,5,1,10
BRDA:55,6,0,0
BRDA:55,6,1,10
BRDA:81,7,0,10
BRDA:81,7,1,1
BRDA:83,8,0,10
BRDA:83,8,1,0
BRF:14
BRH:12
end_of_record
TN:
SF:src\shared\ui\Card\Card.tsx
FN:11,(anonymous_1)
FNF:1
FNH:1
FNDA:4,(anonymous_1)
DA:1,2
DA:2,2
DA:11,2
DA:19,4
DA:25,4
DA:32,4
DA:48,2
LF:7
LH:7
BRDA:12,0,0,0
BRDA:13,1,0,0
BRDA:14,2,0,3
BRDA:38,3,0,4
BRDA:38,3,1,1
BRF:5
BRH:3
end_of_record
TN:
SF:src\shared\ui\Container\Container.tsx
FN:9,(anonymous_1)
FNF:1
FNH:1
FNDA:3,(anonymous_1)
DA:1,2
DA:2,2
DA:9,2
DA:15,3
DA:24,3
DA:38,2
LF:6
LH:6
BRDA:10,0,0,0
BRF:1
BRH:0
end_of_record
TN:
SF:src\shared\ui\ErrorBoundary\ErrorBoundary.tsx
FN:13,(anonymous_1)
FN:18,(anonymous_2)
FN:22,(anonymous_3)
FN:26,(anonymous_4)
FN:37,(anonymous_5)
FNF:5
FNH:0
FNDA:0,(anonymous_1)
FNDA:0,(anonymous_2)
FNDA:0,(anonymous_3)
FNDA:0,(anonymous_4)
FNDA:0,(anonymous_5)
DA:1,0
DA:14,0
DA:15,0
DA:19,0
DA:23,0
DA:27,0
DA:28,0
DA:30,0
DA:31,0
DA:37,0
DA:47,0
DA:51,0
LF:12
LH:0
BRDA:30,0,0,0
BRF:1
BRH:0
end_of_record
TN:
SF:src\shared\ui\IconButton\IconButton.tsx
FN:11,(anonymous_1)
FNF:1
FNH:0
FNDA:0,(anonymous_1)
DA:1,2
DA:2,2
DA:11,2
DA:18,0
DA:25,0
DA:31,0
DA:48,2
LF:7
LH:4
BRDA:12,0,0,0
BRDA:13,1,0,0
BRF:2
BRH:0
end_of_record
TN:
SF:src\shared\ui\Input\Input.tsx
FN:14,(anonymous_1)
FNF:1
FNH:1
FNDA:6,(anonymous_1)
DA:1,2
DA:2,2
DA:13,2
DA:28,6
DA:30,6
DA:79,2
DA:81,2
LF:7
LH:7
BRDA:21,0,0,0
BRDA:28,1,0,6
BRDA:28,1,1,0
BRDA:31,2,0,6
BRDA:31,2,1,6
BRDA:32,3,0,6
BRDA:32,3,1,6
BRDA:41,4,0,6
BRDA:41,4,1,6
BRDA:53,5,0,0
BRDA:53,5,1,6
BRDA:56,6,0,6
BRDA:56,6,1,6
BRDA:57,7,0,6
BRDA:57,7,1,0
BRDA:62,8,0,6
BRDA:62,8,1,0
BRDA:68,9,0,6
BRDA:68,9,1,0
BRDA:71,10,0,6
BRDA:71,10,1,0
BRDA:71,10,2,0
BRF:22
BRH:14
end_of_record
TN:
SF:src\shared\ui\Loading\Loading.tsx
FN:3,(anonymous_1)
FNF:1
FNH:0
FNDA:0,(anonymous_1)
DA:1,2
DA:3,2
DA:4,0
DA:31,2
LF:4
LH:3
BRF:0
BRH:0
end_of_record
TN:
SF:src\shared\ui\Loading\Loading2.tsx
FN:3,(anonymous_1)
FNF:1
FNH:0
FNDA:0,(anonymous_1)
DA:1,0
DA:3,0
DA:4,0
DA:11,0
LF:4
LH:0
BRF:0
BRH:0
end_of_record
TN:
SF:src\shared\ui\Modal\Modal.tsx
FN:15,(anonymous_7)
FN:23,(anonymous_8)
FN:29,(anonymous_9)
FN:59,(anonymous_10)
FNF:4
FNH:0
FNDA:0,(anonymous_7)
FNDA:0,(anonymous_8)
FNDA:0,(anonymous_9)
FNDA:0,(anonymous_10)
DA:1,2
DA:2,2
DA:3,2
DA:4,2
DA:15,2
DA:23,0
DA:24,0
DA:25,0
DA:27,0
DA:29,0
DA:30,0
DA:34,0
DA:36,0
DA:43,0
DA:59,0
DA:84,2
LF:16
LH:6
BRDA:20,0,0,0
BRDA:21,1,0,0
BRDA:24,2,0,0
BRDA:24,2,1,0
BRDA:34,3,0,0
BRDA:61,4,0,0
BRDA:61,4,1,0
BRDA:61,4,2,0
BRDA:63,5,0,0
BRDA:63,5,1,0
BRDA:66,6,0,0
BRDA:66,6,1,0
BRF:12
BRH:0
end_of_record
TN:
SF:src\shared\ui\Scroll\Scrollable.tsx
FN:7,(anonymous_1)
FNF:1
FNH:0
FNDA:0,(anonymous_1)
DA:1,0
DA:7,0
DA:8,0
DA:15,0
LF:4
LH:0
BRF:0
BRH:0
end_of_record
TN:
SF:src\shared\ui\ScrollToTop\ScrollToTop.tsx
FN:4,(anonymous_0)
FN:7,(anonymous_1)
FNF:2
FNH:0
FNDA:0,(anonymous_0)
FNDA:0,(anonymous_1)
DA:1,0
DA:2,0
DA:4,0
DA:5,0
DA:7,0
DA:8,0
DA:9,0
DA:11,0
DA:17,0
LF:9
LH:0
BRDA:8,0,0,0
BRF:1
BRH:0
end_of_record
TN:
SF:src\shared\ui\Select\Select.tsx
FN:18,(anonymous_1)
FN:57,(anonymous_2)
FNF:2
FNH:0
FNDA:0,(anonymous_1)
FNDA:0,(anonymous_2)
DA:1,2
DA:2,2
DA:17,2
DA:31,0
DA:33,0
DA:58,0
DA:74,2
DA:76,2
LF:8
LH:5
BRDA:24,0,0,0
BRDA:31,1,0,0
BRDA:31,1,1,0
BRDA:34,2,0,0
BRDA:34,2,1,0
BRDA:35,3,0,0
BRDA:35,3,1,0
BRDA:50,4,0,0
BRDA:50,4,1,0
BRDA:63,5,0,0
BRDA:63,5,1,0
BRDA:66,6,0,0
BRDA:66,6,1,0
BRDA:66,6,2,0
BRF:14
BRH:0
end_of_record
TN:
SF:src\shared\ui\SuccessNotification\SuccessNotification.tsx
FN:3,(anonymous_0)
FN:7,(anonymous_1)
FN:10,(anonymous_2)
FN:13,(anonymous_3)
FNF:4
FNH:0
FNDA:0,(anonymous_0)
FNDA:0,(anonymous_1)
FNDA:0,(anonymous_2)
FNDA:0,(anonymous_3)
DA:1,0
DA:3,0
DA:4,0
DA:5,0
DA:7,0
DA:8,0
DA:9,0
DA:10,0
DA:11,0
DA:12,0
DA:13,0
DA:17,0
DA:64,0
LF:13
LH:0
BRDA:26,0,0,0
BRDA:26,0,1,0
BRDA:26,0,2,0
BRDA:29,1,0,0
BRDA:29,1,1,0
BRDA:36,2,0,0
BRDA:36,2,1,0
BRF:7
BRH:0
end_of_record
TN:
SF:src\shared\ui\Text\Text.tsx
FN:12,(anonymous_1)
FNF:1
FNH:1
FNDA:2,(anonymous_1)
DA:1,3
DA:12,3
DA:21,2
DA:23,2
DA:25,2
DA:27,0
DA:28,0
DA:30,1
DA:31,1
DA:33,1
DA:34,1
DA:37,0
DA:38,0
DA:41,2
DA:43,0
DA:44,0
DA:46,0
DA:47,0
DA:49,2
DA:50,2
DA:52,0
DA:53,0
DA:55,0
DA:58,2
DA:60,0
DA:61,0
DA:63,0
DA:64,0
DA:67,2
DA:68,2
DA:71,2
DA:73,2
DA:80,3
LF:33
LH:18
BRDA:14,0,0,0
BRDA:16,1,0,2
BRDA:17,2,0,2
BRDA:18,3,0,0
BRDA:23,4,0,0
BRDA:23,4,1,2
BRDA:25,5,0,0
BRDA:25,5,1,1
BRDA:25,5,2,1
BRDA:25,5,3,0
BRDA:25,5,4,0
BRDA:41,6,0,0
BRDA:41,6,1,0
BRDA:41,6,2,2
BRDA:41,6,3,0
BRDA:41,6,4,0
BRDA:58,7,0,0
BRDA:58,7,1,0
BRDA:58,7,2,2
BRDA:58,7,3,2
BRF:20
BRH:8
end_of_record
TN:
SF:src\widgets\Brands\BrandList.tsx
FN:10,(anonymous_1)
FN:20,(anonymous_2)
FNF:2
FNH:0
FNDA:0,(anonymous_1)
FNDA:0,(anonymous_2)
DA:1,0
DA:2,0
DA:4,0
DA:5,0
DA:10,0
DA:11,0
DA:13,0
DA:14,0
DA:16,0
DA:21,0
DA:30,0
LF:11
LH:0
BRDA:11,0,0,0
BRDA:13,1,0,0
BRDA:14,2,0,0
BRF:3
BRH:0
end_of_record
TN:
SF:src\widgets\Poster\HeroSection.tsx
FN:7,(anonymous_1)
FNF:1
FNH:0
FNDA:0,(anonymous_1)
DA:3,0
DA:4,0
DA:7,0
DA:8,0
DA:35,0
LF:5
LH:0
BRF:0
BRH:0
end_of_record
TN:
SF:src\widgets\Poster\Banner\Banners.tsx
FN:7,(anonymous_1)
FN:64,(anonymous_2)
FNF:2
FNH:0
FNDA:0,(anonymous_1)
FNDA:0,(anonymous_2)
DA:3,0
DA:4,0
DA:5,0
DA:7,0
DA:8,0
DA:64,0
DA:86,0
LF:7
LH:0
BRF:0
BRH:0
end_of_record
TN:
SF:src\widgets\Poster\Banner\Poster.tsx
FN:4,(anonymous_1)
FN:21,(anonymous_2)
FNF:2
FNH:0
FNDA:0,(anonymous_1)
FNDA:0,(anonymous_2)
DA:1,0
DA:2,0
DA:4,0
DA:5,0
DA:21,0
DA:40,0
LF:6
LH:0
BRF:0
BRH:0
end_of_record
TN:
SF:src\widgets\Poster\Sidebar\Sidebars.tsx
FN:13,(anonymous_0)
FN:32,(anonymous_1)
FN:36,(anonymous_2)
FN:44,(anonymous_3)
FNF:4
FNH:0
FNDA:0,(anonymous_0)
FNDA:0,(anonymous_1)
FNDA:0,(anonymous_2)
FNDA:0,(anonymous_3)
DA:3,0
DA:4,0
DA:13,0
DA:14,0
DA:23,0
DA:33,0
DA:36,0
DA:44,0
DA:72,0
LF:9
LH:0
BRDA:38,0,0,0
BRDA:38,0,1,0
BRDA:42,1,0,0
BRDA:42,1,1,0
BRDA:44,2,0,0
BRDA:44,2,1,0
BRDA:47,3,0,0
BRDA:47,3,1,0
BRDA:54,4,0,0
BRDA:54,4,1,0
BRF:10
BRH:0
end_of_record
TN:
SF:src\widgets\Sidebar\centeredmenu\CenteredMenu.tsx
FN:10,(anonymous_6)
FN:11,(anonymous_7)
FN:30,(anonymous_8)
FN:43,(anonymous_9)
FN:44,(anonymous_10)
FNF:5
FNH:0
FNDA:0,(anonymous_6)
FNDA:0,(anonymous_7)
FNDA:0,(anonymous_8)
FNDA:0,(anonymous_9)
FNDA:0,(anonymous_10)
DA:1,1
DA:2,1
DA:3,1
DA:4,1
DA:5,1
DA:6,1
DA:7,1
DA:8,1
DA:10,1
DA:11,0
DA:12,0
DA:14,0
DA:17,0
DA:25,0
DA:27,0
DA:31,0
DA:43,0
DA:44,0
DA:69,1
LF:19
LH:10
BRDA:12,0,0,0
BRDA:12,0,1,0
BRDA:14,1,0,0
BRDA:14,1,1,0
BRDA:38,2,0,0
BRDA:38,2,1,0
BRDA:52,3,0,0
BRDA:52,3,1,0
BRDA:57,4,0,0
BRDA:57,4,1,0
BRDA:57,4,2,0
BRF:11
BRH:0
end_of_record
TN:
SF:src\widgets\banners\banner-box\BannerBox.tsx
FN:18,(anonymous_1)
FNF:1
FNH:0
FNDA:0,(anonymous_1)
DA:1,0
DA:3,0
DA:4,0
DA:5,0
DA:18,0
DA:27,0
DA:28,0
DA:29,0
DA:55,0
LF:9
LH:0
BRDA:28,0,0,0
BRDA:28,0,1,0
BRF:2
BRH:0
end_of_record
TN:
SF:src\widgets\carousel\Slider.tsx
FN:7,(anonymous_6)
FN:15,(anonymous_7)
FN:18,(anonymous_8)
FN:19,(anonymous_9)
FN:21,(anonymous_10)
FN:26,(anonymous_11)
FN:29,(anonymous_12)
FN:30,(anonymous_13)
FN:33,(anonymous_14)
FN:36,(anonymous_15)
FN:37,(anonymous_16)
FN:52,(anonymous_17)
FNF:12
FNH:0
FNDA:0,(anonymous_6)
FNDA:0,(anonymous_7)
FNDA:0,(anonymous_8)
FNDA:0,(anonymous_9)
FNDA:0,(anonymous_10)
FNDA:0,(anonymous_11)
FNDA:0,(anonymous_12)
FNDA:0,(anonymous_13)
FNDA:0,(anonymous_14)
FNDA:0,(anonymous_15)
FNDA:0,(anonymous_16)
FNDA:0,(anonymous_17)
DA:1,0
DA:2,0
DA:3,0
DA:4,0
DA:5,0
DA:7,0
DA:8,0
DA:9,0
DA:10,0
DA:11,0
DA:13,0
DA:15,0
DA:16,0
DA:17,0
DA:18,0
DA:19,0
DA:21,0
DA:22,0
DA:26,0
DA:27,0
DA:28,0
DA:29,0
DA:30,0
DA:33,0
DA:34,0
DA:35,0
DA:36,0
DA:37,0
DA:41,0
DA:42,0
DA:44,0
DA:46,0
DA:53,0
DA:136,0
LF:34
LH:0
BRDA:8,0,0,0
BRDA:16,1,0,0
BRDA:17,2,0,0
BRDA:19,3,0,0
BRDA:19,3,1,0
BRDA:22,4,0,0
BRDA:27,5,0,0
BRDA:29,6,0,0
BRDA:29,6,1,0
BRDA:34,7,0,0
BRDA:36,8,0,0
BRDA:36,8,1,0
BRDA:41,9,0,0
BRDA:42,10,0,0
BRDA:42,11,0,0
BRDA:42,11,1,0
BRDA:56,12,0,0
BRDA:56,12,1,0
BRDA:64,13,0,0
BRDA:64,13,1,0
BRDA:54,14,0,0
BRDA:54,14,1,0
BRDA:93,15,0,0
BRDA:93,15,1,0
BRF:24
BRH:0
end_of_record
TN:
SF:src\widgets\footer\Footer\Footer.tsx
FN:4,(anonymous_1)
FNF:1
FNH:0
FNDA:0,(anonymous_1)
DA:1,0
DA:2,0
DA:4,0
DA:5,0
DA:20,0
LF:5
LH:0
BRF:0
BRH:0
end_of_record
TN:
SF:src\widgets\footer\Footer\footerContent\FooterColumns.tsx
FN:4,(anonymous_0)
FN:7,(anonymous_1)
FN:14,(anonymous_2)
FNF:3
FNH:0
FNDA:0,(anonymous_0)
FNDA:0,(anonymous_1)
FNDA:0,(anonymous_2)
DA:1,0
DA:2,0
DA:4,0
DA:5,0
DA:8,0
DA:15,0
DA:31,0
LF:7
LH:0
BRF:0
BRH:0
end_of_record
TN:
SF:src\widgets\footer\Footer\footerContent\SocialPart.tsx
FN:4,(anonymous_0)
FN:10,(anonymous_1)
FN:30,(anonymous_2)
FNF:3
FNH:0
FNDA:0,(anonymous_0)
FNDA:0,(anonymous_1)
FNDA:0,(anonymous_2)
DA:1,0
DA:2,0
DA:4,0
DA:5,0
DA:11,0
DA:31,0
DA:51,0
LF:7
LH:0
BRF:0
BRH:0
end_of_record
TN:
SF:src\widgets\header\Header\Header.tsx
FN:14,(anonymous_7)
FN:16,(anonymous_8)
FN:20,(anonymous_9)
FN:31,(anonymous_10)
FNF:4
FNH:3
FNDA:1,(anonymous_7)
FNDA:2,(anonymous_8)
FNDA:0,(anonymous_9)
FNDA:1,(anonymous_10)
DA:1,1
DA:2,1
DA:3,1
DA:4,1
DA:5,1
DA:6,1
DA:7,1
DA:8,1
DA:9,1
DA:10,1
DA:11,1
DA:14,1
DA:15,1
DA:16,2
DA:17,1
DA:18,1
DA:20,1
DA:21,0
DA:22,0
DA:23,0
DA:24,0
DA:25,0
DA:27,0
DA:31,1
DA:32,1
DA:33,1
DA:34,1
DA:35,1
DA:36,0
DA:37,0
DA:38,0
DA:43,1
DA:44,0
DA:47,1
DA:94,1
LF:35
LH:25
BRDA:33,0,0,1
BRDA:33,0,1,0
BRDA:33,1,0,1
BRDA:33,1,1,1
BRDA:36,2,0,0
BRDA:43,3,0,0
BRDA:62,4,0,1
BRDA:62,4,1,0
BRDA:67,5,0,0
BRDA:67,5,1,1
BRDA:70,6,0,0
BRDA:70,6,1,0
BRF:12
BRH:5
end_of_record
TN:
SF:src\widgets\navigation\Navigation\Navigation.tsx
FN:12,(anonymous_1)
FN:13,(anonymous_2)
FNF:2
FNH:2
FNDA:1,(anonymous_1)
FNDA:1,(anonymous_2)
DA:1,1
DA:2,1
DA:3,1
DA:4,1
DA:5,1
DA:6,1
DA:7,1
DA:8,1
DA:9,1
DA:10,1
DA:12,1
DA:13,1
DA:14,1
DA:15,1
DA:17,1
DA:18,1
DA:20,1
DA:22,1
DA:58,1
DA:60,1
LF:20
LH:20
BRDA:14,0,0,1
BRDA:14,0,1,0
BRDA:17,1,0,1
BRDA:17,1,1,0
BRDA:18,2,0,1
BRDA:18,2,1,0
BRDA:35,3,0,1
BRDA:35,3,1,1
BRDA:41,4,0,1
BRDA:41,4,1,0
BRDA:48,5,0,1
BRDA:48,5,1,1
BRF:12
BRH:8
end_of_record
